[ 2021-04-26T16:57:59+08:00 ] 127.0.0.1 /admin.php
INFO: [ app_init ] --START--
INFO: Run Behavior\BuildLiteBehavior [ RunTime:0.000017s ]
INFO: [ app_init ] --END-- [ RunTime:0.012968s ]
INFO: [ app_begin ] --START--
INFO: Run Behavior\ReadHtmlCacheBehavior [ RunTime:0.012262s ]
INFO: [ app_begin ] --END-- [ RunTime:0.012329s ]
INFO: [ view_parse ] --START--
INFO: [ template_filter ] --START--
INFO: Run Behavior\ContentReplaceBehavior [ RunTime:0.001233s ]
INFO: [ template_filter ] --END-- [ RunTime:0.001301s ]
INFO: Run Behavior\ParseTemplateBehavior [ RunTime:0.081212s ]
INFO: [ view_parse ] --END-- [ RunTime:0.081270s ]
INFO: [ view_filter ] --START--
INFO: Run Behavior\WriteHtmlCacheBehavior [ RunTime:0.014914s ]
INFO: [ view_filter ] --END-- [ RunTime:0.014962s ]
INFO: [ app_end ] --START--
INFO: Run Behavior\ShowPageTraceBehavior [ RunTime:0.001253s ]
INFO: [ app_end ] --END-- [ RunTime:0.001298s ]

[ 2021-04-26T16:58:01+08:00 ] 127.0.0.1 /admin.php/Login/login.html
INFO: [ app_init ] --START--
INFO: Run Behavior\BuildLiteBehavior [ RunTime:0.000015s ]
INFO: [ app_init ] --END-- [ RunTime:0.000700s ]
INFO: [ app_begin ] --START--
INFO: Run Behavior\ReadHtmlCacheBehavior [ RunTime:0.001375s ]
INFO: [ app_begin ] --END-- [ RunTime:0.001460s ]
INFO: [ view_parse ] --START--
INFO: [ template_filter ] --START--
INFO: Run Behavior\ContentReplaceBehavior [ RunTime:0.000084s ]
INFO: [ template_filter ] --END-- [ RunTime:0.000164s ]
INFO: Run Behavior\ParseTemplateBehavior [ RunTime:0.040475s ]
INFO: [ view_parse ] --END-- [ RunTime:0.040572s ]
INFO: [ view_filter ] --START--
INFO: Run Behavior\WriteHtmlCacheBehavior [ RunTime:0.000545s ]
INFO: [ view_filter ] --END-- [ RunTime:0.000579s ]
INFO: [ app_end ] --START--
INFO: Run Behavior\ShowPageTraceBehavior [ RunTime:0.000738s ]
INFO: [ app_end ] --END-- [ RunTime:0.000779s ]

[ 2021-04-26T16:58:01+08:00 ] 127.0.0.1 /admin.php/Login/verify/id/a_login_1.html
INFO: [ app_init ] --START--
INFO: Run Behavior\BuildLiteBehavior [ RunTime:0.000014s ]
INFO: [ app_init ] --END-- [ RunTime:0.000683s ]
INFO: [ app_begin ] --START--
INFO: Run Behavior\ReadHtmlCacheBehavior [ RunTime:0.000840s ]
INFO: [ app_begin ] --END-- [ RunTime:0.000898s ]
INFO: [ app_end ] --START--
INFO: Run Behavior\ShowPageTraceBehavior [ RunTime:0.004065s ]
INFO: [ app_end ] --END-- [ RunTime:0.004186s ]

[ 2021-04-26T16:58:11+08:00 ] 127.0.0.1 /admin.php/Login/toLogin
INFO: [ app_init ] --START--
INFO: Run Behavior\BuildLiteBehavior [ RunTime:0.000013s ]
INFO: [ app_init ] --END-- [ RunTime:0.000711s ]
INFO: [ app_begin ] --START--
INFO: Run Behavior\ReadHtmlCacheBehavior [ RunTime:0.000755s ]
INFO: [ app_begin ] --END-- [ RunTime:0.000804s ]
SQL: SHOW COLUMNS FROM `user` [ RunTime:0.0417s ]
SQL: SELECT * FROM `user` WHERE `name` = 'garden' AND `password` = 'e10adc3949ba59abbe56e057f20f883e' AND `is_delete` = 0 LIMIT 1   [ RunTime:0.0163s ]
SQL: SHOW COLUMNS FROM `garden` [ RunTime:0.0009s ]
SQL: SELECT * FROM `garden` WHERE `garden_id` = 1 LIMIT 1   [ RunTime:0.0015s ]

[ 2021-04-26T16:58:15+08:00 ] 127.0.0.1 /admin.php/Index/index.html
INFO: [ app_init ] --START--
INFO: Run Behavior\BuildLiteBehavior [ RunTime:0.000013s ]
INFO: [ app_init ] --END-- [ RunTime:0.000649s ]
INFO: [ app_begin ] --START--
INFO: Run Behavior\ReadHtmlCacheBehavior [ RunTime:0.000698s ]
INFO: [ app_begin ] --END-- [ RunTime:0.000747s ]
SQL: SHOW COLUMNS FROM `garden` [ RunTime:0.0013s ]
SQL: SELECT * FROM `garden` WHERE `garden_id` = 1 AND `is_delete` = 0 LIMIT 1   [ RunTime:0.0057s ]
INFO: [ view_parse ] --START--
INFO: [ template_filter ] --START--
INFO: Run Behavior\ContentReplaceBehavior [ RunTime:0.000068s ]
INFO: [ template_filter ] --END-- [ RunTime:0.000115s ]
INFO: Run Behavior\ParseTemplateBehavior [ RunTime:0.024654s ]
INFO: [ view_parse ] --END-- [ RunTime:0.024720s ]
INFO: [ view_filter ] --START--
INFO: Run Behavior\WriteHtmlCacheBehavior [ RunTime:0.000500s ]
INFO: [ view_filter ] --END-- [ RunTime:0.000533s ]
INFO: [ app_end ] --START--
INFO: Run Behavior\ShowPageTraceBehavior [ RunTime:0.000673s ]
INFO: [ app_end ] --END-- [ RunTime:0.000707s ]

[ 2021-04-26T16:58:15+08:00 ] 127.0.0.1 /admin.php/Index/welcome.html
INFO: [ app_init ] --START--
INFO: Run Behavior\BuildLiteBehavior [ RunTime:0.000020s ]
INFO: [ app_init ] --END-- [ RunTime:0.001944s ]
INFO: [ app_begin ] --START--
INFO: Run Behavior\ReadHtmlCacheBehavior [ RunTime:0.001288s ]
INFO: [ app_begin ] --END-- [ RunTime:0.001407s ]
SQL: SHOW COLUMNS FROM `room` [ RunTime:0.0027s ]
SQL: SELECT COUNT(*) AS tp_count FROM `room` WHERE `is_delete` = 0 AND `manager_id` = 1 LIMIT 1   [ RunTime:0.0257s ]
SQL: SELECT COUNT(*) AS tp_count FROM `room` WHERE `is_delete` = 0 AND `manager_id` = 1 AND `room_status` = 1 LIMIT 1   [ RunTime:0.0006s ]
SQL: SELECT VERSION() as ver; [ RunTime:0.0341s ]
INFO: [ view_parse ] --START--
INFO: [ template_filter ] --START--
INFO: Run Behavior\ContentReplaceBehavior [ RunTime:0.000115s ]
INFO: [ template_filter ] --END-- [ RunTime:0.000165s ]
NOTIC: [8] Undefined variable: data D:\phpstudy_pro\WWW\poms\Application\Runtime\Cache\Manage\1e288adad12e0bfd37a0b3a2cdaf852e.php 第 93 行.
NOTIC: [8] Undefined variable: data D:\phpstudy_pro\WWW\poms\Application\Runtime\Cache\Manage\1e288adad12e0bfd37a0b3a2cdaf852e.php 第 100 行.
NOTIC: [8] Undefined variable: data D:\phpstudy_pro\WWW\poms\Application\Runtime\Cache\Manage\1e288adad12e0bfd37a0b3a2cdaf852e.php 第 118 行.
INFO: Run Behavior\ParseTemplateBehavior [ RunTime:0.025248s ]
INFO: [ view_parse ] --END-- [ RunTime:0.025320s ]
INFO: [ view_filter ] --START--
INFO: Run Behavior\WriteHtmlCacheBehavior [ RunTime:0.000467s ]
INFO: [ view_filter ] --END-- [ RunTime:0.000500s ]
INFO: [ app_end ] --START--
INFO: Run Behavior\ShowPageTraceBehavior [ RunTime:0.000634s ]
INFO: [ app_end ] --END-- [ RunTime:0.000669s ]

[ 2021-04-26T16:58:15+08:00 ] 127.0.0.1 /admin.php/Index/welcomeList
INFO: [ app_init ] --START--
INFO: Run Behavior\BuildLiteBehavior [ RunTime:0.000014s ]
INFO: [ app_init ] --END-- [ RunTime:0.000718s ]
INFO: [ app_begin ] --START--
INFO: Run Behavior\ReadHtmlCacheBehavior [ RunTime:0.000673s ]
INFO: [ app_begin ] --END-- [ RunTime:0.000720s ]
SQL: SHOW COLUMNS FROM `bill` [ RunTime:0.0041s ]
SQL: SELECT * FROM `bill` WHERE `is_delete` = 0 AND `manager_id` = 1 AND `bill_type` = 1  [ RunTime:0.0024s ]
SQL: SELECT * FROM `bill` WHERE `is_delete` = 0 AND `manager_id` = 1 AND `bill_type` = 3  [ RunTime:0.0010s ]
SQL: SELECT * FROM `bill` WHERE `is_delete` = 0 AND `manager_id` = 1 AND `bill_type` = 2  [ RunTime:0.0003s ]
SQL: SELECT * FROM `bill` WHERE `is_delete` = 0 AND `manager_id` = 1 AND `pay_status` = 1 AND `bill_type` = 1  [ RunTime:0.0003s ]
SQL: SELECT * FROM `bill` WHERE `is_delete` = 0 AND `manager_id` = 1 AND `pay_status` = 1 AND `bill_type` = 3  [ RunTime:0.0003s ]
SQL: SELECT * FROM `bill` WHERE `is_delete` = 0 AND `manager_id` = 1 AND `pay_status` = 1 AND `bill_type` = 2  [ RunTime:0.0003s ]
INFO: [ app_end ] --START--
INFO: Run Behavior\ShowPageTraceBehavior [ RunTime:0.001050s ]
INFO: [ app_end ] --END-- [ RunTime:0.001103s ]

[ 2021-04-26T16:58:26+08:00 ] 127.0.0.1 /admin.php/Index/welcomeList
INFO: [ app_init ] --START--
INFO: Run Behavior\BuildLiteBehavior [ RunTime:0.000011s ]
INFO: [ app_init ] --END-- [ RunTime:0.000621s ]
INFO: [ app_begin ] --START--
INFO: Run Behavior\ReadHtmlCacheBehavior [ RunTime:0.000669s ]
INFO: [ app_begin ] --END-- [ RunTime:0.000711s ]
SQL: SHOW COLUMNS FROM `bill` [ RunTime:0.0017s ]
SQL: SELECT * FROM `bill` WHERE `is_delete` = 0 AND `manager_id` = 1 AND `last_time` >= 1617206400 AND `time` <= 1619798399 AND `bill_type` = 1  [ RunTime:0.0005s ]
SQL: SELECT * FROM `bill` WHERE `is_delete` = 0 AND `manager_id` = 1 AND `last_time` >= 1617206400 AND `time` <= 1619798399 AND `bill_type` = 3  [ RunTime:0.0004s ]
SQL: SELECT * FROM `bill` WHERE `is_delete` = 0 AND `manager_id` = 1 AND `last_time` >= 1617206400 AND `time` <= 1619798399 AND `bill_type` = 2  [ RunTime:0.0004s ]
SQL: SELECT * FROM `bill` WHERE `is_delete` = 0 AND `manager_id` = 1 AND `pay_status` = 1 AND `last_time` >= 1617206400 AND `time` <= 1619798399 AND `bill_type` = 1  [ RunTime:0.0004s ]
SQL: SELECT * FROM `bill` WHERE `is_delete` = 0 AND `manager_id` = 1 AND `pay_status` = 1 AND `last_time` >= 1617206400 AND `time` <= 1619798399 AND `bill_type` = 3  [ RunTime:0.0004s ]
SQL: SELECT * FROM `bill` WHERE `is_delete` = 0 AND `manager_id` = 1 AND `pay_status` = 1 AND `last_time` >= 1617206400 AND `time` <= 1619798399 AND `bill_type` = 2  [ RunTime:0.0004s ]
INFO: [ app_end ] --START--
INFO: Run Behavior\ShowPageTraceBehavior [ RunTime:0.000875s ]
INFO: [ app_end ] --END-- [ RunTime:0.000911s ]

[ 2021-04-26T16:58:29+08:00 ] 127.0.0.1 /admin.php/Index/welcomeList
INFO: [ app_init ] --START--
INFO: Run Behavior\BuildLiteBehavior [ RunTime:0.000012s ]
INFO: [ app_init ] --END-- [ RunTime:0.000644s ]
INFO: [ app_begin ] --START--
INFO: Run Behavior\ReadHtmlCacheBehavior [ RunTime:0.001824s ]
INFO: [ app_begin ] --END-- [ RunTime:0.001893s ]
SQL: SHOW COLUMNS FROM `bill` [ RunTime:0.0007s ]
SQL: SELECT * FROM `bill` WHERE `is_delete` = 0 AND `manager_id` = 1 AND `last_time` >= 1609430400 AND `time` <= 1640880000 AND `bill_type` = 1  [ RunTime:0.0006s ]
SQL: SELECT * FROM `bill` WHERE `is_delete` = 0 AND `manager_id` = 1 AND `last_time` >= 1609430400 AND `time` <= 1640880000 AND `bill_type` = 3  [ RunTime:0.0003s ]
SQL: SELECT * FROM `bill` WHERE `is_delete` = 0 AND `manager_id` = 1 AND `last_time` >= 1609430400 AND `time` <= 1640880000 AND `bill_type` = 2  [ RunTime:0.0003s ]
SQL: SELECT * FROM `bill` WHERE `is_delete` = 0 AND `manager_id` = 1 AND `pay_status` = 1 AND `last_time` >= 1609430400 AND `time` <= 1640880000 AND `bill_type` = 1  [ RunTime:0.0003s ]
SQL: SELECT * FROM `bill` WHERE `is_delete` = 0 AND `manager_id` = 1 AND `pay_status` = 1 AND `last_time` >= 1609430400 AND `time` <= 1640880000 AND `bill_type` = 3  [ RunTime:0.0003s ]
SQL: SELECT * FROM `bill` WHERE `is_delete` = 0 AND `manager_id` = 1 AND `pay_status` = 1 AND `last_time` >= 1609430400 AND `time` <= 1640880000 AND `bill_type` = 2  [ RunTime:0.0003s ]
INFO: [ app_end ] --START--
INFO: Run Behavior\ShowPageTraceBehavior [ RunTime:0.000775s ]
INFO: [ app_end ] --END-- [ RunTime:0.000819s ]

[ 2021-04-26T16:58:31+08:00 ] 127.0.0.1 /admin.php/Index/welcomeList
INFO: [ app_init ] --START--
INFO: Run Behavior\BuildLiteBehavior [ RunTime:0.000017s ]
INFO: [ app_init ] --END-- [ RunTime:0.000642s ]
INFO: [ app_begin ] --START--
INFO: Run Behavior\ReadHtmlCacheBehavior [ RunTime:0.001157s ]
INFO: [ app_begin ] --END-- [ RunTime:0.001300s ]
SQL: SHOW COLUMNS FROM `bill` [ RunTime:0.0008s ]
SQL: SELECT * FROM `bill` WHERE `is_delete` = 0 AND `manager_id` = 1 AND `bill_type` = 1  [ RunTime:0.0006s ]
SQL: SELECT * FROM `bill` WHERE `is_delete` = 0 AND `manager_id` = 1 AND `bill_type` = 3  [ RunTime:0.0004s ]
SQL: SELECT * FROM `bill` WHERE `is_delete` = 0 AND `manager_id` = 1 AND `bill_type` = 2  [ RunTime:0.0003s ]
SQL: SELECT * FROM `bill` WHERE `is_delete` = 0 AND `manager_id` = 1 AND `pay_status` = 1 AND `bill_type` = 1  [ RunTime:0.0003s ]
SQL: SELECT * FROM `bill` WHERE `is_delete` = 0 AND `manager_id` = 1 AND `pay_status` = 1 AND `bill_type` = 3  [ RunTime:0.0003s ]
SQL: SELECT * FROM `bill` WHERE `is_delete` = 0 AND `manager_id` = 1 AND `pay_status` = 1 AND `bill_type` = 2  [ RunTime:0.0003s ]
INFO: [ app_end ] --START--
INFO: Run Behavior\ShowPageTraceBehavior [ RunTime:0.000810s ]
INFO: [ app_end ] --END-- [ RunTime:0.000847s ]

[ 2021-04-26T16:58:32+08:00 ] 127.0.0.1 /admin.php/Index/welcomeList
INFO: [ app_init ] --START--
INFO: Run Behavior\BuildLiteBehavior [ RunTime:0.000013s ]
INFO: [ app_init ] --END-- [ RunTime:0.000759s ]
INFO: [ app_begin ] --START--
INFO: Run Behavior\ReadHtmlCacheBehavior [ RunTime:0.000728s ]
INFO: [ app_begin ] --END-- [ RunTime:0.000779s ]
SQL: SHOW COLUMNS FROM `bill` [ RunTime:0.0009s ]
SQL: SELECT * FROM `bill` WHERE `is_delete` = 0 AND `manager_id` = 1 AND `last_time` >= 1609430400 AND `time` <= 1640880000 AND `bill_type` = 1  [ RunTime:0.0013s ]
SQL: SELECT * FROM `bill` WHERE `is_delete` = 0 AND `manager_id` = 1 AND `last_time` >= 1609430400 AND `time` <= 1640880000 AND `bill_type` = 3  [ RunTime:0.0005s ]
SQL: SELECT * FROM `bill` WHERE `is_delete` = 0 AND `manager_id` = 1 AND `last_time` >= 1609430400 AND `time` <= 1640880000 AND `bill_type` = 2  [ RunTime:0.0003s ]
SQL: SELECT * FROM `bill` WHERE `is_delete` = 0 AND `manager_id` = 1 AND `pay_status` = 1 AND `last_time` >= 1609430400 AND `time` <= 1640880000 AND `bill_type` = 1  [ RunTime:0.0010s ]
SQL: SELECT * FROM `bill` WHERE `is_delete` = 0 AND `manager_id` = 1 AND `pay_status` = 1 AND `last_time` >= 1609430400 AND `time` <= 1640880000 AND `bill_type` = 3  [ RunTime:0.0011s ]
SQL: SELECT * FROM `bill` WHERE `is_delete` = 0 AND `manager_id` = 1 AND `pay_status` = 1 AND `last_time` >= 1609430400 AND `time` <= 1640880000 AND `bill_type` = 2  [ RunTime:0.0004s ]
INFO: [ app_end ] --START--
INFO: Run Behavior\ShowPageTraceBehavior [ RunTime:0.000932s ]
INFO: [ app_end ] --END-- [ RunTime:0.000975s ]

[ 2021-04-26T16:58:33+08:00 ] 127.0.0.1 /admin.php/Index/welcomeList
INFO: [ app_init ] --START--
INFO: Run Behavior\BuildLiteBehavior [ RunTime:0.000013s ]
INFO: [ app_init ] --END-- [ RunTime:0.000654s ]
INFO: [ app_begin ] --START--
INFO: Run Behavior\ReadHtmlCacheBehavior [ RunTime:0.000739s ]
INFO: [ app_begin ] --END-- [ RunTime:0.000795s ]
SQL: SHOW COLUMNS FROM `bill` [ RunTime:0.0007s ]
SQL: SELECT * FROM `bill` WHERE `is_delete` = 0 AND `manager_id` = 1 AND `last_time` >= 1617206400 AND `time` <= 1619798399 AND `bill_type` = 1  [ RunTime:0.0008s ]
SQL: SELECT * FROM `bill` WHERE `is_delete` = 0 AND `manager_id` = 1 AND `last_time` >= 1617206400 AND `time` <= 1619798399 AND `bill_type` = 3  [ RunTime:0.0010s ]
SQL: SELECT * FROM `bill` WHERE `is_delete` = 0 AND `manager_id` = 1 AND `last_time` >= 1617206400 AND `time` <= 1619798399 AND `bill_type` = 2  [ RunTime:0.0010s ]
SQL: SELECT * FROM `bill` WHERE `is_delete` = 0 AND `manager_id` = 1 AND `pay_status` = 1 AND `last_time` >= 1617206400 AND `time` <= 1619798399 AND `bill_type` = 1  [ RunTime:0.0003s ]
SQL: SELECT * FROM `bill` WHERE `is_delete` = 0 AND `manager_id` = 1 AND `pay_status` = 1 AND `last_time` >= 1617206400 AND `time` <= 1619798399 AND `bill_type` = 3  [ RunTime:0.0003s ]
SQL: SELECT * FROM `bill` WHERE `is_delete` = 0 AND `manager_id` = 1 AND `pay_status` = 1 AND `last_time` >= 1617206400 AND `time` <= 1619798399 AND `bill_type` = 2  [ RunTime:0.0003s ]
INFO: [ app_end ] --START--
INFO: Run Behavior\ShowPageTraceBehavior [ RunTime:0.001141s ]
INFO: [ app_end ] --END-- [ RunTime:0.001214s ]

[ 2021-04-26T16:58:36+08:00 ] 127.0.0.1 /admin.php/Index/welcomeList
INFO: [ app_init ] --START--
INFO: Run Behavior\BuildLiteBehavior [ RunTime:0.000028s ]
INFO: [ app_init ] --END-- [ RunTime:0.000748s ]
INFO: [ app_begin ] --START--
INFO: Run Behavior\ReadHtmlCacheBehavior [ RunTime:0.000739s ]
INFO: [ app_begin ] --END-- [ RunTime:0.000786s ]
SQL: SHOW COLUMNS FROM `bill` [ RunTime:0.0008s ]
SQL: SELECT * FROM `bill` WHERE `is_delete` = 0 AND `manager_id` = 1 AND `last_time` >= 1617206400 AND `time` <= 1619712000 AND `bill_type` = 1  [ RunTime:0.0009s ]
SQL: SELECT * FROM `bill` WHERE `is_delete` = 0 AND `manager_id` = 1 AND `last_time` >= 1617206400 AND `time` <= 1619712000 AND `bill_type` = 3  [ RunTime:0.0004s ]
SQL: SELECT * FROM `bill` WHERE `is_delete` = 0 AND `manager_id` = 1 AND `last_time` >= 1617206400 AND `time` <= 1619712000 AND `bill_type` = 2  [ RunTime:0.0004s ]
SQL: SELECT * FROM `bill` WHERE `is_delete` = 0 AND `manager_id` = 1 AND `pay_status` = 1 AND `last_time` >= 1617206400 AND `time` <= 1619712000 AND `bill_type` = 1  [ RunTime:0.0003s ]
SQL: SELECT * FROM `bill` WHERE `is_delete` = 0 AND `manager_id` = 1 AND `pay_status` = 1 AND `last_time` >= 1617206400 AND `time` <= 1619712000 AND `bill_type` = 3  [ RunTime:0.0002s ]
SQL: SELECT * FROM `bill` WHERE `is_delete` = 0 AND `manager_id` = 1 AND `pay_status` = 1 AND `last_time` >= 1617206400 AND `time` <= 1619712000 AND `bill_type` = 2  [ RunTime:0.0002s ]
INFO: [ app_end ] --START--
INFO: Run Behavior\ShowPageTraceBehavior [ RunTime:0.000835s ]
INFO: [ app_end ] --END-- [ RunTime:0.000872s ]

[ 2021-04-26T16:58:38+08:00 ] 127.0.0.1 /admin.php/Index/welcomeList
INFO: [ app_init ] --START--
INFO: Run Behavior\BuildLiteBehavior [ RunTime:0.000011s ]
INFO: [ app_init ] --END-- [ RunTime:0.000676s ]
INFO: [ app_begin ] --START--
INFO: Run Behavior\ReadHtmlCacheBehavior [ RunTime:0.000686s ]
INFO: [ app_begin ] --END-- [ RunTime:0.000727s ]
SQL: SHOW COLUMNS FROM `bill` [ RunTime:0.0008s ]
SQL: SELECT * FROM `bill` WHERE `is_delete` = 0 AND `manager_id` = 1 AND `last_time` >= 1617206400 AND `time` <= 1619712000 AND `bill_type` = 1  [ RunTime:0.0005s ]
SQL: SELECT * FROM `bill` WHERE `is_delete` = 0 AND `manager_id` = 1 AND `last_time` >= 1617206400 AND `time` <= 1619712000 AND `bill_type` = 3  [ RunTime:0.0003s ]
SQL: SELECT * FROM `bill` WHERE `is_delete` = 0 AND `manager_id` = 1 AND `last_time` >= 1617206400 AND `time` <= 1619712000 AND `bill_type` = 2  [ RunTime:0.0003s ]
SQL: SELECT * FROM `bill` WHERE `is_delete` = 0 AND `manager_id` = 1 AND `pay_status` = 1 AND `last_time` >= 1617206400 AND `time` <= 1619712000 AND `bill_type` = 1  [ RunTime:0.0003s ]
SQL: SELECT * FROM `bill` WHERE `is_delete` = 0 AND `manager_id` = 1 AND `pay_status` = 1 AND `last_time` >= 1617206400 AND `time` <= 1619712000 AND `bill_type` = 3  [ RunTime:0.0003s ]
SQL: SELECT * FROM `bill` WHERE `is_delete` = 0 AND `manager_id` = 1 AND `pay_status` = 1 AND `last_time` >= 1617206400 AND `time` <= 1619712000 AND `bill_type` = 2  [ RunTime:0.0003s ]
INFO: [ app_end ] --START--
INFO: Run Behavior\ShowPageTraceBehavior [ RunTime:0.000836s ]
INFO: [ app_end ] --END-- [ RunTime:0.000874s ]

[ 2021-04-26T16:58:39+08:00 ] 127.0.0.1 /admin.php/Index/welcomeList
INFO: [ app_init ] --START--
INFO: Run Behavior\BuildLiteBehavior [ RunTime:0.000013s ]
INFO: [ app_init ] --END-- [ RunTime:0.000725s ]
INFO: [ app_begin ] --START--
INFO: Run Behavior\ReadHtmlCacheBehavior [ RunTime:0.000748s ]
INFO: [ app_begin ] --END-- [ RunTime:0.000800s ]
SQL: SHOW COLUMNS FROM `bill` [ RunTime:0.0009s ]
SQL: SELECT * FROM `bill` WHERE `is_delete` = 0 AND `manager_id` = 1 AND `last_time` >= 1617206400 AND `time` <= 1619798399 AND `bill_type` = 1  [ RunTime:0.0004s ]
SQL: SELECT * FROM `bill` WHERE `is_delete` = 0 AND `manager_id` = 1 AND `last_time` >= 1617206400 AND `time` <= 1619798399 AND `bill_type` = 3  [ RunTime:0.0003s ]
SQL: SELECT * FROM `bill` WHERE `is_delete` = 0 AND `manager_id` = 1 AND `last_time` >= 1617206400 AND `time` <= 1619798399 AND `bill_type` = 2  [ RunTime:0.0002s ]
SQL: SELECT * FROM `bill` WHERE `is_delete` = 0 AND `manager_id` = 1 AND `pay_status` = 1 AND `last_time` >= 1617206400 AND `time` <= 1619798399 AND `bill_type` = 1  [ RunTime:0.0003s ]
SQL: SELECT * FROM `bill` WHERE `is_delete` = 0 AND `manager_id` = 1 AND `pay_status` = 1 AND `last_time` >= 1617206400 AND `time` <= 1619798399 AND `bill_type` = 3  [ RunTime:0.0004s ]
SQL: SELECT * FROM `bill` WHERE `is_delete` = 0 AND `manager_id` = 1 AND `pay_status` = 1 AND `last_time` >= 1617206400 AND `time` <= 1619798399 AND `bill_type` = 2  [ RunTime:0.0004s ]
INFO: [ app_end ] --START--
INFO: Run Behavior\ShowPageTraceBehavior [ RunTime:0.001107s ]
INFO: [ app_end ] --END-- [ RunTime:0.001159s ]

[ 2021-04-26T16:58:39+08:00 ] 127.0.0.1 /admin.php/Index/welcomeList
INFO: [ app_init ] --START--
INFO: Run Behavior\BuildLiteBehavior [ RunTime:0.000016s ]
INFO: [ app_init ] --END-- [ RunTime:0.000655s ]
INFO: [ app_begin ] --START--
INFO: Run Behavior\ReadHtmlCacheBehavior [ RunTime:0.000758s ]
INFO: [ app_begin ] --END-- [ RunTime:0.000820s ]
SQL: SHOW COLUMNS FROM `bill` [ RunTime:0.0009s ]
SQL: SELECT * FROM `bill` WHERE `is_delete` = 0 AND `manager_id` = 1 AND `bill_type` = 1  [ RunTime:0.0006s ]
SQL: SELECT * FROM `bill` WHERE `is_delete` = 0 AND `manager_id` = 1 AND `bill_type` = 3  [ RunTime:0.0003s ]
SQL: SELECT * FROM `bill` WHERE `is_delete` = 0 AND `manager_id` = 1 AND `bill_type` = 2  [ RunTime:0.0007s ]
SQL: SELECT * FROM `bill` WHERE `is_delete` = 0 AND `manager_id` = 1 AND `pay_status` = 1 AND `bill_type` = 1  [ RunTime:0.0003s ]
SQL: SELECT * FROM `bill` WHERE `is_delete` = 0 AND `manager_id` = 1 AND `pay_status` = 1 AND `bill_type` = 3  [ RunTime:0.0003s ]
SQL: SELECT * FROM `bill` WHERE `is_delete` = 0 AND `manager_id` = 1 AND `pay_status` = 1 AND `bill_type` = 2  [ RunTime:0.0004s ]
INFO: [ app_end ] --START--
INFO: Run Behavior\ShowPageTraceBehavior [ RunTime:0.000919s ]
INFO: [ app_end ] --END-- [ RunTime:0.000966s ]

[ 2021-04-26T16:58:46+08:00 ] 127.0.0.1 /admin.php/Index/welcomeList
INFO: [ app_init ] --START--
INFO: Run Behavior\BuildLiteBehavior [ RunTime:0.000011s ]
INFO: [ app_init ] --END-- [ RunTime:0.000607s ]
INFO: [ app_begin ] --START--
INFO: Run Behavior\ReadHtmlCacheBehavior [ RunTime:0.000794s ]
INFO: [ app_begin ] --END-- [ RunTime:0.000838s ]
SQL: SHOW COLUMNS FROM `bill` [ RunTime:0.0008s ]
SQL: SELECT * FROM `bill` WHERE `is_delete` = 0 AND `manager_id` = 1 AND `last_time` >= 1614528000 AND `time` <= 1617120000 AND `bill_type` = 1  [ RunTime:0.0006s ]
SQL: SELECT * FROM `bill` WHERE `is_delete` = 0 AND `manager_id` = 1 AND `last_time` >= 1614528000 AND `time` <= 1617120000 AND `bill_type` = 3  [ RunTime:0.0003s ]
SQL: SELECT * FROM `bill` WHERE `is_delete` = 0 AND `manager_id` = 1 AND `last_time` >= 1614528000 AND `time` <= 1617120000 AND `bill_type` = 2  [ RunTime:0.0003s ]
SQL: SELECT * FROM `bill` WHERE `is_delete` = 0 AND `manager_id` = 1 AND `pay_status` = 1 AND `last_time` >= 1614528000 AND `time` <= 1617120000 AND `bill_type` = 1  [ RunTime:0.0002s ]
SQL: SELECT * FROM `bill` WHERE `is_delete` = 0 AND `manager_id` = 1 AND `pay_status` = 1 AND `last_time` >= 1614528000 AND `time` <= 1617120000 AND `bill_type` = 3  [ RunTime:0.0002s ]
SQL: SELECT * FROM `bill` WHERE `is_delete` = 0 AND `manager_id` = 1 AND `pay_status` = 1 AND `last_time` >= 1614528000 AND `time` <= 1617120000 AND `bill_type` = 2  [ RunTime:0.0002s ]
INFO: [ app_end ] --START--
INFO: Run Behavior\ShowPageTraceBehavior [ RunTime:0.000840s ]
INFO: [ app_end ] --END-- [ RunTime:0.000872s ]

[ 2021-04-26T16:58:47+08:00 ] 127.0.0.1 /admin.php/Index/welcomeList
INFO: [ app_init ] --START--
INFO: Run Behavior\BuildLiteBehavior [ RunTime:0.000014s ]
INFO: [ app_init ] --END-- [ RunTime:0.000719s ]
INFO: [ app_begin ] --START--
INFO: Run Behavior\ReadHtmlCacheBehavior [ RunTime:0.000752s ]
INFO: [ app_begin ] --END-- [ RunTime:0.000805s ]
SQL: SHOW COLUMNS FROM `bill` [ RunTime:0.0008s ]
SQL: SELECT * FROM `bill` WHERE `is_delete` = 0 AND `manager_id` = 1 AND `last_time` >= 1617206400 AND `time` <= 1619798399 AND `bill_type` = 1  [ RunTime:0.0005s ]
SQL: SELECT * FROM `bill` WHERE `is_delete` = 0 AND `manager_id` = 1 AND `last_time` >= 1617206400 AND `time` <= 1619798399 AND `bill_type` = 3  [ RunTime:0.0003s ]
SQL: SELECT * FROM `bill` WHERE `is_delete` = 0 AND `manager_id` = 1 AND `last_time` >= 1617206400 AND `time` <= 1619798399 AND `bill_type` = 2  [ RunTime:0.0003s ]
SQL: SELECT * FROM `bill` WHERE `is_delete` = 0 AND `manager_id` = 1 AND `pay_status` = 1 AND `last_time` >= 1617206400 AND `time` <= 1619798399 AND `bill_type` = 1  [ RunTime:0.0003s ]
SQL: SELECT * FROM `bill` WHERE `is_delete` = 0 AND `manager_id` = 1 AND `pay_status` = 1 AND `last_time` >= 1617206400 AND `time` <= 1619798399 AND `bill_type` = 3  [ RunTime:0.0005s ]
SQL: SELECT * FROM `bill` WHERE `is_delete` = 0 AND `manager_id` = 1 AND `pay_status` = 1 AND `last_time` >= 1617206400 AND `time` <= 1619798399 AND `bill_type` = 2  [ RunTime:0.0003s ]
INFO: [ app_end ] --START--
INFO: Run Behavior\ShowPageTraceBehavior [ RunTime:0.000916s ]
INFO: [ app_end ] --END-- [ RunTime:0.000957s ]

[ 2021-04-26T16:58:48+08:00 ] 127.0.0.1 /admin.php/Index/welcomeList
INFO: [ app_init ] --START--
INFO: Run Behavior\BuildLiteBehavior [ RunTime:0.000015s ]
INFO: [ app_init ] --END-- [ RunTime:0.000934s ]
INFO: [ app_begin ] --START--
INFO: Run Behavior\ReadHtmlCacheBehavior [ RunTime:0.000745s ]
INFO: [ app_begin ] --END-- [ RunTime:0.000794s ]
SQL: SHOW COLUMNS FROM `bill` [ RunTime:0.0011s ]
SQL: SELECT * FROM `bill` WHERE `is_delete` = 0 AND `manager_id` = 1 AND `bill_type` = 1  [ RunTime:0.0006s ]
SQL: SELECT * FROM `bill` WHERE `is_delete` = 0 AND `manager_id` = 1 AND `bill_type` = 3  [ RunTime:0.0003s ]
SQL: SELECT * FROM `bill` WHERE `is_delete` = 0 AND `manager_id` = 1 AND `bill_type` = 2  [ RunTime:0.0003s ]
SQL: SELECT * FROM `bill` WHERE `is_delete` = 0 AND `manager_id` = 1 AND `pay_status` = 1 AND `bill_type` = 1  [ RunTime:0.0003s ]
SQL: SELECT * FROM `bill` WHERE `is_delete` = 0 AND `manager_id` = 1 AND `pay_status` = 1 AND `bill_type` = 3  [ RunTime:0.0003s ]
SQL: SELECT * FROM `bill` WHERE `is_delete` = 0 AND `manager_id` = 1 AND `pay_status` = 1 AND `bill_type` = 2  [ RunTime:0.0003s ]
INFO: [ app_end ] --START--
INFO: Run Behavior\ShowPageTraceBehavior [ RunTime:0.000878s ]
INFO: [ app_end ] --END-- [ RunTime:0.000916s ]

[ 2021-04-26T16:59:11+08:00 ] 127.0.0.1 /admin.php/Index/welcomeList
INFO: [ app_init ] --START--
INFO: Run Behavior\BuildLiteBehavior [ RunTime:0.000044s ]
INFO: [ app_init ] --END-- [ RunTime:0.000795s ]
INFO: [ app_begin ] --START--
INFO: Run Behavior\ReadHtmlCacheBehavior [ RunTime:0.001128s ]
INFO: [ app_begin ] --END-- [ RunTime:0.001198s ]
SQL: SHOW COLUMNS FROM `bill` [ RunTime:0.0009s ]
SQL: SELECT * FROM `bill` WHERE `is_delete` = 0 AND `manager_id` = 1 AND `bill_type` = 1  [ RunTime:0.0007s ]
SQL: SELECT * FROM `bill` WHERE `is_delete` = 0 AND `manager_id` = 1 AND `bill_type` = 3  [ RunTime:0.0003s ]
SQL: SELECT * FROM `bill` WHERE `is_delete` = 0 AND `manager_id` = 1 AND `bill_type` = 2  [ RunTime:0.0003s ]
SQL: SELECT * FROM `bill` WHERE `is_delete` = 0 AND `manager_id` = 1 AND `pay_status` = 1 AND `bill_type` = 1  [ RunTime:0.0003s ]
SQL: SELECT * FROM `bill` WHERE `is_delete` = 0 AND `manager_id` = 1 AND `pay_status` = 1 AND `bill_type` = 3  [ RunTime:0.0002s ]
SQL: SELECT * FROM `bill` WHERE `is_delete` = 0 AND `manager_id` = 1 AND `pay_status` = 1 AND `bill_type` = 2  [ RunTime:0.0002s ]
INFO: [ app_end ] --START--
INFO: Run Behavior\ShowPageTraceBehavior [ RunTime:0.000932s ]
INFO: [ app_end ] --END-- [ RunTime:0.000976s ]

[ 2021-04-26T16:59:13+08:00 ] 127.0.0.1 /admin.php/Index/welcomeList
INFO: [ app_init ] --START--
INFO: Run Behavior\BuildLiteBehavior [ RunTime:0.000013s ]
INFO: [ app_init ] --END-- [ RunTime:0.000700s ]
INFO: [ app_begin ] --START--
INFO: Run Behavior\ReadHtmlCacheBehavior [ RunTime:0.000961s ]
INFO: [ app_begin ] --END-- [ RunTime:0.001032s ]
SQL: SHOW COLUMNS FROM `bill` [ RunTime:0.0007s ]
SQL: SELECT * FROM `bill` WHERE `is_delete` = 0 AND `manager_id` = 1 AND `last_time` >= 1617206400 AND `time` <= 1619798399 AND `bill_type` = 1  [ RunTime:0.0004s ]
SQL: SELECT * FROM `bill` WHERE `is_delete` = 0 AND `manager_id` = 1 AND `last_time` >= 1617206400 AND `time` <= 1619798399 AND `bill_type` = 3  [ RunTime:0.0003s ]
SQL: SELECT * FROM `bill` WHERE `is_delete` = 0 AND `manager_id` = 1 AND `last_time` >= 1617206400 AND `time` <= 1619798399 AND `bill_type` = 2  [ RunTime:0.0002s ]
SQL: SELECT * FROM `bill` WHERE `is_delete` = 0 AND `manager_id` = 1 AND `pay_status` = 1 AND `last_time` >= 1617206400 AND `time` <= 1619798399 AND `bill_type` = 1  [ RunTime:0.0004s ]
SQL: SELECT * FROM `bill` WHERE `is_delete` = 0 AND `manager_id` = 1 AND `pay_status` = 1 AND `last_time` >= 1617206400 AND `time` <= 1619798399 AND `bill_type` = 3  [ RunTime:0.0007s ]
SQL: SELECT * FROM `bill` WHERE `is_delete` = 0 AND `manager_id` = 1 AND `pay_status` = 1 AND `last_time` >= 1617206400 AND `time` <= 1619798399 AND `bill_type` = 2  [ RunTime:0.0003s ]
INFO: [ app_end ] --START--
INFO: Run Behavior\ShowPageTraceBehavior [ RunTime:0.001202s ]
INFO: [ app_end ] --END-- [ RunTime:0.001252s ]

[ 2021-04-26T16:59:15+08:00 ] 127.0.0.1 /admin.php/Index/welcomeList
INFO: [ app_init ] --START--
INFO: Run Behavior\BuildLiteBehavior [ RunTime:0.000015s ]
INFO: [ app_init ] --END-- [ RunTime:0.000837s ]
INFO: [ app_begin ] --START--
INFO: Run Behavior\ReadHtmlCacheBehavior [ RunTime:0.001260s ]
INFO: [ app_begin ] --END-- [ RunTime:0.001570s ]
SQL: SHOW COLUMNS FROM `bill` [ RunTime:0.0011s ]
SQL: SELECT * FROM `bill` WHERE `is_delete` = 0 AND `manager_id` = 1 AND `last_time` >= 1609430400 AND `time` <= 1640880000 AND `bill_type` = 1  [ RunTime:0.0008s ]
SQL: SELECT * FROM `bill` WHERE `is_delete` = 0 AND `manager_id` = 1 AND `last_time` >= 1609430400 AND `time` <= 1640880000 AND `bill_type` = 3  [ RunTime:0.0005s ]
SQL: SELECT * FROM `bill` WHERE `is_delete` = 0 AND `manager_id` = 1 AND `last_time` >= 1609430400 AND `time` <= 1640880000 AND `bill_type` = 2  [ RunTime:0.0003s ]
SQL: SELECT * FROM `bill` WHERE `is_delete` = 0 AND `manager_id` = 1 AND `pay_status` = 1 AND `last_time` >= 1609430400 AND `time` <= 1640880000 AND `bill_type` = 1  [ RunTime:0.0003s ]
SQL: SELECT * FROM `bill` WHERE `is_delete` = 0 AND `manager_id` = 1 AND `pay_status` = 1 AND `last_time` >= 1609430400 AND `time` <= 1640880000 AND `bill_type` = 3  [ RunTime:0.0003s ]
SQL: SELECT * FROM `bill` WHERE `is_delete` = 0 AND `manager_id` = 1 AND `pay_status` = 1 AND `last_time` >= 1609430400 AND `time` <= 1640880000 AND `bill_type` = 2  [ RunTime:0.0003s ]
INFO: [ app_end ] --START--
INFO: Run Behavior\ShowPageTraceBehavior [ RunTime:0.000819s ]
INFO: [ app_end ] --END-- [ RunTime:0.000858s ]

[ 2021-04-26T16:59:17+08:00 ] 127.0.0.1 /admin.php/Index/welcomeList
INFO: [ app_init ] --START--
INFO: Run Behavior\BuildLiteBehavior [ RunTime:0.000012s ]
INFO: [ app_init ] --END-- [ RunTime:0.000611s ]
INFO: [ app_begin ] --START--
INFO: Run Behavior\ReadHtmlCacheBehavior [ RunTime:0.000822s ]
INFO: [ app_begin ] --END-- [ RunTime:0.000876s ]
SQL: SHOW COLUMNS FROM `bill` [ RunTime:0.0010s ]
SQL: SELECT * FROM `bill` WHERE `is_delete` = 0 AND `manager_id` = 1 AND `last_time` >= 1609430400 AND `time` <= 1640880000 AND `bill_type` = 1  [ RunTime:0.0006s ]
SQL: SELECT * FROM `bill` WHERE `is_delete` = 0 AND `manager_id` = 1 AND `last_time` >= 1609430400 AND `time` <= 1640880000 AND `bill_type` = 3  [ RunTime:0.0004s ]
SQL: SELECT * FROM `bill` WHERE `is_delete` = 0 AND `manager_id` = 1 AND `last_time` >= 1609430400 AND `time` <= 1640880000 AND `bill_type` = 2  [ RunTime:0.0004s ]
SQL: SELECT * FROM `bill` WHERE `is_delete` = 0 AND `manager_id` = 1 AND `pay_status` = 1 AND `last_time` >= 1609430400 AND `time` <= 1640880000 AND `bill_type` = 1  [ RunTime:0.0008s ]
SQL: SELECT * FROM `bill` WHERE `is_delete` = 0 AND `manager_id` = 1 AND `pay_status` = 1 AND `last_time` >= 1609430400 AND `time` <= 1640880000 AND `bill_type` = 3  [ RunTime:0.0013s ]
SQL: SELECT * FROM `bill` WHERE `is_delete` = 0 AND `manager_id` = 1 AND `pay_status` = 1 AND `last_time` >= 1609430400 AND `time` <= 1640880000 AND `bill_type` = 2  [ RunTime:0.0006s ]
INFO: [ app_end ] --START--
INFO: Run Behavior\ShowPageTraceBehavior [ RunTime:0.001338s ]
INFO: [ app_end ] --END-- [ RunTime:0.001408s ]

[ 2021-04-26T16:59:19+08:00 ] 127.0.0.1 /admin.php/Index/welcomeList
INFO: [ app_init ] --START--
INFO: Run Behavior\BuildLiteBehavior [ RunTime:0.000015s ]
INFO: [ app_init ] --END-- [ RunTime:0.000840s ]
INFO: [ app_begin ] --START--
INFO: Run Behavior\ReadHtmlCacheBehavior [ RunTime:0.000760s ]
INFO: [ app_begin ] --END-- [ RunTime:0.000816s ]
SQL: SHOW COLUMNS FROM `bill` [ RunTime:0.0007s ]
SQL: SELECT * FROM `bill` WHERE `is_delete` = 0 AND `manager_id` = 1 AND `last_time` >= 1609430400 AND `time` <= 1640880000 AND `bill_type` = 1  [ RunTime:0.0004s ]
SQL: SELECT * FROM `bill` WHERE `is_delete` = 0 AND `manager_id` = 1 AND `last_time` >= 1609430400 AND `time` <= 1640880000 AND `bill_type` = 3  [ RunTime:0.0003s ]
SQL: SELECT * FROM `bill` WHERE `is_delete` = 0 AND `manager_id` = 1 AND `last_time` >= 1609430400 AND `time` <= 1640880000 AND `bill_type` = 2  [ RunTime:0.0003s ]
SQL: SELECT * FROM `bill` WHERE `is_delete` = 0 AND `manager_id` = 1 AND `pay_status` = 1 AND `last_time` >= 1609430400 AND `time` <= 1640880000 AND `bill_type` = 1  [ RunTime:0.0002s ]
SQL: SELECT * FROM `bill` WHERE `is_delete` = 0 AND `manager_id` = 1 AND `pay_status` = 1 AND `last_time` >= 1609430400 AND `time` <= 1640880000 AND `bill_type` = 3  [ RunTime:0.0002s ]
SQL: SELECT * FROM `bill` WHERE `is_delete` = 0 AND `manager_id` = 1 AND `pay_status` = 1 AND `last_time` >= 1609430400 AND `time` <= 1640880000 AND `bill_type` = 2  [ RunTime:0.0003s ]
INFO: [ app_end ] --START--
INFO: Run Behavior\ShowPageTraceBehavior [ RunTime:0.000785s ]
INFO: [ app_end ] --END-- [ RunTime:0.000820s ]

[ 2021-04-26T16:59:26+08:00 ] 127.0.0.1 /admin.php/Index/welcomeList
INFO: [ app_init ] --START--
INFO: Run Behavior\BuildLiteBehavior [ RunTime:0.000014s ]
INFO: [ app_init ] --END-- [ RunTime:0.000847s ]
INFO: [ app_begin ] --START--
INFO: Run Behavior\ReadHtmlCacheBehavior [ RunTime:0.001286s ]
INFO: [ app_begin ] --END-- [ RunTime:0.001379s ]
SQL: SHOW COLUMNS FROM `bill` [ RunTime:0.0007s ]
SQL: SELECT * FROM `bill` WHERE `is_delete` = 0 AND `manager_id` = 1 AND `last_time` >= 1614528000 AND `time` <= 1617120000 AND `bill_type` = 1  [ RunTime:0.0005s ]
SQL: SELECT * FROM `bill` WHERE `is_delete` = 0 AND `manager_id` = 1 AND `last_time` >= 1614528000 AND `time` <= 1617120000 AND `bill_type` = 3  [ RunTime:0.0003s ]
SQL: SELECT * FROM `bill` WHERE `is_delete` = 0 AND `manager_id` = 1 AND `last_time` >= 1614528000 AND `time` <= 1617120000 AND `bill_type` = 2  [ RunTime:0.0003s ]
SQL: SELECT * FROM `bill` WHERE `is_delete` = 0 AND `manager_id` = 1 AND `pay_status` = 1 AND `last_time` >= 1614528000 AND `time` <= 1617120000 AND `bill_type` = 1  [ RunTime:0.0002s ]
SQL: SELECT * FROM `bill` WHERE `is_delete` = 0 AND `manager_id` = 1 AND `pay_status` = 1 AND `last_time` >= 1614528000 AND `time` <= 1617120000 AND `bill_type` = 3  [ RunTime:0.0002s ]
SQL: SELECT * FROM `bill` WHERE `is_delete` = 0 AND `manager_id` = 1 AND `pay_status` = 1 AND `last_time` >= 1614528000 AND `time` <= 1617120000 AND `bill_type` = 2  [ RunTime:0.0002s ]
INFO: [ app_end ] --START--
INFO: Run Behavior\ShowPageTraceBehavior [ RunTime:0.000854s ]
INFO: [ app_end ] --END-- [ RunTime:0.000889s ]

[ 2021-04-26T16:59:27+08:00 ] 127.0.0.1 /admin.php/Index/welcomeList
INFO: [ app_init ] --START--
INFO: Run Behavior\BuildLiteBehavior [ RunTime:0.000016s ]
INFO: [ app_init ] --END-- [ RunTime:0.000760s ]
INFO: [ app_begin ] --START--
INFO: Run Behavior\ReadHtmlCacheBehavior [ RunTime:0.000769s ]
INFO: [ app_begin ] --END-- [ RunTime:0.000824s ]
SQL: SHOW COLUMNS FROM `bill` [ RunTime:0.0008s ]
SQL: SELECT * FROM `bill` WHERE `is_delete` = 0 AND `manager_id` = 1 AND `last_time` >= 1609430400 AND `time` <= 1640880000 AND `bill_type` = 1  [ RunTime:0.0005s ]
SQL: SELECT * FROM `bill` WHERE `is_delete` = 0 AND `manager_id` = 1 AND `last_time` >= 1609430400 AND `time` <= 1640880000 AND `bill_type` = 3  [ RunTime:0.0003s ]
SQL: SELECT * FROM `bill` WHERE `is_delete` = 0 AND `manager_id` = 1 AND `last_time` >= 1609430400 AND `time` <= 1640880000 AND `bill_type` = 2  [ RunTime:0.0003s ]
SQL: SELECT * FROM `bill` WHERE `is_delete` = 0 AND `manager_id` = 1 AND `pay_status` = 1 AND `last_time` >= 1609430400 AND `time` <= 1640880000 AND `bill_type` = 1  [ RunTime:0.0009s ]
SQL: SELECT * FROM `bill` WHERE `is_delete` = 0 AND `manager_id` = 1 AND `pay_status` = 1 AND `last_time` >= 1609430400 AND `time` <= 1640880000 AND `bill_type` = 3  [ RunTime:0.0004s ]
SQL: SELECT * FROM `bill` WHERE `is_delete` = 0 AND `manager_id` = 1 AND `pay_status` = 1 AND `last_time` >= 1609430400 AND `time` <= 1640880000 AND `bill_type` = 2  [ RunTime:0.0004s ]
INFO: [ app_end ] --START--
INFO: Run Behavior\ShowPageTraceBehavior [ RunTime:0.000991s ]
INFO: [ app_end ] --END-- [ RunTime:0.001037s ]

[ 2021-04-26T16:59:33+08:00 ] 127.0.0.1 /admin.php/Index/welcomeList
INFO: [ app_init ] --START--
INFO: Run Behavior\BuildLiteBehavior [ RunTime:0.000014s ]
INFO: [ app_init ] --END-- [ RunTime:0.000892s ]
INFO: [ app_begin ] --START--
INFO: Run Behavior\ReadHtmlCacheBehavior [ RunTime:0.000729s ]
INFO: [ app_begin ] --END-- [ RunTime:0.000780s ]
SQL: SHOW COLUMNS FROM `bill` [ RunTime:0.0006s ]
SQL: SELECT * FROM `bill` WHERE `is_delete` = 0 AND `manager_id` = 1 AND `last_time` >= 1617206400 AND `time` <= 1619712000 AND `bill_type` = 1  [ RunTime:0.0004s ]
SQL: SELECT * FROM `bill` WHERE `is_delete` = 0 AND `manager_id` = 1 AND `last_time` >= 1617206400 AND `time` <= 1619712000 AND `bill_type` = 3  [ RunTime:0.0003s ]
SQL: SELECT * FROM `bill` WHERE `is_delete` = 0 AND `manager_id` = 1 AND `last_time` >= 1617206400 AND `time` <= 1619712000 AND `bill_type` = 2  [ RunTime:0.0003s ]
SQL: SELECT * FROM `bill` WHERE `is_delete` = 0 AND `manager_id` = 1 AND `pay_status` = 1 AND `last_time` >= 1617206400 AND `time` <= 1619712000 AND `bill_type` = 1  [ RunTime:0.0003s ]
SQL: SELECT * FROM `bill` WHERE `is_delete` = 0 AND `manager_id` = 1 AND `pay_status` = 1 AND `last_time` >= 1617206400 AND `time` <= 1619712000 AND `bill_type` = 3  [ RunTime:0.0003s ]
SQL: SELECT * FROM `bill` WHERE `is_delete` = 0 AND `manager_id` = 1 AND `pay_status` = 1 AND `last_time` >= 1617206400 AND `time` <= 1619712000 AND `bill_type` = 2  [ RunTime:0.0003s ]
INFO: [ app_end ] --START--
INFO: Run Behavior\ShowPageTraceBehavior [ RunTime:0.000797s ]
INFO: [ app_end ] --END-- [ RunTime:0.000836s ]

