[ 2021-03-15T14:37:56+08:00 ] 127.0.0.1 /admin.php
INFO: [ app_init ] --START--
INFO: Run Behavior\BuildLiteBehavior [ RunTime:0.000011s ]
INFO: [ app_init ] --END-- [ RunTime:0.013017s ]
INFO: [ app_begin ] --START--
INFO: Run Behavior\ReadHtmlCacheBehavior [ RunTime:0.012503s ]
INFO: [ app_begin ] --END-- [ RunTime:0.012560s ]
INFO: [ view_parse ] --START--
INFO: [ template_filter ] --START--
INFO: Run Behavior\ContentReplaceBehavior [ RunTime:0.000067s ]
INFO: [ template_filter ] --END-- [ RunTime:0.000105s ]
INFO: Run Behavior\ParseTemplateBehavior [ RunTime:0.077696s ]
INFO: [ view_parse ] --END-- [ RunTime:0.077746s ]
INFO: [ view_filter ] --START--
INFO: Run Behavior\WriteHtmlCacheBehavior [ RunTime:0.013455s ]
INFO: [ view_filter ] --END-- [ RunTime:0.013490s ]
INFO: [ app_end ] --START--
INFO: Run Behavior\ShowPageTraceBehavior [ RunTime:0.000974s ]
INFO: [ app_end ] --END-- [ RunTime:0.001013s ]

[ 2021-03-15T14:37:57+08:00 ] 127.0.0.1 /admin.php/Login/login.html
INFO: [ app_init ] --START--
INFO: Run Behavior\BuildLiteBehavior [ RunTime:0.000011s ]
INFO: [ app_init ] --END-- [ RunTime:0.000537s ]
INFO: [ app_begin ] --START--
INFO: Run Behavior\ReadHtmlCacheBehavior [ RunTime:0.000630s ]
INFO: [ app_begin ] --END-- [ RunTime:0.000679s ]
INFO: [ view_parse ] --START--
INFO: [ template_filter ] --START--
INFO: Run Behavior\ContentReplaceBehavior [ RunTime:0.000078s ]
INFO: [ template_filter ] --END-- [ RunTime:0.000128s ]
INFO: Run Behavior\ParseTemplateBehavior [ RunTime:0.032199s ]
INFO: [ view_parse ] --END-- [ RunTime:0.032280s ]
INFO: [ view_filter ] --START--
INFO: Run Behavior\WriteHtmlCacheBehavior [ RunTime:0.000397s ]
INFO: [ view_filter ] --END-- [ RunTime:0.000422s ]
INFO: [ app_end ] --START--
INFO: Run Behavior\ShowPageTraceBehavior [ RunTime:0.000609s ]
INFO: [ app_end ] --END-- [ RunTime:0.000644s ]

[ 2021-03-15T14:37:57+08:00 ] 127.0.0.1 /admin.php/Login/verify/id/a_login_1.html
INFO: [ app_init ] --START--
INFO: Run Behavior\BuildLiteBehavior [ RunTime:0.000012s ]
INFO: [ app_init ] --END-- [ RunTime:0.000542s ]
INFO: [ app_begin ] --START--
INFO: Run Behavior\ReadHtmlCacheBehavior [ RunTime:0.000646s ]
INFO: [ app_begin ] --END-- [ RunTime:0.000700s ]
INFO: [ app_end ] --START--
INFO: Run Behavior\ShowPageTraceBehavior [ RunTime:0.000790s ]
INFO: [ app_end ] --END-- [ RunTime:0.000853s ]

[ 2021-03-15T14:38:05+08:00 ] 127.0.0.1 /admin.php/Login/toLogin
INFO: [ app_init ] --START--
INFO: Run Behavior\BuildLiteBehavior [ RunTime:0.000010s ]
INFO: [ app_init ] --END-- [ RunTime:0.000544s ]
INFO: [ app_begin ] --START--
INFO: Run Behavior\ReadHtmlCacheBehavior [ RunTime:0.000560s ]
INFO: [ app_begin ] --END-- [ RunTime:0.000593s ]
SQL: SHOW COLUMNS FROM `user` [ RunTime:0.0501s ]
SQL: SELECT * FROM `user` WHERE `name` = 'garden' AND `password` = 'e10adc3949ba59abbe56e057f20f883e' AND `is_delete` = 0 LIMIT 1   [ RunTime:0.0192s ]
SQL: SHOW COLUMNS FROM `garden` [ RunTime:0.0009s ]
SQL: SELECT * FROM `garden` WHERE `garden_id` = 1 LIMIT 1   [ RunTime:0.0004s ]

[ 2021-03-15T14:38:09+08:00 ] 127.0.0.1 /admin.php/Index/index.html
INFO: [ app_init ] --START--
INFO: Run Behavior\BuildLiteBehavior [ RunTime:0.000010s ]
INFO: [ app_init ] --END-- [ RunTime:0.000579s ]
INFO: [ app_begin ] --START--
INFO: Run Behavior\ReadHtmlCacheBehavior [ RunTime:0.000623s ]
INFO: [ app_begin ] --END-- [ RunTime:0.000662s ]
SQL: SHOW COLUMNS FROM `garden` [ RunTime:0.0010s ]
SQL: SELECT * FROM `garden` WHERE `garden_id` = 1 AND `is_delete` = 0 LIMIT 1   [ RunTime:0.0004s ]
INFO: [ view_parse ] --START--
INFO: [ template_filter ] --START--
INFO: Run Behavior\ContentReplaceBehavior [ RunTime:0.000051s ]
INFO: [ template_filter ] --END-- [ RunTime:0.000084s ]
INFO: Run Behavior\ParseTemplateBehavior [ RunTime:0.023686s ]
INFO: [ view_parse ] --END-- [ RunTime:0.023759s ]
INFO: [ view_filter ] --START--
INFO: Run Behavior\WriteHtmlCacheBehavior [ RunTime:0.000566s ]
INFO: [ view_filter ] --END-- [ RunTime:0.000610s ]
INFO: [ app_end ] --START--
INFO: Run Behavior\ShowPageTraceBehavior [ RunTime:0.000687s ]
INFO: [ app_end ] --END-- [ RunTime:0.000714s ]

[ 2021-03-15T14:38:24+08:00 ] 127.0.0.1 /admin.php/Index/welcome.html
INFO: [ app_init ] --START--
INFO: Run Behavior\BuildLiteBehavior [ RunTime:0.000016s ]
INFO: [ app_init ] --END-- [ RunTime:0.000707s ]
INFO: [ app_begin ] --START--
INFO: Run Behavior\ReadHtmlCacheBehavior [ RunTime:0.000705s ]
INFO: [ app_begin ] --END-- [ RunTime:0.000762s ]
SQL: SHOW COLUMNS FROM `room` [ RunTime:0.0062s ]
SQL: SELECT COUNT(*) AS tp_count FROM `room` WHERE `is_delete` = 0 AND `manager_id` = 1 LIMIT 1   [ RunTime:0.0067s ]
SQL: SELECT COUNT(*) AS tp_count FROM `room` WHERE `is_delete` = 0 AND `manager_id` = 1 AND `room_status` = 1 LIMIT 1   [ RunTime:0.0002s ]
SQL: SELECT VERSION() as ver; [ RunTime:0.0008s ]
INFO: [ view_parse ] --START--
INFO: [ template_filter ] --START--
INFO: Run Behavior\ContentReplaceBehavior [ RunTime:0.000070s ]
INFO: [ template_filter ] --END-- [ RunTime:0.000105s ]
NOTIC: [8] Undefined variable: data D:\phpstudy_pro\WWW\poms\Application\Runtime\Cache\Manage\1e288adad12e0bfd37a0b3a2cdaf852e.php 第 71 行.
NOTIC: [8] Undefined variable: data D:\phpstudy_pro\WWW\poms\Application\Runtime\Cache\Manage\1e288adad12e0bfd37a0b3a2cdaf852e.php 第 78 行.
NOTIC: [8] Undefined variable: data D:\phpstudy_pro\WWW\poms\Application\Runtime\Cache\Manage\1e288adad12e0bfd37a0b3a2cdaf852e.php 第 85 行.
INFO: Run Behavior\ParseTemplateBehavior [ RunTime:0.017403s ]
INFO: [ view_parse ] --END-- [ RunTime:0.017440s ]
INFO: [ view_filter ] --START--
INFO: Run Behavior\WriteHtmlCacheBehavior [ RunTime:0.000418s ]
INFO: [ view_filter ] --END-- [ RunTime:0.000444s ]
INFO: [ app_end ] --START--
INFO: Run Behavior\ShowPageTraceBehavior [ RunTime:0.000612s ]
INFO: [ app_end ] --END-- [ RunTime:0.000641s ]

[ 2021-03-15T14:38:24+08:00 ] 127.0.0.1 /admin.php/Index/welcomeList
INFO: [ app_init ] --START--
INFO: Run Behavior\BuildLiteBehavior [ RunTime:0.000011s ]
INFO: [ app_init ] --END-- [ RunTime:0.000494s ]
INFO: [ app_begin ] --START--
INFO: Run Behavior\ReadHtmlCacheBehavior [ RunTime:0.000626s ]
INFO: [ app_begin ] --END-- [ RunTime:0.000673s ]
SQL: SHOW COLUMNS FROM `bill` [ RunTime:0.0010s ]
SQL: SELECT * FROM `bill` WHERE `is_delete` = 0 AND `manager_id` = 1 AND `bill_type` = 1  [ RunTime:0.0006s ]
SQL: SELECT * FROM `bill` WHERE `is_delete` = 0 AND `manager_id` = 1 AND `bill_type` = 3  [ RunTime:0.0002s ]
SQL: SELECT * FROM `bill` WHERE `is_delete` = 0 AND `manager_id` = 1 AND `bill_type` = 2  [ RunTime:0.0002s ]
SQL: SELECT * FROM `bill` WHERE `is_delete` = 0 AND `manager_id` = 1 AND `pay_status` = 1 AND `bill_type` = 1  [ RunTime:0.0002s ]
SQL: SELECT * FROM `bill` WHERE `is_delete` = 0 AND `manager_id` = 1 AND `pay_status` = 1 AND `bill_type` = 3  [ RunTime:0.0006s ]
SQL: SELECT * FROM `bill` WHERE `is_delete` = 0 AND `manager_id` = 1 AND `pay_status` = 1 AND `bill_type` = 2  [ RunTime:0.0004s ]
INFO: [ app_end ] --START--
INFO: Run Behavior\ShowPageTraceBehavior [ RunTime:0.000951s ]
INFO: [ app_end ] --END-- [ RunTime:0.001003s ]

[ 2021-03-15T22:20:44+08:00 ] 127.0.0.1 /admin.php/Index/welcomeList
INFO: [ app_init ] --START--
INFO: Run Behavior\BuildLiteBehavior [ RunTime:0.000014s ]
INFO: [ app_init ] --END-- [ RunTime:0.001339s ]
INFO: [ app_begin ] --START--
INFO: Run Behavior\ReadHtmlCacheBehavior [ RunTime:0.011927s ]
INFO: [ app_begin ] --END-- [ RunTime:0.012150s ]
SQL: SHOW COLUMNS FROM `bill` [ RunTime:0.0057s ]
SQL: SELECT * FROM `bill` WHERE `is_delete` = 0 AND `manager_id` = 1 AND `last_time` >= 1614528000 AND `time` <= 1617119999 AND `bill_type` = 1  [ RunTime:0.0015s ]
SQL: SELECT * FROM `bill` WHERE `is_delete` = 0 AND `manager_id` = 1 AND `last_time` >= 1614528000 AND `time` <= 1617119999 AND `bill_type` = 3  [ RunTime:0.0005s ]
SQL: SELECT * FROM `bill` WHERE `is_delete` = 0 AND `manager_id` = 1 AND `last_time` >= 1614528000 AND `time` <= 1617119999 AND `bill_type` = 2  [ RunTime:0.0004s ]
SQL: SELECT * FROM `bill` WHERE `is_delete` = 0 AND `manager_id` = 1 AND `pay_status` = 1 AND `last_time` >= 1614528000 AND `time` <= 1617119999 AND `bill_type` = 1  [ RunTime:0.0003s ]
SQL: SELECT * FROM `bill` WHERE `is_delete` = 0 AND `manager_id` = 1 AND `pay_status` = 1 AND `last_time` >= 1614528000 AND `time` <= 1617119999 AND `bill_type` = 3  [ RunTime:0.0003s ]
SQL: SELECT * FROM `bill` WHERE `is_delete` = 0 AND `manager_id` = 1 AND `pay_status` = 1 AND `last_time` >= 1614528000 AND `time` <= 1617119999 AND `bill_type` = 2  [ RunTime:0.0002s ]
INFO: [ app_end ] --START--
INFO: Run Behavior\ShowPageTraceBehavior [ RunTime:0.001089s ]
INFO: [ app_end ] --END-- [ RunTime:0.001118s ]

[ 2021-03-15T22:20:56+08:00 ] 127.0.0.1 /admin.php/Index/welcomeList
INFO: [ app_init ] --START--
INFO: Run Behavior\BuildLiteBehavior [ RunTime:0.000008s ]
INFO: [ app_init ] --END-- [ RunTime:0.000525s ]
INFO: [ app_begin ] --START--
INFO: Run Behavior\ReadHtmlCacheBehavior [ RunTime:0.000563s ]
INFO: [ app_begin ] --END-- [ RunTime:0.000596s ]
SQL: SHOW COLUMNS FROM `bill` [ RunTime:0.0015s ]
SQL: SELECT * FROM `bill` WHERE `is_delete` = 0 AND `manager_id` = 1 AND `last_time` >= 1609430400 AND `time` <= 1640880000 AND `bill_type` = 1  [ RunTime:0.0004s ]
SQL: SELECT * FROM `bill` WHERE `is_delete` = 0 AND `manager_id` = 1 AND `last_time` >= 1609430400 AND `time` <= 1640880000 AND `bill_type` = 3  [ RunTime:0.0003s ]
SQL: SELECT * FROM `bill` WHERE `is_delete` = 0 AND `manager_id` = 1 AND `last_time` >= 1609430400 AND `time` <= 1640880000 AND `bill_type` = 2  [ RunTime:0.0003s ]
SQL: SELECT * FROM `bill` WHERE `is_delete` = 0 AND `manager_id` = 1 AND `pay_status` = 1 AND `last_time` >= 1609430400 AND `time` <= 1640880000 AND `bill_type` = 1  [ RunTime:0.0003s ]
SQL: SELECT * FROM `bill` WHERE `is_delete` = 0 AND `manager_id` = 1 AND `pay_status` = 1 AND `last_time` >= 1609430400 AND `time` <= 1640880000 AND `bill_type` = 3  [ RunTime:0.0003s ]
SQL: SELECT * FROM `bill` WHERE `is_delete` = 0 AND `manager_id` = 1 AND `pay_status` = 1 AND `last_time` >= 1609430400 AND `time` <= 1640880000 AND `bill_type` = 2  [ RunTime:0.0003s ]
INFO: [ app_end ] --START--
INFO: Run Behavior\ShowPageTraceBehavior [ RunTime:0.000624s ]
INFO: [ app_end ] --END-- [ RunTime:0.000650s ]

[ 2021-03-15T22:20:57+08:00 ] 127.0.0.1 /admin.php/Index/welcomeList
INFO: [ app_init ] --START--
INFO: Run Behavior\BuildLiteBehavior [ RunTime:0.000009s ]
INFO: [ app_init ] --END-- [ RunTime:0.000545s ]
INFO: [ app_begin ] --START--
INFO: Run Behavior\ReadHtmlCacheBehavior [ RunTime:0.000551s ]
INFO: [ app_begin ] --END-- [ RunTime:0.000586s ]
SQL: SHOW COLUMNS FROM `bill` [ RunTime:0.0013s ]
SQL: SELECT * FROM `bill` WHERE `is_delete` = 0 AND `manager_id` = 1 AND `bill_type` = 1  [ RunTime:0.0009s ]
SQL: SELECT * FROM `bill` WHERE `is_delete` = 0 AND `manager_id` = 1 AND `bill_type` = 3  [ RunTime:0.0004s ]
SQL: SELECT * FROM `bill` WHERE `is_delete` = 0 AND `manager_id` = 1 AND `bill_type` = 2  [ RunTime:0.0004s ]
SQL: SELECT * FROM `bill` WHERE `is_delete` = 0 AND `manager_id` = 1 AND `pay_status` = 1 AND `bill_type` = 1  [ RunTime:0.0004s ]
SQL: SELECT * FROM `bill` WHERE `is_delete` = 0 AND `manager_id` = 1 AND `pay_status` = 1 AND `bill_type` = 3  [ RunTime:0.0004s ]
SQL: SELECT * FROM `bill` WHERE `is_delete` = 0 AND `manager_id` = 1 AND `pay_status` = 1 AND `bill_type` = 2  [ RunTime:0.0004s ]
INFO: [ app_end ] --START--
INFO: Run Behavior\ShowPageTraceBehavior [ RunTime:0.000937s ]
INFO: [ app_end ] --END-- [ RunTime:0.000993s ]

[ 2021-03-15T22:20:59+08:00 ] 127.0.0.1 /admin.php/Index/welcomeList
INFO: [ app_init ] --START--
INFO: Run Behavior\BuildLiteBehavior [ RunTime:0.000009s ]
INFO: [ app_init ] --END-- [ RunTime:0.000511s ]
INFO: [ app_begin ] --START--
INFO: Run Behavior\ReadHtmlCacheBehavior [ RunTime:0.000554s ]
INFO: [ app_begin ] --END-- [ RunTime:0.000588s ]
SQL: SHOW COLUMNS FROM `bill` [ RunTime:0.0009s ]
SQL: SELECT * FROM `bill` WHERE `is_delete` = 0 AND `manager_id` = 1 AND `last_time` >= 1614528000 AND `time` <= 1617119999 AND `bill_type` = 1  [ RunTime:0.0005s ]
SQL: SELECT * FROM `bill` WHERE `is_delete` = 0 AND `manager_id` = 1 AND `last_time` >= 1614528000 AND `time` <= 1617119999 AND `bill_type` = 3  [ RunTime:0.0003s ]
SQL: SELECT * FROM `bill` WHERE `is_delete` = 0 AND `manager_id` = 1 AND `last_time` >= 1614528000 AND `time` <= 1617119999 AND `bill_type` = 2  [ RunTime:0.0003s ]
SQL: SELECT * FROM `bill` WHERE `is_delete` = 0 AND `manager_id` = 1 AND `pay_status` = 1 AND `last_time` >= 1614528000 AND `time` <= 1617119999 AND `bill_type` = 1  [ RunTime:0.0002s ]
SQL: SELECT * FROM `bill` WHERE `is_delete` = 0 AND `manager_id` = 1 AND `pay_status` = 1 AND `last_time` >= 1614528000 AND `time` <= 1617119999 AND `bill_type` = 3  [ RunTime:0.0003s ]
SQL: SELECT * FROM `bill` WHERE `is_delete` = 0 AND `manager_id` = 1 AND `pay_status` = 1 AND `last_time` >= 1614528000 AND `time` <= 1617119999 AND `bill_type` = 2  [ RunTime:0.0002s ]
INFO: [ app_end ] --START--
INFO: Run Behavior\ShowPageTraceBehavior [ RunTime:0.000717s ]
INFO: [ app_end ] --END-- [ RunTime:0.000744s ]

[ 2021-03-15T22:21:00+08:00 ] 127.0.0.1 /admin.php/Index/welcomeList
INFO: [ app_init ] --START--
INFO: Run Behavior\BuildLiteBehavior [ RunTime:0.000009s ]
INFO: [ app_init ] --END-- [ RunTime:0.000487s ]
INFO: [ app_begin ] --START--
INFO: Run Behavior\ReadHtmlCacheBehavior [ RunTime:0.000560s ]
INFO: [ app_begin ] --END-- [ RunTime:0.000599s ]
SQL: SHOW COLUMNS FROM `bill` [ RunTime:0.0009s ]
SQL: SELECT * FROM `bill` WHERE `is_delete` = 0 AND `manager_id` = 1 AND `bill_type` = 1  [ RunTime:0.0004s ]
SQL: SELECT * FROM `bill` WHERE `is_delete` = 0 AND `manager_id` = 1 AND `bill_type` = 3  [ RunTime:0.0003s ]
SQL: SELECT * FROM `bill` WHERE `is_delete` = 0 AND `manager_id` = 1 AND `bill_type` = 2  [ RunTime:0.0003s ]
SQL: SELECT * FROM `bill` WHERE `is_delete` = 0 AND `manager_id` = 1 AND `pay_status` = 1 AND `bill_type` = 1  [ RunTime:0.0058s ]
SQL: SELECT * FROM `bill` WHERE `is_delete` = 0 AND `manager_id` = 1 AND `pay_status` = 1 AND `bill_type` = 3  [ RunTime:0.0003s ]
SQL: SELECT * FROM `bill` WHERE `is_delete` = 0 AND `manager_id` = 1 AND `pay_status` = 1 AND `bill_type` = 2  [ RunTime:0.0002s ]
INFO: [ app_end ] --START--
INFO: Run Behavior\ShowPageTraceBehavior [ RunTime:0.000715s ]
INFO: [ app_end ] --END-- [ RunTime:0.000739s ]

[ 2021-03-15T22:21:03+08:00 ] 127.0.0.1 /admin.php/Bill/index.html
INFO: [ app_init ] --START--
INFO: Run Behavior\BuildLiteBehavior [ RunTime:0.000009s ]
INFO: [ app_init ] --END-- [ RunTime:0.000475s ]
INFO: [ app_begin ] --START--
INFO: Run Behavior\ReadHtmlCacheBehavior [ RunTime:0.000523s ]
INFO: [ app_begin ] --END-- [ RunTime:0.000559s ]
INFO: [ view_parse ] --START--
INFO: [ template_filter ] --START--
INFO: Run Behavior\ContentReplaceBehavior [ RunTime:0.000119s ]
INFO: [ template_filter ] --END-- [ RunTime:0.000153s ]
INFO: Run Behavior\ParseTemplateBehavior [ RunTime:0.053045s ]
INFO: [ view_parse ] --END-- [ RunTime:0.053104s ]
INFO: [ view_filter ] --START--
INFO: Run Behavior\WriteHtmlCacheBehavior [ RunTime:0.006690s ]
INFO: [ view_filter ] --END-- [ RunTime:0.006723s ]
INFO: [ app_end ] --START--
INFO: Run Behavior\ShowPageTraceBehavior [ RunTime:0.000821s ]
INFO: [ app_end ] --END-- [ RunTime:0.000855s ]

[ 2021-03-15T22:21:03+08:00 ] 127.0.0.1 /admin.php/Bill/getBillList?page=1&limit=10
INFO: [ app_init ] --START--
INFO: Run Behavior\BuildLiteBehavior [ RunTime:0.000010s ]
INFO: [ app_init ] --END-- [ RunTime:0.000499s ]
INFO: [ app_begin ] --START--
INFO: Run Behavior\ReadHtmlCacheBehavior [ RunTime:0.000565s ]
INFO: [ app_begin ] --END-- [ RunTime:0.000603s ]
SQL: SHOW COLUMNS FROM `bill` [ RunTime:0.0007s ]
SQL: SELECT COUNT(*) AS tp_count FROM bill a join customer b on a.customer_id = b.customer_id join room c on a.room_id = c.room_id join user u on a.manager_id = u.manager_id join garden d on u.garden_id = d.garden_id join building e on u.building_id = e.building_id join lease l on a.lease_id = l.lease_id  WHERE a.is_delete = 0 AND a.manager_id = '1' LIMIT 1   [ RunTime:0.0199s ]
SQL: SELECT a.*,b.customer_name,b.customer_mobile,c.room_sn,d.garden_name,e.building_name,u.manager_name,l.is_exit,l.expire_time FROM bill a join customer b on a.customer_id = b.customer_id join room c on a.room_id = c.room_id join user u on a.manager_id = u.manager_id join garden d on u.garden_id = d.garden_id join building e on u.building_id = e.building_id join lease l on a.lease_id = l.lease_id  WHERE a.is_delete = 0 AND a.manager_id = '1' ORDER BY a.create_time asc LIMIT 0,10   [ RunTime:0.0053s ]
INFO: [ app_end ] --START--
INFO: Run Behavior\ShowPageTraceBehavior [ RunTime:0.000662s ]
INFO: [ app_end ] --END-- [ RunTime:0.000692s ]

[ 2021-03-15T22:21:09+08:00 ] 127.0.0.1 /admin.php/Bill/getBillList?page=1&limit=10&key1=&key2=1&last_time=&time=
INFO: [ app_init ] --START--
INFO: Run Behavior\BuildLiteBehavior [ RunTime:0.000012s ]
INFO: [ app_init ] --END-- [ RunTime:0.000954s ]
INFO: [ app_begin ] --START--
INFO: Run Behavior\ReadHtmlCacheBehavior [ RunTime:0.000709s ]
INFO: [ app_begin ] --END-- [ RunTime:0.000753s ]
SQL: SHOW COLUMNS FROM `bill` [ RunTime:0.0015s ]
SQL: SELECT COUNT(*) AS tp_count FROM bill a join customer b on a.customer_id = b.customer_id join room c on a.room_id = c.room_id join user u on a.manager_id = u.manager_id join garden d on u.garden_id = d.garden_id join building e on u.building_id = e.building_id join lease l on a.lease_id = l.lease_id  WHERE a.is_delete = 0 AND a.manager_id = '1' AND `bill_type` = '1' LIMIT 1   [ RunTime:0.0012s ]
SQL: SELECT a.*,b.customer_name,b.customer_mobile,c.room_sn,d.garden_name,e.building_name,u.manager_name,l.is_exit,l.expire_time FROM bill a join customer b on a.customer_id = b.customer_id join room c on a.room_id = c.room_id join user u on a.manager_id = u.manager_id join garden d on u.garden_id = d.garden_id join building e on u.building_id = e.building_id join lease l on a.lease_id = l.lease_id  WHERE a.is_delete = 0 AND a.manager_id = '1' AND `bill_type` = '1' ORDER BY a.create_time asc LIMIT 0,10   [ RunTime:0.0006s ]
INFO: [ app_end ] --START--
INFO: Run Behavior\ShowPageTraceBehavior [ RunTime:0.000749s ]
INFO: [ app_end ] --END-- [ RunTime:0.000782s ]

[ 2021-03-15T22:21:09+08:00 ] 127.0.0.1 /admin.php/Bill/getBillList?page=1&limit=10&key1=&key2=1&last_time=&time=
INFO: [ app_init ] --START--
INFO: Run Behavior\BuildLiteBehavior [ RunTime:0.000023s ]
INFO: [ app_init ] --END-- [ RunTime:0.000695s ]
INFO: [ app_begin ] --START--
INFO: Run Behavior\ReadHtmlCacheBehavior [ RunTime:0.000617s ]
INFO: [ app_begin ] --END-- [ RunTime:0.000651s ]
SQL: SHOW COLUMNS FROM `bill` [ RunTime:0.0011s ]
SQL: SELECT COUNT(*) AS tp_count FROM bill a join customer b on a.customer_id = b.customer_id join room c on a.room_id = c.room_id join user u on a.manager_id = u.manager_id join garden d on u.garden_id = d.garden_id join building e on u.building_id = e.building_id join lease l on a.lease_id = l.lease_id  WHERE a.is_delete = 0 AND a.manager_id = '1' AND `bill_type` = '1' LIMIT 1   [ RunTime:0.0021s ]
SQL: SELECT a.*,b.customer_name,b.customer_mobile,c.room_sn,d.garden_name,e.building_name,u.manager_name,l.is_exit,l.expire_time FROM bill a join customer b on a.customer_id = b.customer_id join room c on a.room_id = c.room_id join user u on a.manager_id = u.manager_id join garden d on u.garden_id = d.garden_id join building e on u.building_id = e.building_id join lease l on a.lease_id = l.lease_id  WHERE a.is_delete = 0 AND a.manager_id = '1' AND `bill_type` = '1' ORDER BY a.create_time asc LIMIT 0,10   [ RunTime:0.0006s ]
INFO: [ app_end ] --START--
INFO: Run Behavior\ShowPageTraceBehavior [ RunTime:0.000639s ]
INFO: [ app_end ] --END-- [ RunTime:0.000667s ]

[ 2021-03-15T22:21:16+08:00 ] 127.0.0.1 /admin.php/Bill/getBillList?page=1&limit=10&key1=&key2=1&last_time=2021-03-01&time=2021-03-31
INFO: [ app_init ] --START--
INFO: Run Behavior\BuildLiteBehavior [ RunTime:0.000013s ]
INFO: [ app_init ] --END-- [ RunTime:0.000752s ]
INFO: [ app_begin ] --START--
INFO: Run Behavior\ReadHtmlCacheBehavior [ RunTime:0.000748s ]
INFO: [ app_begin ] --END-- [ RunTime:0.000802s ]
SQL: SHOW COLUMNS FROM `bill` [ RunTime:0.0008s ]
SQL: SELECT COUNT(*) AS tp_count FROM bill a join customer b on a.customer_id = b.customer_id join room c on a.room_id = c.room_id join user u on a.manager_id = u.manager_id join garden d on u.garden_id = d.garden_id join building e on u.building_id = e.building_id join lease l on a.lease_id = l.lease_id  WHERE a.is_delete = 0 AND a.manager_id = '1' AND `bill_type` = '1' AND a.last_time >= 1614528000 AND a.time <= 1617120000 LIMIT 1   [ RunTime:0.0011s ]
SQL: SELECT a.*,b.customer_name,b.customer_mobile,c.room_sn,d.garden_name,e.building_name,u.manager_name,l.is_exit,l.expire_time FROM bill a join customer b on a.customer_id = b.customer_id join room c on a.room_id = c.room_id join user u on a.manager_id = u.manager_id join garden d on u.garden_id = d.garden_id join building e on u.building_id = e.building_id join lease l on a.lease_id = l.lease_id  WHERE a.is_delete = 0 AND a.manager_id = '1' AND `bill_type` = '1' AND a.last_time >= 1614528000 AND a.time <= 1617120000 ORDER BY a.create_time asc LIMIT 0,10   [ RunTime:0.0007s ]
INFO: [ app_end ] --START--
INFO: Run Behavior\ShowPageTraceBehavior [ RunTime:0.000787s ]
INFO: [ app_end ] --END-- [ RunTime:0.000830s ]

[ 2021-03-15T22:21:16+08:00 ] 127.0.0.1 /admin.php/Bill/getBillList?page=1&limit=10&key1=&key2=1&last_time=2021-03-01&time=2021-03-31
INFO: [ app_init ] --START--
INFO: Run Behavior\BuildLiteBehavior [ RunTime:0.000008s ]
INFO: [ app_init ] --END-- [ RunTime:0.000513s ]
INFO: [ app_begin ] --START--
INFO: Run Behavior\ReadHtmlCacheBehavior [ RunTime:0.000715s ]
INFO: [ app_begin ] --END-- [ RunTime:0.000747s ]
SQL: SHOW COLUMNS FROM `bill` [ RunTime:0.0006s ]
SQL: SELECT COUNT(*) AS tp_count FROM bill a join customer b on a.customer_id = b.customer_id join room c on a.room_id = c.room_id join user u on a.manager_id = u.manager_id join garden d on u.garden_id = d.garden_id join building e on u.building_id = e.building_id join lease l on a.lease_id = l.lease_id  WHERE a.is_delete = 0 AND a.manager_id = '1' AND `bill_type` = '1' AND a.last_time >= 1614528000 AND a.time <= 1617120000 LIMIT 1   [ RunTime:0.0014s ]
SQL: SELECT a.*,b.customer_name,b.customer_mobile,c.room_sn,d.garden_name,e.building_name,u.manager_name,l.is_exit,l.expire_time FROM bill a join customer b on a.customer_id = b.customer_id join room c on a.room_id = c.room_id join user u on a.manager_id = u.manager_id join garden d on u.garden_id = d.garden_id join building e on u.building_id = e.building_id join lease l on a.lease_id = l.lease_id  WHERE a.is_delete = 0 AND a.manager_id = '1' AND `bill_type` = '1' AND a.last_time >= 1614528000 AND a.time <= 1617120000 ORDER BY a.create_time asc LIMIT 0,10   [ RunTime:0.0004s ]
INFO: [ app_end ] --START--
INFO: Run Behavior\ShowPageTraceBehavior [ RunTime:0.000833s ]
INFO: [ app_end ] --END-- [ RunTime:0.000877s ]

[ 2021-03-15T22:21:18+08:00 ] 127.0.0.1 /admin.php/Bill/getBillList?page=1&limit=10&key1=&key2=&last_time=&time=
INFO: [ app_init ] --START--
INFO: Run Behavior\BuildLiteBehavior [ RunTime:0.000013s ]
INFO: [ app_init ] --END-- [ RunTime:0.000752s ]
INFO: [ app_begin ] --START--
INFO: Run Behavior\ReadHtmlCacheBehavior [ RunTime:0.000733s ]
INFO: [ app_begin ] --END-- [ RunTime:0.000778s ]
SQL: SHOW COLUMNS FROM `bill` [ RunTime:0.0008s ]
SQL: SELECT COUNT(*) AS tp_count FROM bill a join customer b on a.customer_id = b.customer_id join room c on a.room_id = c.room_id join user u on a.manager_id = u.manager_id join garden d on u.garden_id = d.garden_id join building e on u.building_id = e.building_id join lease l on a.lease_id = l.lease_id  WHERE a.is_delete = 0 AND a.manager_id = '1' LIMIT 1   [ RunTime:0.0014s ]
SQL: SELECT a.*,b.customer_name,b.customer_mobile,c.room_sn,d.garden_name,e.building_name,u.manager_name,l.is_exit,l.expire_time FROM bill a join customer b on a.customer_id = b.customer_id join room c on a.room_id = c.room_id join user u on a.manager_id = u.manager_id join garden d on u.garden_id = d.garden_id join building e on u.building_id = e.building_id join lease l on a.lease_id = l.lease_id  WHERE a.is_delete = 0 AND a.manager_id = '1' ORDER BY a.create_time asc LIMIT 0,10   [ RunTime:0.0009s ]
INFO: [ app_end ] --START--
INFO: Run Behavior\ShowPageTraceBehavior [ RunTime:0.001131s ]
INFO: [ app_end ] --END-- [ RunTime:0.001173s ]

[ 2021-03-15T22:21:18+08:00 ] 127.0.0.1 /admin.php/Bill/getBillList?page=1&limit=10&key1=&key2=&last_time=&time=
INFO: [ app_init ] --START--
INFO: Run Behavior\BuildLiteBehavior [ RunTime:0.000012s ]
INFO: [ app_init ] --END-- [ RunTime:0.000589s ]
INFO: [ app_begin ] --START--
INFO: Run Behavior\ReadHtmlCacheBehavior [ RunTime:0.000589s ]
INFO: [ app_begin ] --END-- [ RunTime:0.000628s ]
SQL: SHOW COLUMNS FROM `bill` [ RunTime:0.0008s ]
SQL: SELECT COUNT(*) AS tp_count FROM bill a join customer b on a.customer_id = b.customer_id join room c on a.room_id = c.room_id join user u on a.manager_id = u.manager_id join garden d on u.garden_id = d.garden_id join building e on u.building_id = e.building_id join lease l on a.lease_id = l.lease_id  WHERE a.is_delete = 0 AND a.manager_id = '1' LIMIT 1   [ RunTime:0.0009s ]
SQL: SELECT a.*,b.customer_name,b.customer_mobile,c.room_sn,d.garden_name,e.building_name,u.manager_name,l.is_exit,l.expire_time FROM bill a join customer b on a.customer_id = b.customer_id join room c on a.room_id = c.room_id join user u on a.manager_id = u.manager_id join garden d on u.garden_id = d.garden_id join building e on u.building_id = e.building_id join lease l on a.lease_id = l.lease_id  WHERE a.is_delete = 0 AND a.manager_id = '1' ORDER BY a.create_time asc LIMIT 0,10   [ RunTime:0.0008s ]
INFO: [ app_end ] --START--
INFO: Run Behavior\ShowPageTraceBehavior [ RunTime:0.001014s ]
INFO: [ app_end ] --END-- [ RunTime:0.001060s ]

[ 2021-03-15T22:21:36+08:00 ] 127.0.0.1 /admin.php/Bill/getBillList?page=1&limit=10&key1=&key2=&last_time=2021-03-01&time=
INFO: [ app_init ] --START--
INFO: Run Behavior\BuildLiteBehavior [ RunTime:0.000011s ]
INFO: [ app_init ] --END-- [ RunTime:0.000492s ]
INFO: [ app_begin ] --START--
INFO: Run Behavior\ReadHtmlCacheBehavior [ RunTime:0.000606s ]
INFO: [ app_begin ] --END-- [ RunTime:0.000650s ]
SQL: SHOW COLUMNS FROM `bill` [ RunTime:0.0009s ]
SQL: SELECT COUNT(*) AS tp_count FROM bill a join customer b on a.customer_id = b.customer_id join room c on a.room_id = c.room_id join user u on a.manager_id = u.manager_id join garden d on u.garden_id = d.garden_id join building e on u.building_id = e.building_id join lease l on a.lease_id = l.lease_id  WHERE a.is_delete = 0 AND a.manager_id = '1' AND a.last_time >= 1614528000 LIMIT 1   [ RunTime:0.0012s ]
SQL: SELECT a.*,b.customer_name,b.customer_mobile,c.room_sn,d.garden_name,e.building_name,u.manager_name,l.is_exit,l.expire_time FROM bill a join customer b on a.customer_id = b.customer_id join room c on a.room_id = c.room_id join user u on a.manager_id = u.manager_id join garden d on u.garden_id = d.garden_id join building e on u.building_id = e.building_id join lease l on a.lease_id = l.lease_id  WHERE a.is_delete = 0 AND a.manager_id = '1' AND a.last_time >= 1614528000 ORDER BY a.create_time asc LIMIT 0,10   [ RunTime:0.0006s ]
INFO: [ app_end ] --START--
INFO: Run Behavior\ShowPageTraceBehavior [ RunTime:0.000779s ]
INFO: [ app_end ] --END-- [ RunTime:0.000811s ]

[ 2021-03-15T22:21:36+08:00 ] 127.0.0.1 /admin.php/Bill/getBillList?page=1&limit=10&key1=&key2=&last_time=2021-03-01&time=
INFO: [ app_init ] --START--
INFO: Run Behavior\BuildLiteBehavior [ RunTime:0.000009s ]
INFO: [ app_init ] --END-- [ RunTime:0.000610s ]
INFO: [ app_begin ] --START--
INFO: Run Behavior\ReadHtmlCacheBehavior [ RunTime:0.000598s ]
INFO: [ app_begin ] --END-- [ RunTime:0.000631s ]
SQL: SHOW COLUMNS FROM `bill` [ RunTime:0.0009s ]
SQL: SELECT COUNT(*) AS tp_count FROM bill a join customer b on a.customer_id = b.customer_id join room c on a.room_id = c.room_id join user u on a.manager_id = u.manager_id join garden d on u.garden_id = d.garden_id join building e on u.building_id = e.building_id join lease l on a.lease_id = l.lease_id  WHERE a.is_delete = 0 AND a.manager_id = '1' AND a.last_time >= 1614528000 LIMIT 1   [ RunTime:0.0009s ]
SQL: SELECT a.*,b.customer_name,b.customer_mobile,c.room_sn,d.garden_name,e.building_name,u.manager_name,l.is_exit,l.expire_time FROM bill a join customer b on a.customer_id = b.customer_id join room c on a.room_id = c.room_id join user u on a.manager_id = u.manager_id join garden d on u.garden_id = d.garden_id join building e on u.building_id = e.building_id join lease l on a.lease_id = l.lease_id  WHERE a.is_delete = 0 AND a.manager_id = '1' AND a.last_time >= 1614528000 ORDER BY a.create_time asc LIMIT 0,10   [ RunTime:0.0006s ]
INFO: [ app_end ] --START--
INFO: Run Behavior\ShowPageTraceBehavior [ RunTime:0.001057s ]
INFO: [ app_end ] --END-- [ RunTime:0.001112s ]

[ 2021-03-15T22:22:00+08:00 ] 127.0.0.1 /admin.php/Index/welcomeList
INFO: [ app_init ] --START--
INFO: Run Behavior\BuildLiteBehavior [ RunTime:0.000027s ]
INFO: [ app_init ] --END-- [ RunTime:0.000656s ]
INFO: [ app_begin ] --START--
INFO: Run Behavior\ReadHtmlCacheBehavior [ RunTime:0.000686s ]
INFO: [ app_begin ] --END-- [ RunTime:0.000746s ]
SQL: SHOW COLUMNS FROM `bill` [ RunTime:0.0009s ]
SQL: SELECT * FROM `bill` WHERE `is_delete` = 0 AND `manager_id` = 1 AND `last_time` >= 1614528000 AND `time` <= 1617119999 AND `bill_type` = 1  [ RunTime:0.0006s ]
SQL: SELECT * FROM `bill` WHERE `is_delete` = 0 AND `manager_id` = 1 AND `last_time` >= 1614528000 AND `time` <= 1617119999 AND `bill_type` = 3  [ RunTime:0.0003s ]
SQL: SELECT * FROM `bill` WHERE `is_delete` = 0 AND `manager_id` = 1 AND `last_time` >= 1614528000 AND `time` <= 1617119999 AND `bill_type` = 2  [ RunTime:0.0002s ]
SQL: SELECT * FROM `bill` WHERE `is_delete` = 0 AND `manager_id` = 1 AND `pay_status` = 1 AND `last_time` >= 1614528000 AND `time` <= 1617119999 AND `bill_type` = 1  [ RunTime:0.0002s ]
SQL: SELECT * FROM `bill` WHERE `is_delete` = 0 AND `manager_id` = 1 AND `pay_status` = 1 AND `last_time` >= 1614528000 AND `time` <= 1617119999 AND `bill_type` = 3  [ RunTime:0.0003s ]
SQL: SELECT * FROM `bill` WHERE `is_delete` = 0 AND `manager_id` = 1 AND `pay_status` = 1 AND `last_time` >= 1614528000 AND `time` <= 1617119999 AND `bill_type` = 2  [ RunTime:0.0054s ]
INFO: [ app_end ] --START--
INFO: Run Behavior\ShowPageTraceBehavior [ RunTime:0.000690s ]
INFO: [ app_end ] --END-- [ RunTime:0.000719s ]

[ 2021-03-15T22:22:23+08:00 ] 127.0.0.1 /admin.php/Bill/getBillList?page=1&limit=10&key1=&key2=&last_time=2021-03-01&time=2021-03-31
INFO: [ app_init ] --START--
INFO: Run Behavior\BuildLiteBehavior [ RunTime:0.000011s ]
INFO: [ app_init ] --END-- [ RunTime:0.000578s ]
INFO: [ app_begin ] --START--
INFO: Run Behavior\ReadHtmlCacheBehavior [ RunTime:0.000759s ]
INFO: [ app_begin ] --END-- [ RunTime:0.000805s ]
SQL: SHOW COLUMNS FROM `bill` [ RunTime:0.0006s ]
SQL: SELECT COUNT(*) AS tp_count FROM bill a join customer b on a.customer_id = b.customer_id join room c on a.room_id = c.room_id join user u on a.manager_id = u.manager_id join garden d on u.garden_id = d.garden_id join building e on u.building_id = e.building_id join lease l on a.lease_id = l.lease_id  WHERE a.is_delete = 0 AND a.manager_id = '1' AND a.last_time >= 1614528000 AND a.time <= 1617120000 LIMIT 1   [ RunTime:0.0010s ]
SQL: SELECT a.*,b.customer_name,b.customer_mobile,c.room_sn,d.garden_name,e.building_name,u.manager_name,l.is_exit,l.expire_time FROM bill a join customer b on a.customer_id = b.customer_id join room c on a.room_id = c.room_id join user u on a.manager_id = u.manager_id join garden d on u.garden_id = d.garden_id join building e on u.building_id = e.building_id join lease l on a.lease_id = l.lease_id  WHERE a.is_delete = 0 AND a.manager_id = '1' AND a.last_time >= 1614528000 AND a.time <= 1617120000 ORDER BY a.create_time asc LIMIT 0,10   [ RunTime:0.0007s ]
INFO: [ app_end ] --START--
INFO: Run Behavior\ShowPageTraceBehavior [ RunTime:0.000845s ]
INFO: [ app_end ] --END-- [ RunTime:0.000882s ]

[ 2021-03-15T22:22:23+08:00 ] 127.0.0.1 /admin.php/Bill/getBillList?page=1&limit=10&key1=&key2=&last_time=2021-03-01&time=2021-03-31
INFO: [ app_init ] --START--
INFO: Run Behavior\BuildLiteBehavior [ RunTime:0.000010s ]
INFO: [ app_init ] --END-- [ RunTime:0.000545s ]
INFO: [ app_begin ] --START--
INFO: Run Behavior\ReadHtmlCacheBehavior [ RunTime:0.000558s ]
INFO: [ app_begin ] --END-- [ RunTime:0.000595s ]
SQL: SHOW COLUMNS FROM `bill` [ RunTime:0.0005s ]
SQL: SELECT COUNT(*) AS tp_count FROM bill a join customer b on a.customer_id = b.customer_id join room c on a.room_id = c.room_id join user u on a.manager_id = u.manager_id join garden d on u.garden_id = d.garden_id join building e on u.building_id = e.building_id join lease l on a.lease_id = l.lease_id  WHERE a.is_delete = 0 AND a.manager_id = '1' AND a.last_time >= 1614528000 AND a.time <= 1617120000 LIMIT 1   [ RunTime:0.0008s ]
SQL: SELECT a.*,b.customer_name,b.customer_mobile,c.room_sn,d.garden_name,e.building_name,u.manager_name,l.is_exit,l.expire_time FROM bill a join customer b on a.customer_id = b.customer_id join room c on a.room_id = c.room_id join user u on a.manager_id = u.manager_id join garden d on u.garden_id = d.garden_id join building e on u.building_id = e.building_id join lease l on a.lease_id = l.lease_id  WHERE a.is_delete = 0 AND a.manager_id = '1' AND a.last_time >= 1614528000 AND a.time <= 1617120000 ORDER BY a.create_time asc LIMIT 0,10   [ RunTime:0.0004s ]
INFO: [ app_end ] --START--
INFO: Run Behavior\ShowPageTraceBehavior [ RunTime:0.000593s ]
INFO: [ app_end ] --END-- [ RunTime:0.000622s ]

[ 2021-03-15T22:22:49+08:00 ] 127.0.0.1 /admin.php/Bill/getBillList?page=1&limit=10&key1=&key2=&last_time=2021-03-01&time=2021-03-31
INFO: [ app_init ] --START--
INFO: Run Behavior\BuildLiteBehavior [ RunTime:0.000015s ]
INFO: [ app_init ] --END-- [ RunTime:0.000801s ]
INFO: [ app_begin ] --START--
INFO: Run Behavior\ReadHtmlCacheBehavior [ RunTime:0.000801s ]
INFO: [ app_begin ] --END-- [ RunTime:0.000849s ]
SQL: SHOW COLUMNS FROM `bill` [ RunTime:0.0008s ]
SQL: SELECT COUNT(*) AS tp_count FROM bill a join customer b on a.customer_id = b.customer_id join room c on a.room_id = c.room_id join user u on a.manager_id = u.manager_id join garden d on u.garden_id = d.garden_id join building e on u.building_id = e.building_id join lease l on a.lease_id = l.lease_id  WHERE a.is_delete = 0 AND a.manager_id = '1' AND a.last_time >= 1614528000 AND a.time <= 1617120000 LIMIT 1   [ RunTime:0.0008s ]
SQL: SELECT a.*,b.customer_name,b.customer_mobile,c.room_sn,d.garden_name,e.building_name,u.manager_name,l.is_exit,l.expire_time FROM bill a join customer b on a.customer_id = b.customer_id join room c on a.room_id = c.room_id join user u on a.manager_id = u.manager_id join garden d on u.garden_id = d.garden_id join building e on u.building_id = e.building_id join lease l on a.lease_id = l.lease_id  WHERE a.is_delete = 0 AND a.manager_id = '1' AND a.last_time >= 1614528000 AND a.time <= 1617120000 ORDER BY a.create_time asc LIMIT 0,10   [ RunTime:0.0006s ]
INFO: [ app_end ] --START--
INFO: Run Behavior\ShowPageTraceBehavior [ RunTime:0.000966s ]
INFO: [ app_end ] --END-- [ RunTime:0.001006s ]

[ 2021-03-15T22:22:49+08:00 ] 127.0.0.1 /admin.php/Bill/getBillList?page=1&limit=10&key1=&key2=&last_time=2021-03-01&time=2021-03-31
INFO: [ app_init ] --START--
INFO: Run Behavior\BuildLiteBehavior [ RunTime:0.000009s ]
INFO: [ app_init ] --END-- [ RunTime:0.000547s ]
INFO: [ app_begin ] --START--
INFO: Run Behavior\ReadHtmlCacheBehavior [ RunTime:0.000574s ]
INFO: [ app_begin ] --END-- [ RunTime:0.000606s ]
SQL: SHOW COLUMNS FROM `bill` [ RunTime:0.0006s ]
SQL: SELECT COUNT(*) AS tp_count FROM bill a join customer b on a.customer_id = b.customer_id join room c on a.room_id = c.room_id join user u on a.manager_id = u.manager_id join garden d on u.garden_id = d.garden_id join building e on u.building_id = e.building_id join lease l on a.lease_id = l.lease_id  WHERE a.is_delete = 0 AND a.manager_id = '1' AND a.last_time >= 1614528000 AND a.time <= 1617120000 LIMIT 1   [ RunTime:0.0007s ]
SQL: SELECT a.*,b.customer_name,b.customer_mobile,c.room_sn,d.garden_name,e.building_name,u.manager_name,l.is_exit,l.expire_time FROM bill a join customer b on a.customer_id = b.customer_id join room c on a.room_id = c.room_id join user u on a.manager_id = u.manager_id join garden d on u.garden_id = d.garden_id join building e on u.building_id = e.building_id join lease l on a.lease_id = l.lease_id  WHERE a.is_delete = 0 AND a.manager_id = '1' AND a.last_time >= 1614528000 AND a.time <= 1617120000 ORDER BY a.create_time asc LIMIT 0,10   [ RunTime:0.0004s ]
INFO: [ app_end ] --START--
INFO: Run Behavior\ShowPageTraceBehavior [ RunTime:0.000641s ]
INFO: [ app_end ] --END-- [ RunTime:0.000670s ]

[ 2021-03-15T22:22:53+08:00 ] 127.0.0.1 /admin.php/Bill/getBillList?page=1&limit=10&key1=&key2=&last_time=2021-03-01&time=2021-03-31
INFO: [ app_init ] --START--
INFO: Run Behavior\BuildLiteBehavior [ RunTime:0.000010s ]
INFO: [ app_init ] --END-- [ RunTime:0.000765s ]
INFO: [ app_begin ] --START--
INFO: Run Behavior\ReadHtmlCacheBehavior [ RunTime:0.000576s ]
INFO: [ app_begin ] --END-- [ RunTime:0.000608s ]
SQL: SHOW COLUMNS FROM `bill` [ RunTime:0.0007s ]
SQL: SELECT COUNT(*) AS tp_count FROM bill a join customer b on a.customer_id = b.customer_id join room c on a.room_id = c.room_id join user u on a.manager_id = u.manager_id join garden d on u.garden_id = d.garden_id join building e on u.building_id = e.building_id join lease l on a.lease_id = l.lease_id  WHERE a.is_delete = 0 AND a.manager_id = '1' AND a.last_time >= 1614528000 AND a.time <= 1617120000 LIMIT 1   [ RunTime:0.0008s ]
SQL: SELECT a.*,b.customer_name,b.customer_mobile,c.room_sn,d.garden_name,e.building_name,u.manager_name,l.is_exit,l.expire_time FROM bill a join customer b on a.customer_id = b.customer_id join room c on a.room_id = c.room_id join user u on a.manager_id = u.manager_id join garden d on u.garden_id = d.garden_id join building e on u.building_id = e.building_id join lease l on a.lease_id = l.lease_id  WHERE a.is_delete = 0 AND a.manager_id = '1' AND a.last_time >= 1614528000 AND a.time <= 1617120000 ORDER BY a.create_time asc LIMIT 0,10   [ RunTime:0.0005s ]
INFO: [ app_end ] --START--
INFO: Run Behavior\ShowPageTraceBehavior [ RunTime:0.000794s ]
INFO: [ app_end ] --END-- [ RunTime:0.000854s ]

[ 2021-03-15T22:22:53+08:00 ] 127.0.0.1 /admin.php/Bill/getBillList?page=1&limit=10&key1=&key2=&last_time=2021-03-01&time=2021-03-31
INFO: [ app_init ] --START--
INFO: Run Behavior\BuildLiteBehavior [ RunTime:0.000010s ]
INFO: [ app_init ] --END-- [ RunTime:0.000535s ]
INFO: [ app_begin ] --START--
INFO: Run Behavior\ReadHtmlCacheBehavior [ RunTime:0.000583s ]
INFO: [ app_begin ] --END-- [ RunTime:0.000615s ]
SQL: SHOW COLUMNS FROM `bill` [ RunTime:0.0005s ]
SQL: SELECT COUNT(*) AS tp_count FROM bill a join customer b on a.customer_id = b.customer_id join room c on a.room_id = c.room_id join user u on a.manager_id = u.manager_id join garden d on u.garden_id = d.garden_id join building e on u.building_id = e.building_id join lease l on a.lease_id = l.lease_id  WHERE a.is_delete = 0 AND a.manager_id = '1' AND a.last_time >= 1614528000 AND a.time <= 1617120000 LIMIT 1   [ RunTime:0.0007s ]
SQL: SELECT a.*,b.customer_name,b.customer_mobile,c.room_sn,d.garden_name,e.building_name,u.manager_name,l.is_exit,l.expire_time FROM bill a join customer b on a.customer_id = b.customer_id join room c on a.room_id = c.room_id join user u on a.manager_id = u.manager_id join garden d on u.garden_id = d.garden_id join building e on u.building_id = e.building_id join lease l on a.lease_id = l.lease_id  WHERE a.is_delete = 0 AND a.manager_id = '1' AND a.last_time >= 1614528000 AND a.time <= 1617120000 ORDER BY a.create_time asc LIMIT 0,10   [ RunTime:0.0004s ]
INFO: [ app_end ] --START--
INFO: Run Behavior\ShowPageTraceBehavior [ RunTime:0.000627s ]
INFO: [ app_end ] --END-- [ RunTime:0.000658s ]

[ 2021-03-15T22:22:57+08:00 ] 127.0.0.1 /admin.php/Bill/getBillList?page=1&limit=10&key1=&key2=&last_time=&time=
INFO: [ app_init ] --START--
INFO: Run Behavior\BuildLiteBehavior [ RunTime:0.000010s ]
INFO: [ app_init ] --END-- [ RunTime:0.000549s ]
INFO: [ app_begin ] --START--
INFO: Run Behavior\ReadHtmlCacheBehavior [ RunTime:0.000533s ]
INFO: [ app_begin ] --END-- [ RunTime:0.000569s ]
SQL: SHOW COLUMNS FROM `bill` [ RunTime:0.0007s ]
SQL: SELECT COUNT(*) AS tp_count FROM bill a join customer b on a.customer_id = b.customer_id join room c on a.room_id = c.room_id join user u on a.manager_id = u.manager_id join garden d on u.garden_id = d.garden_id join building e on u.building_id = e.building_id join lease l on a.lease_id = l.lease_id  WHERE a.is_delete = 0 AND a.manager_id = '1' LIMIT 1   [ RunTime:0.0005s ]
SQL: SELECT a.*,b.customer_name,b.customer_mobile,c.room_sn,d.garden_name,e.building_name,u.manager_name,l.is_exit,l.expire_time FROM bill a join customer b on a.customer_id = b.customer_id join room c on a.room_id = c.room_id join user u on a.manager_id = u.manager_id join garden d on u.garden_id = d.garden_id join building e on u.building_id = e.building_id join lease l on a.lease_id = l.lease_id  WHERE a.is_delete = 0 AND a.manager_id = '1' ORDER BY a.create_time asc LIMIT 0,10   [ RunTime:0.0006s ]
INFO: [ app_end ] --START--
INFO: Run Behavior\ShowPageTraceBehavior [ RunTime:0.000634s ]
INFO: [ app_end ] --END-- [ RunTime:0.000662s ]

[ 2021-03-15T22:22:57+08:00 ] 127.0.0.1 /admin.php/Bill/getBillList?page=1&limit=10&key1=&key2=&last_time=&time=
INFO: [ app_init ] --START--
INFO: Run Behavior\BuildLiteBehavior [ RunTime:0.000009s ]
INFO: [ app_init ] --END-- [ RunTime:0.000561s ]
INFO: [ app_begin ] --START--
INFO: Run Behavior\ReadHtmlCacheBehavior [ RunTime:0.000642s ]
INFO: [ app_begin ] --END-- [ RunTime:0.000682s ]
SQL: SHOW COLUMNS FROM `bill` [ RunTime:0.0007s ]
SQL: SELECT COUNT(*) AS tp_count FROM bill a join customer b on a.customer_id = b.customer_id join room c on a.room_id = c.room_id join user u on a.manager_id = u.manager_id join garden d on u.garden_id = d.garden_id join building e on u.building_id = e.building_id join lease l on a.lease_id = l.lease_id  WHERE a.is_delete = 0 AND a.manager_id = '1' LIMIT 1   [ RunTime:0.0005s ]
SQL: SELECT a.*,b.customer_name,b.customer_mobile,c.room_sn,d.garden_name,e.building_name,u.manager_name,l.is_exit,l.expire_time FROM bill a join customer b on a.customer_id = b.customer_id join room c on a.room_id = c.room_id join user u on a.manager_id = u.manager_id join garden d on u.garden_id = d.garden_id join building e on u.building_id = e.building_id join lease l on a.lease_id = l.lease_id  WHERE a.is_delete = 0 AND a.manager_id = '1' ORDER BY a.create_time asc LIMIT 0,10   [ RunTime:0.0006s ]
INFO: [ app_end ] --START--
INFO: Run Behavior\ShowPageTraceBehavior [ RunTime:0.000701s ]
INFO: [ app_end ] --END-- [ RunTime:0.000735s ]

[ 2021-03-15T22:23:02+08:00 ] 127.0.0.1 /admin.php/Bill/getBillList?page=1&limit=10&key1=&key2=&last_time=2021-03-01&time=
INFO: [ app_init ] --START--
INFO: Run Behavior\BuildLiteBehavior [ RunTime:0.000012s ]
INFO: [ app_init ] --END-- [ RunTime:0.000675s ]
INFO: [ app_begin ] --START--
INFO: Run Behavior\ReadHtmlCacheBehavior [ RunTime:0.000634s ]
INFO: [ app_begin ] --END-- [ RunTime:0.000673s ]
SQL: SHOW COLUMNS FROM `bill` [ RunTime:0.0007s ]
SQL: SELECT COUNT(*) AS tp_count FROM bill a join customer b on a.customer_id = b.customer_id join room c on a.room_id = c.room_id join user u on a.manager_id = u.manager_id join garden d on u.garden_id = d.garden_id join building e on u.building_id = e.building_id join lease l on a.lease_id = l.lease_id  WHERE a.is_delete = 0 AND a.manager_id = '1' AND a.last_time >= 1614528000 LIMIT 1   [ RunTime:0.0005s ]
SQL: SELECT a.*,b.customer_name,b.customer_mobile,c.room_sn,d.garden_name,e.building_name,u.manager_name,l.is_exit,l.expire_time FROM bill a join customer b on a.customer_id = b.customer_id join room c on a.room_id = c.room_id join user u on a.manager_id = u.manager_id join garden d on u.garden_id = d.garden_id join building e on u.building_id = e.building_id join lease l on a.lease_id = l.lease_id  WHERE a.is_delete = 0 AND a.manager_id = '1' AND a.last_time >= 1614528000 ORDER BY a.create_time asc LIMIT 0,10   [ RunTime:0.0011s ]
INFO: [ app_end ] --START--
INFO: Run Behavior\ShowPageTraceBehavior [ RunTime:0.001038s ]
INFO: [ app_end ] --END-- [ RunTime:0.001078s ]

[ 2021-03-15T22:23:02+08:00 ] 127.0.0.1 /admin.php/Bill/getBillList?page=1&limit=10&key1=&key2=&last_time=2021-03-01&time=
INFO: [ app_init ] --START--
INFO: Run Behavior\BuildLiteBehavior [ RunTime:0.000011s ]
INFO: [ app_init ] --END-- [ RunTime:0.000626s ]
INFO: [ app_begin ] --START--
INFO: Run Behavior\ReadHtmlCacheBehavior [ RunTime:0.000613s ]
INFO: [ app_begin ] --END-- [ RunTime:0.000649s ]
SQL: SHOW COLUMNS FROM `bill` [ RunTime:0.0008s ]
SQL: SELECT COUNT(*) AS tp_count FROM bill a join customer b on a.customer_id = b.customer_id join room c on a.room_id = c.room_id join user u on a.manager_id = u.manager_id join garden d on u.garden_id = d.garden_id join building e on u.building_id = e.building_id join lease l on a.lease_id = l.lease_id  WHERE a.is_delete = 0 AND a.manager_id = '1' AND a.last_time >= 1614528000 LIMIT 1   [ RunTime:0.0005s ]
SQL: SELECT a.*,b.customer_name,b.customer_mobile,c.room_sn,d.garden_name,e.building_name,u.manager_name,l.is_exit,l.expire_time FROM bill a join customer b on a.customer_id = b.customer_id join room c on a.room_id = c.room_id join user u on a.manager_id = u.manager_id join garden d on u.garden_id = d.garden_id join building e on u.building_id = e.building_id join lease l on a.lease_id = l.lease_id  WHERE a.is_delete = 0 AND a.manager_id = '1' AND a.last_time >= 1614528000 ORDER BY a.create_time asc LIMIT 0,10   [ RunTime:0.0007s ]
INFO: [ app_end ] --START--
INFO: Run Behavior\ShowPageTraceBehavior [ RunTime:0.001670s ]
INFO: [ app_end ] --END-- [ RunTime:0.001718s ]

[ 2021-03-15T22:23:03+08:00 ] 127.0.0.1 /admin.php/Bill/getBillList?page=1&limit=10&key1=&key2=1&last_time=2021-03-01&time=
INFO: [ app_init ] --START--
INFO: Run Behavior\BuildLiteBehavior [ RunTime:0.000011s ]
INFO: [ app_init ] --END-- [ RunTime:0.000621s ]
INFO: [ app_begin ] --START--
INFO: Run Behavior\ReadHtmlCacheBehavior [ RunTime:0.000728s ]
INFO: [ app_begin ] --END-- [ RunTime:0.000793s ]
SQL: SHOW COLUMNS FROM `bill` [ RunTime:0.0006s ]
SQL: SELECT COUNT(*) AS tp_count FROM bill a join customer b on a.customer_id = b.customer_id join room c on a.room_id = c.room_id join user u on a.manager_id = u.manager_id join garden d on u.garden_id = d.garden_id join building e on u.building_id = e.building_id join lease l on a.lease_id = l.lease_id  WHERE a.is_delete = 0 AND a.manager_id = '1' AND `bill_type` = '1' AND a.last_time >= 1614528000 LIMIT 1   [ RunTime:0.0006s ]
SQL: SELECT a.*,b.customer_name,b.customer_mobile,c.room_sn,d.garden_name,e.building_name,u.manager_name,l.is_exit,l.expire_time FROM bill a join customer b on a.customer_id = b.customer_id join room c on a.room_id = c.room_id join user u on a.manager_id = u.manager_id join garden d on u.garden_id = d.garden_id join building e on u.building_id = e.building_id join lease l on a.lease_id = l.lease_id  WHERE a.is_delete = 0 AND a.manager_id = '1' AND `bill_type` = '1' AND a.last_time >= 1614528000 ORDER BY a.create_time asc LIMIT 0,10   [ RunTime:0.0006s ]
INFO: [ app_end ] --START--
INFO: Run Behavior\ShowPageTraceBehavior [ RunTime:0.000629s ]
INFO: [ app_end ] --END-- [ RunTime:0.000659s ]

[ 2021-03-15T22:23:04+08:00 ] 127.0.0.1 /admin.php/Bill/getBillList?page=1&limit=10&key1=&key2=1&last_time=2021-03-01&time=
INFO: [ app_init ] --START--
INFO: Run Behavior\BuildLiteBehavior [ RunTime:0.000009s ]
INFO: [ app_init ] --END-- [ RunTime:0.000579s ]
INFO: [ app_begin ] --START--
INFO: Run Behavior\ReadHtmlCacheBehavior [ RunTime:0.000614s ]
INFO: [ app_begin ] --END-- [ RunTime:0.000647s ]
SQL: SHOW COLUMNS FROM `bill` [ RunTime:0.0006s ]
SQL: SELECT COUNT(*) AS tp_count FROM bill a join customer b on a.customer_id = b.customer_id join room c on a.room_id = c.room_id join user u on a.manager_id = u.manager_id join garden d on u.garden_id = d.garden_id join building e on u.building_id = e.building_id join lease l on a.lease_id = l.lease_id  WHERE a.is_delete = 0 AND a.manager_id = '1' AND `bill_type` = '1' AND a.last_time >= 1614528000 LIMIT 1   [ RunTime:0.0004s ]
SQL: SELECT a.*,b.customer_name,b.customer_mobile,c.room_sn,d.garden_name,e.building_name,u.manager_name,l.is_exit,l.expire_time FROM bill a join customer b on a.customer_id = b.customer_id join room c on a.room_id = c.room_id join user u on a.manager_id = u.manager_id join garden d on u.garden_id = d.garden_id join building e on u.building_id = e.building_id join lease l on a.lease_id = l.lease_id  WHERE a.is_delete = 0 AND a.manager_id = '1' AND `bill_type` = '1' AND a.last_time >= 1614528000 ORDER BY a.create_time asc LIMIT 0,10   [ RunTime:0.0004s ]
INFO: [ app_end ] --START--
INFO: Run Behavior\ShowPageTraceBehavior [ RunTime:0.000604s ]
INFO: [ app_end ] --END-- [ RunTime:0.000634s ]

[ 2021-03-15T22:23:23+08:00 ] 127.0.0.1 /admin.php/Bill/getBillList?page=1&limit=10&key1=&key2=&last_time=&time=
INFO: [ app_init ] --START--
INFO: Run Behavior\BuildLiteBehavior [ RunTime:0.000010s ]
INFO: [ app_init ] --END-- [ RunTime:0.000613s ]
INFO: [ app_begin ] --START--
INFO: Run Behavior\ReadHtmlCacheBehavior [ RunTime:0.000786s ]
INFO: [ app_begin ] --END-- [ RunTime:0.000845s ]
SQL: SHOW COLUMNS FROM `bill` [ RunTime:0.0007s ]
SQL: SELECT COUNT(*) AS tp_count FROM bill a join customer b on a.customer_id = b.customer_id join room c on a.room_id = c.room_id join user u on a.manager_id = u.manager_id join garden d on u.garden_id = d.garden_id join building e on u.building_id = e.building_id join lease l on a.lease_id = l.lease_id  WHERE a.is_delete = 0 AND a.manager_id = '1' LIMIT 1   [ RunTime:0.0004s ]
SQL: SELECT a.*,b.customer_name,b.customer_mobile,c.room_sn,d.garden_name,e.building_name,u.manager_name,l.is_exit,l.expire_time FROM bill a join customer b on a.customer_id = b.customer_id join room c on a.room_id = c.room_id join user u on a.manager_id = u.manager_id join garden d on u.garden_id = d.garden_id join building e on u.building_id = e.building_id join lease l on a.lease_id = l.lease_id  WHERE a.is_delete = 0 AND a.manager_id = '1' ORDER BY a.create_time asc LIMIT 0,10   [ RunTime:0.0005s ]
INFO: [ app_end ] --START--
INFO: Run Behavior\ShowPageTraceBehavior [ RunTime:0.000658s ]
INFO: [ app_end ] --END-- [ RunTime:0.000688s ]

[ 2021-03-15T22:23:23+08:00 ] 127.0.0.1 /admin.php/Bill/getBillList?page=1&limit=10&key1=&key2=&last_time=&time=
INFO: [ app_init ] --START--
INFO: Run Behavior\BuildLiteBehavior [ RunTime:0.000009s ]
INFO: [ app_init ] --END-- [ RunTime:0.000557s ]
INFO: [ app_begin ] --START--
INFO: Run Behavior\ReadHtmlCacheBehavior [ RunTime:0.000645s ]
INFO: [ app_begin ] --END-- [ RunTime:0.000692s ]
SQL: SHOW COLUMNS FROM `bill` [ RunTime:0.0006s ]
SQL: SELECT COUNT(*) AS tp_count FROM bill a join customer b on a.customer_id = b.customer_id join room c on a.room_id = c.room_id join user u on a.manager_id = u.manager_id join garden d on u.garden_id = d.garden_id join building e on u.building_id = e.building_id join lease l on a.lease_id = l.lease_id  WHERE a.is_delete = 0 AND a.manager_id = '1' LIMIT 1   [ RunTime:0.0005s ]
SQL: SELECT a.*,b.customer_name,b.customer_mobile,c.room_sn,d.garden_name,e.building_name,u.manager_name,l.is_exit,l.expire_time FROM bill a join customer b on a.customer_id = b.customer_id join room c on a.room_id = c.room_id join user u on a.manager_id = u.manager_id join garden d on u.garden_id = d.garden_id join building e on u.building_id = e.building_id join lease l on a.lease_id = l.lease_id  WHERE a.is_delete = 0 AND a.manager_id = '1' ORDER BY a.create_time asc LIMIT 0,10   [ RunTime:0.0009s ]
INFO: [ app_end ] --START--
INFO: Run Behavior\ShowPageTraceBehavior [ RunTime:0.000870s ]
INFO: [ app_end ] --END-- [ RunTime:0.000909s ]

[ 2021-03-15T22:23:33+08:00 ] 127.0.0.1 /admin.php/Bill/getBillList?page=1&limit=10&key1=&key2=&last_time=2021-02-01&time=2021-02-28
INFO: [ app_init ] --START--
INFO: Run Behavior\BuildLiteBehavior [ RunTime:0.000015s ]
INFO: [ app_init ] --END-- [ RunTime:0.000613s ]
INFO: [ app_begin ] --START--
INFO: Run Behavior\ReadHtmlCacheBehavior [ RunTime:0.000769s ]
INFO: [ app_begin ] --END-- [ RunTime:0.000824s ]
SQL: SHOW COLUMNS FROM `bill` [ RunTime:0.0006s ]
SQL: SELECT COUNT(*) AS tp_count FROM bill a join customer b on a.customer_id = b.customer_id join room c on a.room_id = c.room_id join user u on a.manager_id = u.manager_id join garden d on u.garden_id = d.garden_id join building e on u.building_id = e.building_id join lease l on a.lease_id = l.lease_id  WHERE a.is_delete = 0 AND a.manager_id = '1' AND a.last_time >= 1612108800 AND a.time <= 1614441600 LIMIT 1   [ RunTime:0.0007s ]
SQL: SELECT a.*,b.customer_name,b.customer_mobile,c.room_sn,d.garden_name,e.building_name,u.manager_name,l.is_exit,l.expire_time FROM bill a join customer b on a.customer_id = b.customer_id join room c on a.room_id = c.room_id join user u on a.manager_id = u.manager_id join garden d on u.garden_id = d.garden_id join building e on u.building_id = e.building_id join lease l on a.lease_id = l.lease_id  WHERE a.is_delete = 0 AND a.manager_id = '1' AND a.last_time >= 1612108800 AND a.time <= 1614441600 ORDER BY a.create_time asc LIMIT 0,10   [ RunTime:0.0006s ]
INFO: [ app_end ] --START--
INFO: Run Behavior\ShowPageTraceBehavior [ RunTime:0.000680s ]
INFO: [ app_end ] --END-- [ RunTime:0.000710s ]

[ 2021-03-15T22:23:33+08:00 ] 127.0.0.1 /admin.php/Bill/getBillList?page=1&limit=10&key1=&key2=&last_time=2021-02-01&time=2021-02-28
INFO: [ app_init ] --START--
INFO: Run Behavior\BuildLiteBehavior [ RunTime:0.000009s ]
INFO: [ app_init ] --END-- [ RunTime:0.000625s ]
INFO: [ app_begin ] --START--
INFO: Run Behavior\ReadHtmlCacheBehavior [ RunTime:0.000623s ]
INFO: [ app_begin ] --END-- [ RunTime:0.000655s ]
SQL: SHOW COLUMNS FROM `bill` [ RunTime:0.0005s ]
SQL: SELECT COUNT(*) AS tp_count FROM bill a join customer b on a.customer_id = b.customer_id join room c on a.room_id = c.room_id join user u on a.manager_id = u.manager_id join garden d on u.garden_id = d.garden_id join building e on u.building_id = e.building_id join lease l on a.lease_id = l.lease_id  WHERE a.is_delete = 0 AND a.manager_id = '1' AND a.last_time >= 1612108800 AND a.time <= 1614441600 LIMIT 1   [ RunTime:0.0006s ]
SQL: SELECT a.*,b.customer_name,b.customer_mobile,c.room_sn,d.garden_name,e.building_name,u.manager_name,l.is_exit,l.expire_time FROM bill a join customer b on a.customer_id = b.customer_id join room c on a.room_id = c.room_id join user u on a.manager_id = u.manager_id join garden d on u.garden_id = d.garden_id join building e on u.building_id = e.building_id join lease l on a.lease_id = l.lease_id  WHERE a.is_delete = 0 AND a.manager_id = '1' AND a.last_time >= 1612108800 AND a.time <= 1614441600 ORDER BY a.create_time asc LIMIT 0,10   [ RunTime:0.0004s ]
INFO: [ app_end ] --START--
INFO: Run Behavior\ShowPageTraceBehavior [ RunTime:0.000636s ]
INFO: [ app_end ] --END-- [ RunTime:0.000667s ]

[ 2021-03-15T22:23:45+08:00 ] 127.0.0.1 /admin.php/Bill/getBillList?page=1&limit=10&key1=&key2=1&last_time=2021-02-01&time=
INFO: [ app_init ] --START--
INFO: Run Behavior\BuildLiteBehavior [ RunTime:0.000010s ]
INFO: [ app_init ] --END-- [ RunTime:0.000562s ]
INFO: [ app_begin ] --START--
INFO: Run Behavior\ReadHtmlCacheBehavior [ RunTime:0.000652s ]
INFO: [ app_begin ] --END-- [ RunTime:0.000710s ]
SQL: SHOW COLUMNS FROM `bill` [ RunTime:0.0006s ]
SQL: SELECT COUNT(*) AS tp_count FROM bill a join customer b on a.customer_id = b.customer_id join room c on a.room_id = c.room_id join user u on a.manager_id = u.manager_id join garden d on u.garden_id = d.garden_id join building e on u.building_id = e.building_id join lease l on a.lease_id = l.lease_id  WHERE a.is_delete = 0 AND a.manager_id = '1' AND `bill_type` = '1' AND a.last_time >= 1612108800 LIMIT 1   [ RunTime:0.0005s ]
SQL: SELECT a.*,b.customer_name,b.customer_mobile,c.room_sn,d.garden_name,e.building_name,u.manager_name,l.is_exit,l.expire_time FROM bill a join customer b on a.customer_id = b.customer_id join room c on a.room_id = c.room_id join user u on a.manager_id = u.manager_id join garden d on u.garden_id = d.garden_id join building e on u.building_id = e.building_id join lease l on a.lease_id = l.lease_id  WHERE a.is_delete = 0 AND a.manager_id = '1' AND `bill_type` = '1' AND a.last_time >= 1612108800 ORDER BY a.create_time asc LIMIT 0,10   [ RunTime:0.0006s ]
INFO: [ app_end ] --START--
INFO: Run Behavior\ShowPageTraceBehavior [ RunTime:0.000644s ]
INFO: [ app_end ] --END-- [ RunTime:0.000672s ]

[ 2021-03-15T22:23:45+08:00 ] 127.0.0.1 /admin.php/Bill/getBillList?page=1&limit=10&key1=&key2=1&last_time=2021-02-01&time=
INFO: [ app_init ] --START--
INFO: Run Behavior\BuildLiteBehavior [ RunTime:0.000010s ]
INFO: [ app_init ] --END-- [ RunTime:0.000662s ]
INFO: [ app_begin ] --START--
INFO: Run Behavior\ReadHtmlCacheBehavior [ RunTime:0.000719s ]
INFO: [ app_begin ] --END-- [ RunTime:0.000759s ]
SQL: SHOW COLUMNS FROM `bill` [ RunTime:0.0006s ]
SQL: SELECT COUNT(*) AS tp_count FROM bill a join customer b on a.customer_id = b.customer_id join room c on a.room_id = c.room_id join user u on a.manager_id = u.manager_id join garden d on u.garden_id = d.garden_id join building e on u.building_id = e.building_id join lease l on a.lease_id = l.lease_id  WHERE a.is_delete = 0 AND a.manager_id = '1' AND `bill_type` = '1' AND a.last_time >= 1612108800 LIMIT 1   [ RunTime:0.0005s ]
SQL: SELECT a.*,b.customer_name,b.customer_mobile,c.room_sn,d.garden_name,e.building_name,u.manager_name,l.is_exit,l.expire_time FROM bill a join customer b on a.customer_id = b.customer_id join room c on a.room_id = c.room_id join user u on a.manager_id = u.manager_id join garden d on u.garden_id = d.garden_id join building e on u.building_id = e.building_id join lease l on a.lease_id = l.lease_id  WHERE a.is_delete = 0 AND a.manager_id = '1' AND `bill_type` = '1' AND a.last_time >= 1612108800 ORDER BY a.create_time asc LIMIT 0,10   [ RunTime:0.0006s ]
INFO: [ app_end ] --START--
INFO: Run Behavior\ShowPageTraceBehavior [ RunTime:0.000802s ]
INFO: [ app_end ] --END-- [ RunTime:0.000841s ]

[ 2021-03-15T22:24:32+08:00 ] 127.0.0.1 /admin.php/Bill/getBillList?page=1&limit=10&key1=&key2=1&last_time=2021-02-01&time=
INFO: [ app_init ] --START--
INFO: Run Behavior\BuildLiteBehavior [ RunTime:0.000018s ]
INFO: [ app_init ] --END-- [ RunTime:0.000672s ]
INFO: [ app_begin ] --START--
INFO: Run Behavior\ReadHtmlCacheBehavior [ RunTime:0.000821s ]
INFO: [ app_begin ] --END-- [ RunTime:0.000869s ]
SQL: SHOW COLUMNS FROM `bill` [ RunTime:0.0008s ]
SQL: SELECT COUNT(*) AS tp_count FROM bill a join customer b on a.customer_id = b.customer_id join room c on a.room_id = c.room_id join user u on a.manager_id = u.manager_id join garden d on u.garden_id = d.garden_id join building e on u.building_id = e.building_id join lease l on a.lease_id = l.lease_id  WHERE a.is_delete = 0 AND a.manager_id = '1' AND `bill_type` = '1' AND a.last_time >= 1612108800 LIMIT 1   [ RunTime:0.0008s ]
SQL: SELECT a.*,b.customer_name,b.customer_mobile,c.room_sn,d.garden_name,e.building_name,u.manager_name,l.is_exit,l.expire_time FROM bill a join customer b on a.customer_id = b.customer_id join room c on a.room_id = c.room_id join user u on a.manager_id = u.manager_id join garden d on u.garden_id = d.garden_id join building e on u.building_id = e.building_id join lease l on a.lease_id = l.lease_id  WHERE a.is_delete = 0 AND a.manager_id = '1' AND `bill_type` = '1' AND a.last_time >= 1612108800 ORDER BY a.create_time asc LIMIT 0,10   [ RunTime:0.0008s ]
INFO: [ app_end ] --START--
INFO: Run Behavior\ShowPageTraceBehavior [ RunTime:0.000898s ]
INFO: [ app_end ] --END-- [ RunTime:0.000948s ]

[ 2021-03-15T22:24:33+08:00 ] 127.0.0.1 /admin.php/Bill/getBillList?page=1&limit=10&key1=&key2=1&last_time=2021-02-01&time=
INFO: [ app_init ] --START--
INFO: Run Behavior\BuildLiteBehavior [ RunTime:0.000014s ]
INFO: [ app_init ] --END-- [ RunTime:0.000836s ]
INFO: [ app_begin ] --START--
INFO: Run Behavior\ReadHtmlCacheBehavior [ RunTime:0.000614s ]
INFO: [ app_begin ] --END-- [ RunTime:0.000654s ]
SQL: SHOW COLUMNS FROM `bill` [ RunTime:0.0009s ]
SQL: SELECT COUNT(*) AS tp_count FROM bill a join customer b on a.customer_id = b.customer_id join room c on a.room_id = c.room_id join user u on a.manager_id = u.manager_id join garden d on u.garden_id = d.garden_id join building e on u.building_id = e.building_id join lease l on a.lease_id = l.lease_id  WHERE a.is_delete = 0 AND a.manager_id = '1' AND `bill_type` = '1' AND a.last_time >= 1612108800 LIMIT 1   [ RunTime:0.0006s ]
SQL: SELECT a.*,b.customer_name,b.customer_mobile,c.room_sn,d.garden_name,e.building_name,u.manager_name,l.is_exit,l.expire_time FROM bill a join customer b on a.customer_id = b.customer_id join room c on a.room_id = c.room_id join user u on a.manager_id = u.manager_id join garden d on u.garden_id = d.garden_id join building e on u.building_id = e.building_id join lease l on a.lease_id = l.lease_id  WHERE a.is_delete = 0 AND a.manager_id = '1' AND `bill_type` = '1' AND a.last_time >= 1612108800 ORDER BY a.create_time asc LIMIT 0,10   [ RunTime:0.0007s ]
INFO: [ app_end ] --START--
INFO: Run Behavior\ShowPageTraceBehavior [ RunTime:0.000972s ]
INFO: [ app_end ] --END-- [ RunTime:0.001016s ]

[ 2021-03-15T22:24:48+08:00 ] 127.0.0.1 /admin.php/Bill/getBillList?page=1&limit=10&key1=&key2=1&last_time=2021-02-01&time=2021-02-28
INFO: [ app_init ] --START--
INFO: Run Behavior\BuildLiteBehavior [ RunTime:0.000013s ]
INFO: [ app_init ] --END-- [ RunTime:0.000600s ]
INFO: [ app_begin ] --START--
INFO: Run Behavior\ReadHtmlCacheBehavior [ RunTime:0.000614s ]
INFO: [ app_begin ] --END-- [ RunTime:0.000651s ]
SQL: SHOW COLUMNS FROM `bill` [ RunTime:0.0009s ]
SQL: SELECT COUNT(*) AS tp_count FROM bill a join customer b on a.customer_id = b.customer_id join room c on a.room_id = c.room_id join user u on a.manager_id = u.manager_id join garden d on u.garden_id = d.garden_id join building e on u.building_id = e.building_id join lease l on a.lease_id = l.lease_id  WHERE a.is_delete = 0 AND a.manager_id = '1' AND `bill_type` = '1' AND a.last_time >= 1612108800 AND a.time <= 1614441600 LIMIT 1   [ RunTime:0.0007s ]
SQL: SELECT a.*,b.customer_name,b.customer_mobile,c.room_sn,d.garden_name,e.building_name,u.manager_name,l.is_exit,l.expire_time FROM bill a join customer b on a.customer_id = b.customer_id join room c on a.room_id = c.room_id join user u on a.manager_id = u.manager_id join garden d on u.garden_id = d.garden_id join building e on u.building_id = e.building_id join lease l on a.lease_id = l.lease_id  WHERE a.is_delete = 0 AND a.manager_id = '1' AND `bill_type` = '1' AND a.last_time >= 1612108800 AND a.time <= 1614441600 ORDER BY a.create_time asc LIMIT 0,10   [ RunTime:0.0005s ]
INFO: [ app_end ] --START--
INFO: Run Behavior\ShowPageTraceBehavior [ RunTime:0.000826s ]
INFO: [ app_end ] --END-- [ RunTime:0.000865s ]

[ 2021-03-15T22:24:49+08:00 ] 127.0.0.1 /admin.php/Bill/getBillList?page=1&limit=10&key1=&key2=1&last_time=2021-02-01&time=2021-02-28
INFO: [ app_init ] --START--
INFO: Run Behavior\BuildLiteBehavior [ RunTime:0.000010s ]
INFO: [ app_init ] --END-- [ RunTime:0.000576s ]
INFO: [ app_begin ] --START--
INFO: Run Behavior\ReadHtmlCacheBehavior [ RunTime:0.000568s ]
INFO: [ app_begin ] --END-- [ RunTime:0.000601s ]
SQL: SHOW COLUMNS FROM `bill` [ RunTime:0.0007s ]
SQL: SELECT COUNT(*) AS tp_count FROM bill a join customer b on a.customer_id = b.customer_id join room c on a.room_id = c.room_id join user u on a.manager_id = u.manager_id join garden d on u.garden_id = d.garden_id join building e on u.building_id = e.building_id join lease l on a.lease_id = l.lease_id  WHERE a.is_delete = 0 AND a.manager_id = '1' AND `bill_type` = '1' AND a.last_time >= 1612108800 AND a.time <= 1614441600 LIMIT 1   [ RunTime:0.0005s ]
SQL: SELECT a.*,b.customer_name,b.customer_mobile,c.room_sn,d.garden_name,e.building_name,u.manager_name,l.is_exit,l.expire_time FROM bill a join customer b on a.customer_id = b.customer_id join room c on a.room_id = c.room_id join user u on a.manager_id = u.manager_id join garden d on u.garden_id = d.garden_id join building e on u.building_id = e.building_id join lease l on a.lease_id = l.lease_id  WHERE a.is_delete = 0 AND a.manager_id = '1' AND `bill_type` = '1' AND a.last_time >= 1612108800 AND a.time <= 1614441600 ORDER BY a.create_time asc LIMIT 0,10   [ RunTime:0.0004s ]
INFO: [ app_end ] --START--
INFO: Run Behavior\ShowPageTraceBehavior [ RunTime:0.000671s ]
INFO: [ app_end ] --END-- [ RunTime:0.000703s ]

[ 2021-03-15T22:24:49+08:00 ] 127.0.0.1 /admin.php/Bill/getBillList?page=1&limit=10&key1=&key2=&last_time=&time=
INFO: [ app_init ] --START--
INFO: Run Behavior\BuildLiteBehavior [ RunTime:0.000010s ]
INFO: [ app_init ] --END-- [ RunTime:0.000655s ]
INFO: [ app_begin ] --START--
INFO: Run Behavior\ReadHtmlCacheBehavior [ RunTime:0.000812s ]
INFO: [ app_begin ] --END-- [ RunTime:0.000883s ]
SQL: SHOW COLUMNS FROM `bill` [ RunTime:0.0006s ]
SQL: SELECT COUNT(*) AS tp_count FROM bill a join customer b on a.customer_id = b.customer_id join room c on a.room_id = c.room_id join user u on a.manager_id = u.manager_id join garden d on u.garden_id = d.garden_id join building e on u.building_id = e.building_id join lease l on a.lease_id = l.lease_id  WHERE a.is_delete = 0 AND a.manager_id = '1' LIMIT 1   [ RunTime:0.0007s ]
SQL: SELECT a.*,b.customer_name,b.customer_mobile,c.room_sn,d.garden_name,e.building_name,u.manager_name,l.is_exit,l.expire_time FROM bill a join customer b on a.customer_id = b.customer_id join room c on a.room_id = c.room_id join user u on a.manager_id = u.manager_id join garden d on u.garden_id = d.garden_id join building e on u.building_id = e.building_id join lease l on a.lease_id = l.lease_id  WHERE a.is_delete = 0 AND a.manager_id = '1' ORDER BY a.create_time asc LIMIT 0,10   [ RunTime:0.0006s ]
INFO: [ app_end ] --START--
INFO: Run Behavior\ShowPageTraceBehavior [ RunTime:0.000806s ]
INFO: [ app_end ] --END-- [ RunTime:0.000843s ]

[ 2021-03-15T22:24:50+08:00 ] 127.0.0.1 /admin.php/Bill/getBillList?page=1&limit=10&key1=&key2=&last_time=&time=
INFO: [ app_init ] --START--
INFO: Run Behavior\BuildLiteBehavior [ RunTime:0.000012s ]
INFO: [ app_init ] --END-- [ RunTime:0.000806s ]
INFO: [ app_begin ] --START--
INFO: Run Behavior\ReadHtmlCacheBehavior [ RunTime:0.000713s ]
INFO: [ app_begin ] --END-- [ RunTime:0.000755s ]
SQL: SHOW COLUMNS FROM `bill` [ RunTime:0.0007s ]
SQL: SELECT COUNT(*) AS tp_count FROM bill a join customer b on a.customer_id = b.customer_id join room c on a.room_id = c.room_id join user u on a.manager_id = u.manager_id join garden d on u.garden_id = d.garden_id join building e on u.building_id = e.building_id join lease l on a.lease_id = l.lease_id  WHERE a.is_delete = 0 AND a.manager_id = '1' LIMIT 1   [ RunTime:0.0007s ]
SQL: SELECT a.*,b.customer_name,b.customer_mobile,c.room_sn,d.garden_name,e.building_name,u.manager_name,l.is_exit,l.expire_time FROM bill a join customer b on a.customer_id = b.customer_id join room c on a.room_id = c.room_id join user u on a.manager_id = u.manager_id join garden d on u.garden_id = d.garden_id join building e on u.building_id = e.building_id join lease l on a.lease_id = l.lease_id  WHERE a.is_delete = 0 AND a.manager_id = '1' ORDER BY a.create_time asc LIMIT 0,10   [ RunTime:0.0007s ]
INFO: [ app_end ] --START--
INFO: Run Behavior\ShowPageTraceBehavior [ RunTime:0.001018s ]
INFO: [ app_end ] --END-- [ RunTime:0.001062s ]

[ 2021-03-15T22:25:03+08:00 ] 127.0.0.1 /admin.php/Login/logout.html
INFO: [ app_init ] --START--
INFO: Run Behavior\BuildLiteBehavior [ RunTime:0.000011s ]
INFO: [ app_init ] --END-- [ RunTime:0.000556s ]
INFO: [ app_begin ] --START--
INFO: Run Behavior\ReadHtmlCacheBehavior [ RunTime:0.000595s ]
INFO: [ app_begin ] --END-- [ RunTime:0.000641s ]

[ 2021-03-15T22:25:03+08:00 ] 127.0.0.1 /admin.php/Login/login.html
INFO: [ app_init ] --START--
INFO: Run Behavior\BuildLiteBehavior [ RunTime:0.000009s ]
INFO: [ app_init ] --END-- [ RunTime:0.000523s ]
INFO: [ app_begin ] --START--
INFO: Run Behavior\ReadHtmlCacheBehavior [ RunTime:0.000566s ]
INFO: [ app_begin ] --END-- [ RunTime:0.000601s ]
INFO: [ view_parse ] --START--
INFO: [ template_filter ] --START--
INFO: Run Behavior\ContentReplaceBehavior [ RunTime:0.000039s ]
INFO: [ template_filter ] --END-- [ RunTime:0.000072s ]
INFO: Run Behavior\ParseTemplateBehavior [ RunTime:0.018082s ]
INFO: [ view_parse ] --END-- [ RunTime:0.018130s ]
INFO: [ view_filter ] --START--
INFO: Run Behavior\WriteHtmlCacheBehavior [ RunTime:0.001072s ]
INFO: [ view_filter ] --END-- [ RunTime:0.001112s ]
INFO: [ app_end ] --START--
INFO: Run Behavior\ShowPageTraceBehavior [ RunTime:0.000892s ]
INFO: [ app_end ] --END-- [ RunTime:0.000934s ]

[ 2021-03-15T22:25:03+08:00 ] 127.0.0.1 /admin.php/Login/verify/id/a_login_1.html
INFO: [ app_init ] --START--
INFO: Run Behavior\BuildLiteBehavior [ RunTime:0.000013s ]
INFO: [ app_init ] --END-- [ RunTime:0.000581s ]
INFO: [ app_begin ] --START--
INFO: Run Behavior\ReadHtmlCacheBehavior [ RunTime:0.000656s ]
INFO: [ app_begin ] --END-- [ RunTime:0.000705s ]
INFO: [ app_end ] --START--
INFO: Run Behavior\ShowPageTraceBehavior [ RunTime:0.000728s ]
INFO: [ app_end ] --END-- [ RunTime:0.000774s ]

