[ 2021-05-08T21:49:08+08:00 ] 127.0.0.1 /admin.php
INFO: [ app_init ] --START--
INFO: Run Behavior\BuildLiteBehavior [ RunTime:0.000011s ]
INFO: [ app_init ] --END-- [ RunTime:0.013055s ]
INFO: [ app_begin ] --START--
INFO: Run Behavior\ReadHtmlCacheBehavior [ RunTime:0.010930s ]
INFO: [ app_begin ] --END-- [ RunTime:0.010987s ]
INFO: [ view_parse ] --START--
INFO: [ template_filter ] --START--
INFO: Run Behavior\ContentReplaceBehavior [ RunTime:0.000069s ]
INFO: [ template_filter ] --END-- [ RunTime:0.000109s ]
INFO: Run Behavior\ParseTemplateBehavior [ RunTime:0.082145s ]
INFO: [ view_parse ] --END-- [ RunTime:0.082194s ]
INFO: [ view_filter ] --START--
INFO: Run Behavior\WriteHtmlCacheBehavior [ RunTime:0.013328s ]
INFO: [ view_filter ] --END-- [ RunTime:0.013370s ]
INFO: [ app_end ] --START--
INFO: Run Behavior\ShowPageTraceBehavior [ RunTime:0.001523s ]
INFO: [ app_end ] --END-- [ RunTime:0.001564s ]

[ 2021-05-08T21:49:09+08:00 ] 127.0.0.1 /admin.php/Login/login.html
INFO: [ app_init ] --START--
INFO: Run Behavior\BuildLiteBehavior [ RunTime:0.000013s ]
INFO: [ app_init ] --END-- [ RunTime:0.000730s ]
INFO: [ app_begin ] --START--
INFO: Run Behavior\ReadHtmlCacheBehavior [ RunTime:0.002534s ]
INFO: [ app_begin ] --END-- [ RunTime:0.002617s ]
INFO: [ view_parse ] --START--
INFO: [ template_filter ] --START--
INFO: Run Behavior\ContentReplaceBehavior [ RunTime:0.000045s ]
INFO: [ template_filter ] --END-- [ RunTime:0.000090s ]
INFO: Run Behavior\ParseTemplateBehavior [ RunTime:0.032345s ]
INFO: [ view_parse ] --END-- [ RunTime:0.032448s ]
INFO: [ view_filter ] --START--
INFO: Run Behavior\WriteHtmlCacheBehavior [ RunTime:0.001123s ]
INFO: [ view_filter ] --END-- [ RunTime:0.001184s ]
INFO: [ app_end ] --START--
INFO: Run Behavior\ShowPageTraceBehavior [ RunTime:0.001048s ]
INFO: [ app_end ] --END-- [ RunTime:0.001100s ]

[ 2021-05-08T21:49:10+08:00 ] 127.0.0.1 /admin.php/Login/verify/id/a_login_1.html
INFO: [ app_init ] --START--
INFO: Run Behavior\BuildLiteBehavior [ RunTime:0.000012s ]
INFO: [ app_init ] --END-- [ RunTime:0.000627s ]
INFO: [ app_begin ] --START--
INFO: Run Behavior\ReadHtmlCacheBehavior [ RunTime:0.001562s ]
INFO: [ app_begin ] --END-- [ RunTime:0.001891s ]
INFO: [ app_end ] --START--
INFO: Run Behavior\ShowPageTraceBehavior [ RunTime:0.000737s ]
INFO: [ app_end ] --END-- [ RunTime:0.000798s ]

[ 2021-05-08T21:49:16+08:00 ] 127.0.0.1 /admin.php/Login/toLogin
INFO: [ app_init ] --START--
INFO: Run Behavior\BuildLiteBehavior [ RunTime:0.000031s ]
INFO: [ app_init ] --END-- [ RunTime:0.001461s ]
INFO: [ app_begin ] --START--
INFO: Run Behavior\ReadHtmlCacheBehavior [ RunTime:0.000604s ]
INFO: [ app_begin ] --END-- [ RunTime:0.000648s ]
SQL: SHOW COLUMNS FROM `user` [ RunTime:0.0328s ]
SQL: SELECT * FROM `user` WHERE `name` = 'garden' AND `password` = 'e10adc3949ba59abbe56e057f20f883e' AND `is_delete` = 0 LIMIT 1   [ RunTime:0.0327s ]
SQL: SHOW COLUMNS FROM `garden` [ RunTime:0.0018s ]
SQL: SELECT * FROM `garden` WHERE `garden_id` = 1 LIMIT 1   [ RunTime:0.0015s ]

[ 2021-05-08T21:49:20+08:00 ] 127.0.0.1 /admin.php/Index/index.html
INFO: [ app_init ] --START--
INFO: Run Behavior\BuildLiteBehavior [ RunTime:0.000031s ]
INFO: [ app_init ] --END-- [ RunTime:0.001086s ]
INFO: [ app_begin ] --START--
INFO: Run Behavior\ReadHtmlCacheBehavior [ RunTime:0.000669s ]
INFO: [ app_begin ] --END-- [ RunTime:0.000721s ]
SQL: SHOW COLUMNS FROM `garden` [ RunTime:0.0021s ]
SQL: SELECT * FROM `garden` WHERE `garden_id` = 1 AND `is_delete` = 0 LIMIT 1   [ RunTime:0.0007s ]
INFO: [ view_parse ] --START--
INFO: [ template_filter ] --START--
INFO: Run Behavior\ContentReplaceBehavior [ RunTime:0.000094s ]
INFO: [ template_filter ] --END-- [ RunTime:0.000147s ]
INFO: Run Behavior\ParseTemplateBehavior [ RunTime:0.040038s ]
INFO: [ view_parse ] --END-- [ RunTime:0.040131s ]
INFO: [ view_filter ] --START--
INFO: Run Behavior\WriteHtmlCacheBehavior [ RunTime:0.002829s ]
INFO: [ view_filter ] --END-- [ RunTime:0.002878s ]
INFO: [ app_end ] --START--
INFO: Run Behavior\ShowPageTraceBehavior [ RunTime:0.001625s ]
INFO: [ app_end ] --END-- [ RunTime:0.001690s ]

[ 2021-05-08T21:49:20+08:00 ] 127.0.0.1 /admin.php/Index/welcome.html
INFO: [ app_init ] --START--
INFO: Run Behavior\BuildLiteBehavior [ RunTime:0.000011s ]
INFO: [ app_init ] --END-- [ RunTime:0.000560s ]
INFO: [ app_begin ] --START--
INFO: Run Behavior\ReadHtmlCacheBehavior [ RunTime:0.000644s ]
INFO: [ app_begin ] --END-- [ RunTime:0.000691s ]
SQL: SHOW COLUMNS FROM `room` [ RunTime:0.0017s ]
SQL: SELECT COUNT(*) AS tp_count FROM `room` WHERE `is_delete` = 0 AND `manager_id` = 1 LIMIT 1   [ RunTime:0.0258s ]
SQL: SELECT COUNT(*) AS tp_count FROM `room` WHERE `is_delete` = 0 AND `manager_id` = 1 AND `room_status` = 1 LIMIT 1   [ RunTime:0.0003s ]
SQL: SELECT VERSION() as ver; [ RunTime:0.0186s ]
INFO: [ view_parse ] --START--
INFO: [ template_filter ] --START--
INFO: Run Behavior\ContentReplaceBehavior [ RunTime:0.000085s ]
INFO: [ template_filter ] --END-- [ RunTime:0.000130s ]
NOTIC: [8] Undefined variable: data D:\phpstudy_pro\WWW\poms\Application\Runtime\Cache\Manage\1e288adad12e0bfd37a0b3a2cdaf852e.php 第 93 行.
NOTIC: [8] Undefined variable: data D:\phpstudy_pro\WWW\poms\Application\Runtime\Cache\Manage\1e288adad12e0bfd37a0b3a2cdaf852e.php 第 100 行.
NOTIC: [8] Undefined variable: data D:\phpstudy_pro\WWW\poms\Application\Runtime\Cache\Manage\1e288adad12e0bfd37a0b3a2cdaf852e.php 第 118 行.
INFO: Run Behavior\ParseTemplateBehavior [ RunTime:0.024599s ]
INFO: [ view_parse ] --END-- [ RunTime:0.024646s ]
INFO: [ view_filter ] --START--
INFO: Run Behavior\WriteHtmlCacheBehavior [ RunTime:0.001330s ]
INFO: [ view_filter ] --END-- [ RunTime:0.001396s ]
INFO: [ app_end ] --START--
INFO: Run Behavior\ShowPageTraceBehavior [ RunTime:0.000965s ]
INFO: [ app_end ] --END-- [ RunTime:0.001008s ]

[ 2021-05-08T21:49:21+08:00 ] 127.0.0.1 /admin.php/Index/welcomeList
INFO: [ app_init ] --START--
INFO: Run Behavior\BuildLiteBehavior [ RunTime:0.000013s ]
INFO: [ app_init ] --END-- [ RunTime:0.000545s ]
INFO: [ app_begin ] --START--
INFO: Run Behavior\ReadHtmlCacheBehavior [ RunTime:0.000627s ]
INFO: [ app_begin ] --END-- [ RunTime:0.000681s ]
SQL: SHOW COLUMNS FROM `bill` [ RunTime:0.0140s ]
SQL: SELECT * FROM `bill` WHERE `is_delete` = 0 AND `manager_id` = 1 AND `bill_type` = 1  [ RunTime:0.0007s ]
SQL: SELECT * FROM `bill` WHERE `is_delete` = 0 AND `manager_id` = 1 AND `bill_type` = 3  [ RunTime:0.0004s ]
SQL: SELECT * FROM `bill` WHERE `is_delete` = 0 AND `manager_id` = 1 AND `bill_type` = 2  [ RunTime:0.0004s ]
SQL: SELECT * FROM `bill` WHERE `is_delete` = 0 AND `manager_id` = 1 AND `pay_status` = 1 AND `bill_type` = 1  [ RunTime:0.0005s ]
SQL: SELECT * FROM `bill` WHERE `is_delete` = 0 AND `manager_id` = 1 AND `pay_status` = 1 AND `bill_type` = 3  [ RunTime:0.0005s ]
SQL: SELECT * FROM `bill` WHERE `is_delete` = 0 AND `manager_id` = 1 AND `pay_status` = 1 AND `bill_type` = 2  [ RunTime:0.0005s ]
INFO: [ app_end ] --START--
INFO: Run Behavior\ShowPageTraceBehavior [ RunTime:0.000891s ]
INFO: [ app_end ] --END-- [ RunTime:0.000933s ]

[ 2021-05-08T21:49:22+08:00 ] 127.0.0.1 /admin.php/Room/index.html
INFO: [ app_init ] --START--
INFO: Run Behavior\BuildLiteBehavior [ RunTime:0.000015s ]
INFO: [ app_init ] --END-- [ RunTime:0.000752s ]
INFO: [ app_begin ] --START--
INFO: Run Behavior\ReadHtmlCacheBehavior [ RunTime:0.000729s ]
INFO: [ app_begin ] --END-- [ RunTime:0.000782s ]
INFO: [ view_parse ] --START--
INFO: [ template_filter ] --START--
INFO: Run Behavior\ContentReplaceBehavior [ RunTime:0.000113s ]
INFO: [ template_filter ] --END-- [ RunTime:0.000161s ]
INFO: Run Behavior\ParseTemplateBehavior [ RunTime:0.020965s ]
INFO: [ view_parse ] --END-- [ RunTime:0.021033s ]
INFO: [ view_filter ] --START--
INFO: Run Behavior\WriteHtmlCacheBehavior [ RunTime:0.002979s ]
INFO: [ view_filter ] --END-- [ RunTime:0.003057s ]
INFO: [ app_end ] --START--
INFO: Run Behavior\ShowPageTraceBehavior [ RunTime:0.002130s ]
INFO: [ app_end ] --END-- [ RunTime:0.002190s ]

[ 2021-05-08T21:49:22+08:00 ] 127.0.0.1 /admin.php/Room/getRoomList?page=1&limit=10
INFO: [ app_init ] --START--
INFO: Run Behavior\BuildLiteBehavior [ RunTime:0.000012s ]
INFO: [ app_init ] --END-- [ RunTime:0.000639s ]
INFO: [ app_begin ] --START--
INFO: Run Behavior\ReadHtmlCacheBehavior [ RunTime:0.000893s ]
INFO: [ app_begin ] --END-- [ RunTime:0.001226s ]
SQL: SHOW COLUMNS FROM `room` [ RunTime:0.0030s ]
SQL: SELECT * FROM `room` WHERE `is_delete` = 0 AND `garden_id` = 1 AND `manager_id` = 1 ORDER BY room_id LIMIT 0,10   [ RunTime:0.0078s ]
SQL: SELECT * FROM `room` WHERE `is_delete` = 0 AND `garden_id` = 1 AND `manager_id` = 1  [ RunTime:0.0008s ]

[ 2021-05-08T21:49:24+08:00 ] 127.0.0.1 /admin.php/Room/getRoomList?page=2&limit=10
INFO: [ app_init ] --START--
INFO: Run Behavior\BuildLiteBehavior [ RunTime:0.000014s ]
INFO: [ app_init ] --END-- [ RunTime:0.000680s ]
INFO: [ app_begin ] --START--
INFO: Run Behavior\ReadHtmlCacheBehavior [ RunTime:0.000753s ]
INFO: [ app_begin ] --END-- [ RunTime:0.000810s ]
SQL: SHOW COLUMNS FROM `room` [ RunTime:0.0021s ]
SQL: SELECT * FROM `room` WHERE `is_delete` = 0 AND `garden_id` = 1 AND `manager_id` = 1 ORDER BY room_id LIMIT 10,10   [ RunTime:0.0004s ]
SQL: SELECT * FROM `room` WHERE `is_delete` = 0 AND `garden_id` = 1 AND `manager_id` = 1  [ RunTime:0.0003s ]

[ 2021-05-08T21:49:45+08:00 ] 127.0.0.1 /admin.php/Room/index.html
INFO: [ app_init ] --START--
INFO: Run Behavior\BuildLiteBehavior [ RunTime:0.000041s ]
INFO: [ app_init ] --END-- [ RunTime:0.000981s ]
INFO: [ app_begin ] --START--
INFO: Run Behavior\ReadHtmlCacheBehavior [ RunTime:0.001111s ]
INFO: [ app_begin ] --END-- [ RunTime:0.001191s ]
INFO: [ view_parse ] --START--
INFO: [ template_filter ] --START--
INFO: Run Behavior\ContentReplaceBehavior [ RunTime:0.002148s ]
INFO: [ template_filter ] --END-- [ RunTime:0.002272s ]
INFO: Run Behavior\ParseTemplateBehavior [ RunTime:0.053185s ]
INFO: [ view_parse ] --END-- [ RunTime:0.053253s ]
INFO: [ view_filter ] --START--
INFO: Run Behavior\WriteHtmlCacheBehavior [ RunTime:0.000774s ]
INFO: [ view_filter ] --END-- [ RunTime:0.000915s ]
INFO: [ app_end ] --START--
INFO: Run Behavior\ShowPageTraceBehavior [ RunTime:0.000824s ]
INFO: [ app_end ] --END-- [ RunTime:0.000929s ]

[ 2021-05-08T21:49:45+08:00 ] 127.0.0.1 /admin.php/Room/getRoomList?page=1&limit=10
INFO: [ app_init ] --START--
INFO: Run Behavior\BuildLiteBehavior [ RunTime:0.000010s ]
INFO: [ app_init ] --END-- [ RunTime:0.000513s ]
INFO: [ app_begin ] --START--
INFO: Run Behavior\ReadHtmlCacheBehavior [ RunTime:0.000673s ]
INFO: [ app_begin ] --END-- [ RunTime:0.000718s ]
SQL: SHOW COLUMNS FROM `room` [ RunTime:0.0017s ]
SQL: SELECT * FROM `room` WHERE `is_delete` = 0 AND `garden_id` = 1 AND `manager_id` = 1 ORDER BY room_id LIMIT 0,10   [ RunTime:0.0006s ]
SQL: SELECT * FROM `room` WHERE `is_delete` = 0 AND `garden_id` = 1 AND `manager_id` = 1  [ RunTime:0.0003s ]

[ 2021-05-08T21:49:54+08:00 ] 127.0.0.1 /admin.php/Room/room_add
INFO: [ app_init ] --START--
INFO: Run Behavior\BuildLiteBehavior [ RunTime:0.000010s ]
INFO: [ app_init ] --END-- [ RunTime:0.000523s ]
INFO: [ app_begin ] --START--
INFO: Run Behavior\ReadHtmlCacheBehavior [ RunTime:0.000579s ]
INFO: [ app_begin ] --END-- [ RunTime:0.000619s ]
INFO: [ view_parse ] --START--
INFO: [ template_filter ] --START--
INFO: Run Behavior\ContentReplaceBehavior [ RunTime:0.000057s ]
INFO: [ template_filter ] --END-- [ RunTime:0.000135s ]
NOTIC: [8] Undefined index: garden_name D:\phpstudy_pro\WWW\poms\Application\Runtime\Cache\Manage\fcd346e1a2c76bfe4095b418da38c0cd.php 第 41 行.
NOTIC: [8] Undefined index: garden_name D:\phpstudy_pro\WWW\poms\Application\Runtime\Cache\Manage\fcd346e1a2c76bfe4095b418da38c0cd.php 第 44 行.
INFO: Run Behavior\ParseTemplateBehavior [ RunTime:0.047719s ]
INFO: [ view_parse ] --END-- [ RunTime:0.047770s ]
INFO: [ view_filter ] --START--
INFO: Run Behavior\WriteHtmlCacheBehavior [ RunTime:0.000505s ]
INFO: [ view_filter ] --END-- [ RunTime:0.000535s ]
INFO: [ app_end ] --START--
INFO: Run Behavior\ShowPageTraceBehavior [ RunTime:0.000586s ]
INFO: [ app_end ] --END-- [ RunTime:0.000629s ]

[ 2021-05-08T21:50:06+08:00 ] 127.0.0.1 /admin.php/Room/addRoom
INFO: [ app_init ] --START--
INFO: Run Behavior\BuildLiteBehavior [ RunTime:0.000013s ]
INFO: [ app_init ] --END-- [ RunTime:0.000669s ]
INFO: [ app_begin ] --START--
INFO: Run Behavior\ReadHtmlCacheBehavior [ RunTime:0.000726s ]
INFO: [ app_begin ] --END-- [ RunTime:0.000771s ]
SQL: SHOW COLUMNS FROM `room` [ RunTime:0.0021s ]
SQL: INSERT INTO `room` (`room_sn`,`remark`,`manager_id`,`garden_id`,`create_time`) VALUES ('402','东南向','1','1','1620481806') [ RunTime:0.1744s ]

[ 2021-05-08T21:50:09+08:00 ] 127.0.0.1 /admin.php/Room/index.html
INFO: [ app_init ] --START--
INFO: Run Behavior\BuildLiteBehavior [ RunTime:0.000013s ]
INFO: [ app_init ] --END-- [ RunTime:0.000629s ]
INFO: [ app_begin ] --START--
INFO: Run Behavior\ReadHtmlCacheBehavior [ RunTime:0.000768s ]
INFO: [ app_begin ] --END-- [ RunTime:0.000812s ]
INFO: [ view_parse ] --START--
INFO: [ template_filter ] --START--
INFO: Run Behavior\ContentReplaceBehavior [ RunTime:0.000088s ]
INFO: [ template_filter ] --END-- [ RunTime:0.000125s ]
INFO: Run Behavior\ParseTemplateBehavior [ RunTime:0.007598s ]
INFO: [ view_parse ] --END-- [ RunTime:0.007664s ]
INFO: [ view_filter ] --START--
INFO: Run Behavior\WriteHtmlCacheBehavior [ RunTime:0.000511s ]
INFO: [ view_filter ] --END-- [ RunTime:0.000545s ]
INFO: [ app_end ] --START--
INFO: Run Behavior\ShowPageTraceBehavior [ RunTime:0.000912s ]
INFO: [ app_end ] --END-- [ RunTime:0.000956s ]

[ 2021-05-08T21:50:09+08:00 ] 127.0.0.1 /admin.php/Room/getRoomList?page=1&limit=10
INFO: [ app_init ] --START--
INFO: Run Behavior\BuildLiteBehavior [ RunTime:0.000023s ]
INFO: [ app_init ] --END-- [ RunTime:0.000504s ]
INFO: [ app_begin ] --START--
INFO: Run Behavior\ReadHtmlCacheBehavior [ RunTime:0.000593s ]
INFO: [ app_begin ] --END-- [ RunTime:0.000634s ]
SQL: SHOW COLUMNS FROM `room` [ RunTime:0.0009s ]
SQL: SELECT * FROM `room` WHERE `is_delete` = 0 AND `garden_id` = 1 AND `manager_id` = 1 ORDER BY room_id LIMIT 0,10   [ RunTime:0.0010s ]
SQL: SELECT * FROM `room` WHERE `is_delete` = 0 AND `garden_id` = 1 AND `manager_id` = 1  [ RunTime:0.0003s ]

[ 2021-05-08T21:50:11+08:00 ] 127.0.0.1 /admin.php/Room/getRoomList?page=2&limit=10
INFO: [ app_init ] --START--
INFO: Run Behavior\BuildLiteBehavior [ RunTime:0.000012s ]
INFO: [ app_init ] --END-- [ RunTime:0.001300s ]
INFO: [ app_begin ] --START--
INFO: Run Behavior\ReadHtmlCacheBehavior [ RunTime:0.000624s ]
INFO: [ app_begin ] --END-- [ RunTime:0.000672s ]
SQL: SHOW COLUMNS FROM `room` [ RunTime:0.0008s ]
SQL: SELECT * FROM `room` WHERE `is_delete` = 0 AND `garden_id` = 1 AND `manager_id` = 1 ORDER BY room_id LIMIT 10,10   [ RunTime:0.0003s ]
SQL: SELECT * FROM `room` WHERE `is_delete` = 0 AND `garden_id` = 1 AND `manager_id` = 1  [ RunTime:0.0002s ]

[ 2021-05-08T21:50:21+08:00 ] 127.0.0.1 /admin.php/Room/getRoomList?page=1&limit=10
INFO: [ app_init ] --START--
INFO: Run Behavior\BuildLiteBehavior [ RunTime:0.000014s ]
INFO: [ app_init ] --END-- [ RunTime:0.000596s ]
INFO: [ app_begin ] --START--
INFO: Run Behavior\ReadHtmlCacheBehavior [ RunTime:0.000560s ]
INFO: [ app_begin ] --END-- [ RunTime:0.000598s ]
SQL: SHOW COLUMNS FROM `room` [ RunTime:0.0033s ]
SQL: SELECT * FROM `room` WHERE `is_delete` = 0 AND `garden_id` = 1 AND `manager_id` = 1 ORDER BY room_id LIMIT 0,10   [ RunTime:0.0005s ]
SQL: SELECT * FROM `room` WHERE `is_delete` = 0 AND `garden_id` = 1 AND `manager_id` = 1  [ RunTime:0.0004s ]

[ 2021-05-08T21:50:21+08:00 ] 127.0.0.1 /admin.php/Room/getRoomList?page=2&limit=10
INFO: [ app_init ] --START--
INFO: Run Behavior\BuildLiteBehavior [ RunTime:0.000013s ]
INFO: [ app_init ] --END-- [ RunTime:0.000709s ]
INFO: [ app_begin ] --START--
INFO: Run Behavior\ReadHtmlCacheBehavior [ RunTime:0.000815s ]
INFO: [ app_begin ] --END-- [ RunTime:0.000873s ]
SQL: SHOW COLUMNS FROM `room` [ RunTime:0.0025s ]
SQL: SELECT * FROM `room` WHERE `is_delete` = 0 AND `garden_id` = 1 AND `manager_id` = 1 ORDER BY room_id LIMIT 10,10   [ RunTime:0.0014s ]
SQL: SELECT * FROM `room` WHERE `is_delete` = 0 AND `garden_id` = 1 AND `manager_id` = 1  [ RunTime:0.0004s ]

[ 2021-05-08T21:50:22+08:00 ] 127.0.0.1 /admin.php/Room/room_addCustomer
INFO: [ app_init ] --START--
INFO: Run Behavior\BuildLiteBehavior [ RunTime:0.000012s ]
INFO: [ app_init ] --END-- [ RunTime:0.000672s ]
INFO: [ app_begin ] --START--
INFO: Run Behavior\ReadHtmlCacheBehavior [ RunTime:0.000603s ]
INFO: [ app_begin ] --END-- [ RunTime:0.000645s ]
INFO: [ view_parse ] --START--
INFO: [ template_filter ] --START--
INFO: Run Behavior\ContentReplaceBehavior [ RunTime:0.000153s ]
INFO: [ template_filter ] --END-- [ RunTime:0.000304s ]
INFO: Run Behavior\ParseTemplateBehavior [ RunTime:0.023201s ]
INFO: [ view_parse ] --END-- [ RunTime:0.023334s ]
INFO: [ view_filter ] --START--
INFO: Run Behavior\WriteHtmlCacheBehavior [ RunTime:0.000572s ]
INFO: [ view_filter ] --END-- [ RunTime:0.000602s ]
INFO: [ app_end ] --START--
INFO: Run Behavior\ShowPageTraceBehavior [ RunTime:0.000885s ]
INFO: [ app_end ] --END-- [ RunTime:0.000930s ]

[ 2021-05-08T21:50:23+08:00 ] 127.0.0.1 /admin.php/Room/getRoom?roomId=19
INFO: [ app_init ] --START--
INFO: Run Behavior\BuildLiteBehavior [ RunTime:0.000011s ]
INFO: [ app_init ] --END-- [ RunTime:0.000563s ]
INFO: [ app_begin ] --START--
INFO: Run Behavior\ReadHtmlCacheBehavior [ RunTime:0.001214s ]
INFO: [ app_begin ] --END-- [ RunTime:0.001311s ]
SQL: SHOW COLUMNS FROM `room` [ RunTime:0.0016s ]
SQL: SELECT * FROM `room` WHERE `room_id` = 19  [ RunTime:0.0008s ]

[ 2021-05-08T21:50:23+08:00 ] 127.0.0.1 /admin.php/Public/getCustomerData.html
INFO: [ app_init ] --START--
INFO: Run Behavior\BuildLiteBehavior [ RunTime:0.000012s ]
INFO: [ app_init ] --END-- [ RunTime:0.000633s ]
INFO: [ app_begin ] --START--
INFO: Run Behavior\ReadHtmlCacheBehavior [ RunTime:0.000811s ]
INFO: [ app_begin ] --END-- [ RunTime:0.000867s ]
SQL: SHOW COLUMNS FROM `customer` [ RunTime:0.0013s ]
SQL: SELECT * FROM `customer` WHERE `is_delete` = 0 AND `manager_id` = 1  [ RunTime:0.0008s ]
INFO: [ app_end ] --START--
INFO: Run Behavior\ShowPageTraceBehavior [ RunTime:0.000741s ]
INFO: [ app_end ] --END-- [ RunTime:0.000782s ]

[ 2021-05-08T21:50:33+08:00 ] 127.0.0.1 /admin.php/Room/addLease
INFO: [ app_init ] --START--
INFO: Run Behavior\BuildLiteBehavior [ RunTime:0.000012s ]
INFO: [ app_init ] --END-- [ RunTime:0.000581s ]
INFO: [ app_begin ] --START--
INFO: Run Behavior\ReadHtmlCacheBehavior [ RunTime:0.000707s ]
INFO: [ app_begin ] --END-- [ RunTime:0.000764s ]
SQL: SHOW COLUMNS FROM `lease` [ RunTime:0.0025s ]
SQL: INSERT INTO `lease` (`room_id`,`customer_id`,`lease_team`,`month`,`rent`,`sing_time`,`expire_time`,`create_time`,`manager_id`) VALUES ('19','3','4','2','1100','1619798400','1625068800','1620481833','1') [ RunTime:0.0169s ]
SQL: SHOW COLUMNS FROM `room` [ RunTime:0.0011s ]
SQL: UPDATE `room` SET `room_status`='1' WHERE `room_id` = 19 [ RunTime:0.0637s ]
INFO: [ app_end ] --START--
INFO: Run Behavior\ShowPageTraceBehavior [ RunTime:0.001081s ]
INFO: [ app_end ] --END-- [ RunTime:0.001147s ]

[ 2021-05-08T21:50:35+08:00 ] 127.0.0.1 /admin.php/Room/getRoomList?page=1&limit=10
INFO: [ app_init ] --START--
INFO: Run Behavior\BuildLiteBehavior [ RunTime:0.000019s ]
INFO: [ app_init ] --END-- [ RunTime:0.000760s ]
INFO: [ app_begin ] --START--
INFO: Run Behavior\ReadHtmlCacheBehavior [ RunTime:0.000924s ]
INFO: [ app_begin ] --END-- [ RunTime:0.001016s ]
SQL: SHOW COLUMNS FROM `room` [ RunTime:0.0021s ]
SQL: SELECT * FROM `room` WHERE `is_delete` = 0 AND `garden_id` = 1 AND `manager_id` = 1 ORDER BY room_id LIMIT 0,10   [ RunTime:0.0013s ]
SQL: SELECT * FROM `room` WHERE `is_delete` = 0 AND `garden_id` = 1 AND `manager_id` = 1  [ RunTime:0.0006s ]

[ 2021-05-08T21:50:35+08:00 ] 127.0.0.1 /admin.php/Room/getRoomList?page=2&limit=10
INFO: [ app_init ] --START--
INFO: Run Behavior\BuildLiteBehavior [ RunTime:0.000013s ]
INFO: [ app_init ] --END-- [ RunTime:0.000638s ]
INFO: [ app_begin ] --START--
INFO: Run Behavior\ReadHtmlCacheBehavior [ RunTime:0.000728s ]
INFO: [ app_begin ] --END-- [ RunTime:0.000781s ]
SQL: SHOW COLUMNS FROM `room` [ RunTime:0.0021s ]
SQL: SELECT * FROM `room` WHERE `is_delete` = 0 AND `garden_id` = 1 AND `manager_id` = 1 ORDER BY room_id LIMIT 10,10   [ RunTime:0.0010s ]
SQL: SELECT * FROM `room` WHERE `is_delete` = 0 AND `garden_id` = 1 AND `manager_id` = 1  [ RunTime:0.0004s ]

[ 2021-05-08T21:50:37+08:00 ] 127.0.0.1 /admin.php/Room/checkWater?roomId=19
INFO: [ app_init ] --START--
INFO: Run Behavior\BuildLiteBehavior [ RunTime:0.000011s ]
INFO: [ app_init ] --END-- [ RunTime:0.000684s ]
INFO: [ app_begin ] --START--
INFO: Run Behavior\ReadHtmlCacheBehavior [ RunTime:0.000614s ]
INFO: [ app_begin ] --END-- [ RunTime:0.000656s ]
SQL: SHOW COLUMNS FROM `water` [ RunTime:0.0511s ]
SQL: SELECT * FROM `water` WHERE `room_id` = 19 AND `is_delete` = 0  [ RunTime:0.0009s ]
INFO: [ app_end ] --START--
INFO: Run Behavior\ShowPageTraceBehavior [ RunTime:0.000797s ]
INFO: [ app_end ] --END-- [ RunTime:0.000842s ]

[ 2021-05-08T21:50:37+08:00 ] 127.0.0.1 /admin.php/Room/room_addWater
INFO: [ app_init ] --START--
INFO: Run Behavior\BuildLiteBehavior [ RunTime:0.000043s ]
INFO: [ app_init ] --END-- [ RunTime:0.001045s ]
INFO: [ app_begin ] --START--
INFO: Run Behavior\ReadHtmlCacheBehavior [ RunTime:0.000886s ]
INFO: [ app_begin ] --END-- [ RunTime:0.000953s ]
INFO: [ view_parse ] --START--
INFO: [ template_filter ] --START--
INFO: Run Behavior\ContentReplaceBehavior [ RunTime:0.000058s ]
INFO: [ template_filter ] --END-- [ RunTime:0.000105s ]
INFO: Run Behavior\ParseTemplateBehavior [ RunTime:0.026128s ]
INFO: [ view_parse ] --END-- [ RunTime:0.026201s ]
INFO: [ view_filter ] --START--
INFO: Run Behavior\WriteHtmlCacheBehavior [ RunTime:0.000743s ]
INFO: [ view_filter ] --END-- [ RunTime:0.000778s ]
INFO: [ app_end ] --START--
INFO: Run Behavior\ShowPageTraceBehavior [ RunTime:0.000664s ]
INFO: [ app_end ] --END-- [ RunTime:0.000695s ]

[ 2021-05-08T21:50:37+08:00 ] 127.0.0.1 /admin.php/Room/getRoom?roomId=19
INFO: [ app_init ] --START--
INFO: Run Behavior\BuildLiteBehavior [ RunTime:0.000012s ]
INFO: [ app_init ] --END-- [ RunTime:0.000549s ]
INFO: [ app_begin ] --START--
INFO: Run Behavior\ReadHtmlCacheBehavior [ RunTime:0.000789s ]
INFO: [ app_begin ] --END-- [ RunTime:0.000848s ]
SQL: SHOW COLUMNS FROM `room` [ RunTime:0.0012s ]
SQL: SELECT * FROM `room` WHERE `room_id` = 19  [ RunTime:0.0003s ]

[ 2021-05-08T21:50:46+08:00 ] 127.0.0.1 /admin.php/Room/addWater
INFO: [ app_init ] --START--
INFO: Run Behavior\BuildLiteBehavior [ RunTime:0.000015s ]
INFO: [ app_init ] --END-- [ RunTime:0.000620s ]
INFO: [ app_begin ] --START--
INFO: Run Behavior\ReadHtmlCacheBehavior [ RunTime:0.000688s ]
INFO: [ app_begin ] --END-- [ RunTime:0.000748s ]
SQL: SHOW COLUMNS FROM `water` [ RunTime:0.0050s ]
SQL: INSERT INTO `water` (`room_id`,`water_sn`,`price`,`current`,`time`,`manager_id`,`create_time`) VALUES ('19','W402','5','10','1619798400','1','1620481846') [ RunTime:0.0413s ]
INFO: [ app_end ] --START--
INFO: Run Behavior\ShowPageTraceBehavior [ RunTime:0.001186s ]
INFO: [ app_end ] --END-- [ RunTime:0.001285s ]

[ 2021-05-08T21:50:48+08:00 ] 127.0.0.1 /admin.php/Room/index.html
INFO: [ app_init ] --START--
INFO: Run Behavior\BuildLiteBehavior [ RunTime:0.000012s ]
INFO: [ app_init ] --END-- [ RunTime:0.000593s ]
INFO: [ app_begin ] --START--
INFO: Run Behavior\ReadHtmlCacheBehavior [ RunTime:0.000655s ]
INFO: [ app_begin ] --END-- [ RunTime:0.000706s ]
INFO: [ view_parse ] --START--
INFO: [ template_filter ] --START--
INFO: Run Behavior\ContentReplaceBehavior [ RunTime:0.000130s ]
INFO: [ template_filter ] --END-- [ RunTime:0.000214s ]
INFO: Run Behavior\ParseTemplateBehavior [ RunTime:0.009715s ]
INFO: [ view_parse ] --END-- [ RunTime:0.009785s ]
INFO: [ view_filter ] --START--
INFO: Run Behavior\WriteHtmlCacheBehavior [ RunTime:0.000537s ]
INFO: [ view_filter ] --END-- [ RunTime:0.000575s ]
INFO: [ app_end ] --START--
INFO: Run Behavior\ShowPageTraceBehavior [ RunTime:0.000655s ]
INFO: [ app_end ] --END-- [ RunTime:0.000691s ]

[ 2021-05-08T21:50:48+08:00 ] 127.0.0.1 /admin.php/Room/getRoomList?page=1&limit=10
INFO: [ app_init ] --START--
INFO: Run Behavior\BuildLiteBehavior [ RunTime:0.000043s ]
INFO: [ app_init ] --END-- [ RunTime:0.004267s ]
INFO: [ app_begin ] --START--
INFO: Run Behavior\ReadHtmlCacheBehavior [ RunTime:0.000766s ]
INFO: [ app_begin ] --END-- [ RunTime:0.000821s ]
SQL: SHOW COLUMNS FROM `room` [ RunTime:0.0006s ]
SQL: SELECT * FROM `room` WHERE `is_delete` = 0 AND `garden_id` = 1 AND `manager_id` = 1 ORDER BY room_id LIMIT 0,10   [ RunTime:0.0004s ]
SQL: SELECT * FROM `room` WHERE `is_delete` = 0 AND `garden_id` = 1 AND `manager_id` = 1  [ RunTime:0.0003s ]

[ 2021-05-08T21:50:49+08:00 ] 127.0.0.1 /admin.php/Room/getRoomList?page=2&limit=10
INFO: [ app_init ] --START--
INFO: Run Behavior\BuildLiteBehavior [ RunTime:0.000013s ]
INFO: [ app_init ] --END-- [ RunTime:0.000672s ]
INFO: [ app_begin ] --START--
INFO: Run Behavior\ReadHtmlCacheBehavior [ RunTime:0.001208s ]
INFO: [ app_begin ] --END-- [ RunTime:0.001276s ]
SQL: SHOW COLUMNS FROM `room` [ RunTime:0.0007s ]
SQL: SELECT * FROM `room` WHERE `is_delete` = 0 AND `garden_id` = 1 AND `manager_id` = 1 ORDER BY room_id LIMIT 10,10   [ RunTime:0.0004s ]
SQL: SELECT * FROM `room` WHERE `is_delete` = 0 AND `garden_id` = 1 AND `manager_id` = 1  [ RunTime:0.0003s ]

[ 2021-05-08T21:50:50+08:00 ] 127.0.0.1 /admin.php/Room/checkWater?roomId=19
INFO: [ app_init ] --START--
INFO: Run Behavior\BuildLiteBehavior [ RunTime:0.000014s ]
INFO: [ app_init ] --END-- [ RunTime:0.000627s ]
INFO: [ app_begin ] --START--
INFO: Run Behavior\ReadHtmlCacheBehavior [ RunTime:0.001054s ]
INFO: [ app_begin ] --END-- [ RunTime:0.001120s ]
SQL: SHOW COLUMNS FROM `water` [ RunTime:0.0096s ]
SQL: SELECT * FROM `water` WHERE `room_id` = 19 AND `is_delete` = 0  [ RunTime:0.0022s ]
INFO: [ app_end ] --START--
INFO: Run Behavior\ShowPageTraceBehavior [ RunTime:0.001518s ]
INFO: [ app_end ] --END-- [ RunTime:0.001648s ]

[ 2021-05-08T21:50:51+08:00 ] 127.0.0.1 /admin.php/Room/checkWater?roomId=19
INFO: [ app_init ] --START--
INFO: Run Behavior\BuildLiteBehavior [ RunTime:0.000012s ]
INFO: [ app_init ] --END-- [ RunTime:0.000548s ]
INFO: [ app_begin ] --START--
INFO: Run Behavior\ReadHtmlCacheBehavior [ RunTime:0.000664s ]
INFO: [ app_begin ] --END-- [ RunTime:0.000712s ]
SQL: SHOW COLUMNS FROM `water` [ RunTime:0.0069s ]
SQL: SELECT * FROM `water` WHERE `room_id` = 19 AND `is_delete` = 0  [ RunTime:0.0008s ]
INFO: [ app_end ] --START--
INFO: Run Behavior\ShowPageTraceBehavior [ RunTime:0.001337s ]
INFO: [ app_end ] --END-- [ RunTime:0.001397s ]

[ 2021-05-08T21:55:11+08:00 ] 127.0.0.1 /admin.php/Water/index.html
INFO: [ app_init ] --START--
INFO: Run Behavior\BuildLiteBehavior [ RunTime:0.000012s ]
INFO: [ app_init ] --END-- [ RunTime:0.000899s ]
INFO: [ app_begin ] --START--
INFO: Run Behavior\ReadHtmlCacheBehavior [ RunTime:0.001081s ]
INFO: [ app_begin ] --END-- [ RunTime:0.001140s ]
INFO: [ view_parse ] --START--
INFO: [ template_filter ] --START--
INFO: Run Behavior\ContentReplaceBehavior [ RunTime:0.000083s ]
INFO: [ template_filter ] --END-- [ RunTime:0.000118s ]
INFO: Run Behavior\ParseTemplateBehavior [ RunTime:0.017578s ]
INFO: [ view_parse ] --END-- [ RunTime:0.017670s ]
INFO: [ view_filter ] --START--
INFO: Run Behavior\WriteHtmlCacheBehavior [ RunTime:0.000670s ]
INFO: [ view_filter ] --END-- [ RunTime:0.000725s ]
INFO: [ app_end ] --START--
INFO: Run Behavior\ShowPageTraceBehavior [ RunTime:0.000969s ]
INFO: [ app_end ] --END-- [ RunTime:0.000999s ]

[ 2021-05-08T21:55:12+08:00 ] 127.0.0.1 /admin.php/Water/getWaterList?page=1&limit=10
INFO: [ app_init ] --START--
INFO: Run Behavior\BuildLiteBehavior [ RunTime:0.000009s ]
INFO: [ app_init ] --END-- [ RunTime:0.000518s ]
INFO: [ app_begin ] --START--
INFO: Run Behavior\ReadHtmlCacheBehavior [ RunTime:0.002169s ]
INFO: [ app_begin ] --END-- [ RunTime:0.002294s ]
SQL: SHOW COLUMNS FROM `water` [ RunTime:0.0020s ]
SQL: SELECT COUNT(*) AS tp_count FROM water a join room b on a.room_id = b.room_id  WHERE a.is_delete = 0 AND a.manager_id = '1' LIMIT 1   [ RunTime:0.0543s ]
SQL: SELECT a.*,b.room_sn FROM water a join room b on a.room_id = b.room_id  WHERE a.is_delete = 0 AND a.manager_id = '1' ORDER BY a.create_time asc LIMIT 0,10   [ RunTime:0.0263s ]
INFO: [ app_end ] --START--
INFO: Run Behavior\ShowPageTraceBehavior [ RunTime:0.000852s ]
INFO: [ app_end ] --END-- [ RunTime:0.000893s ]

[ 2021-05-08T21:57:45+08:00 ] 127.0.0.1 /admin.php/Lease/index.html
INFO: [ app_init ] --START--
INFO: Run Behavior\BuildLiteBehavior [ RunTime:0.000012s ]
INFO: [ app_init ] --END-- [ RunTime:0.000719s ]
INFO: [ app_begin ] --START--
INFO: Run Behavior\ReadHtmlCacheBehavior [ RunTime:0.001078s ]
INFO: [ app_begin ] --END-- [ RunTime:0.001160s ]
INFO: [ view_parse ] --START--
INFO: [ template_filter ] --START--
INFO: Run Behavior\ContentReplaceBehavior [ RunTime:0.000315s ]
INFO: [ template_filter ] --END-- [ RunTime:0.000426s ]
INFO: Run Behavior\ParseTemplateBehavior [ RunTime:0.047292s ]
INFO: [ view_parse ] --END-- [ RunTime:0.047385s ]
INFO: [ view_filter ] --START--
INFO: Run Behavior\WriteHtmlCacheBehavior [ RunTime:0.001808s ]
INFO: [ view_filter ] --END-- [ RunTime:0.001882s ]
INFO: [ app_end ] --START--
INFO: Run Behavior\ShowPageTraceBehavior [ RunTime:0.002216s ]
INFO: [ app_end ] --END-- [ RunTime:0.002298s ]

[ 2021-05-08T21:57:45+08:00 ] 127.0.0.1 /admin.php/Lease/getLeaseList?page=1&limit=10
INFO: [ app_init ] --START--
INFO: Run Behavior\BuildLiteBehavior [ RunTime:0.000011s ]
INFO: [ app_init ] --END-- [ RunTime:0.000668s ]
INFO: [ app_begin ] --START--
INFO: Run Behavior\ReadHtmlCacheBehavior [ RunTime:0.000626s ]
INFO: [ app_begin ] --END-- [ RunTime:0.000667s ]
SQL: SHOW COLUMNS FROM `lease` [ RunTime:0.0079s ]
SQL: SELECT COUNT(*) AS tp_count FROM lease a join customer b on a.customer_id = b.customer_id join room c on a.room_id = c.room_id join user u on a.manager_id = u.manager_id join garden d on u.garden_id = d.garden_id join building e on u.building_id = e.building_id  WHERE a.is_delete = 0 AND a.manager_id = '1' LIMIT 1   [ RunTime:0.0139s ]
SQL: SELECT a.*,b.customer_name,b.customer_mobile,c.room_sn,d.garden_name,e.building_name FROM lease a join customer b on a.customer_id = b.customer_id join room c on a.room_id = c.room_id join user u on a.manager_id = u.manager_id join garden d on u.garden_id = d.garden_id join building e on u.building_id = e.building_id  WHERE a.is_delete = 0 AND a.manager_id = '1' ORDER BY a.create_time asc LIMIT 0,10   [ RunTime:0.0006s ]
INFO: [ app_end ] --START--
INFO: Run Behavior\ShowPageTraceBehavior [ RunTime:0.001128s ]
INFO: [ app_end ] --END-- [ RunTime:0.001183s ]

[ 2021-05-08T21:57:53+08:00 ] 127.0.0.1 /admin.php/Bill/index.html
INFO: [ app_init ] --START--
INFO: Run Behavior\BuildLiteBehavior [ RunTime:0.000009s ]
INFO: [ app_init ] --END-- [ RunTime:0.000537s ]
INFO: [ app_begin ] --START--
INFO: Run Behavior\ReadHtmlCacheBehavior [ RunTime:0.000696s ]
INFO: [ app_begin ] --END-- [ RunTime:0.000734s ]
INFO: [ view_parse ] --START--
INFO: [ template_filter ] --START--
INFO: Run Behavior\ContentReplaceBehavior [ RunTime:0.000085s ]
INFO: [ template_filter ] --END-- [ RunTime:0.000120s ]
INFO: Run Behavior\ParseTemplateBehavior [ RunTime:0.027200s ]
INFO: [ view_parse ] --END-- [ RunTime:0.027255s ]
INFO: [ view_filter ] --START--
INFO: Run Behavior\WriteHtmlCacheBehavior [ RunTime:0.000464s ]
INFO: [ view_filter ] --END-- [ RunTime:0.000490s ]
INFO: [ app_end ] --START--
INFO: Run Behavior\ShowPageTraceBehavior [ RunTime:0.000598s ]
INFO: [ app_end ] --END-- [ RunTime:0.000629s ]

[ 2021-05-08T21:57:53+08:00 ] 127.0.0.1 /admin.php/Bill/getBillList?page=1&limit=10
INFO: [ app_init ] --START--
INFO: Run Behavior\BuildLiteBehavior [ RunTime:0.000014s ]
INFO: [ app_init ] --END-- [ RunTime:0.000669s ]
INFO: [ app_begin ] --START--
INFO: Run Behavior\ReadHtmlCacheBehavior [ RunTime:0.000709s ]
INFO: [ app_begin ] --END-- [ RunTime:0.000772s ]
SQL: SHOW COLUMNS FROM `bill` [ RunTime:0.0072s ]
SQL: SELECT COUNT(*) AS tp_count FROM bill a join customer b on a.customer_id = b.customer_id join room c on a.room_id = c.room_id join user u on a.manager_id = u.manager_id join garden d on u.garden_id = d.garden_id join building e on u.building_id = e.building_id join lease l on a.lease_id = l.lease_id  WHERE a.is_delete = 0 AND a.manager_id = '1' LIMIT 1   [ RunTime:0.0011s ]
SQL: SELECT a.*,b.customer_name,b.customer_mobile,c.room_sn,d.garden_name,e.building_name,u.manager_name,l.is_exit,l.expire_time FROM bill a join customer b on a.customer_id = b.customer_id join room c on a.room_id = c.room_id join user u on a.manager_id = u.manager_id join garden d on u.garden_id = d.garden_id join building e on u.building_id = e.building_id join lease l on a.lease_id = l.lease_id  WHERE a.is_delete = 0 AND a.manager_id = '1' ORDER BY a.create_time asc LIMIT 0,10   [ RunTime:0.0018s ]
INFO: [ app_end ] --START--
INFO: Run Behavior\ShowPageTraceBehavior [ RunTime:0.001736s ]
INFO: [ app_end ] --END-- [ RunTime:0.001805s ]

[ 2021-05-08T21:57:56+08:00 ] 127.0.0.1 /admin.php/Bill/index.html
INFO: [ app_init ] --START--
INFO: Run Behavior\BuildLiteBehavior [ RunTime:0.000011s ]
INFO: [ app_init ] --END-- [ RunTime:0.000564s ]
INFO: [ app_begin ] --START--
INFO: Run Behavior\ReadHtmlCacheBehavior [ RunTime:0.000927s ]
INFO: [ app_begin ] --END-- [ RunTime:0.000983s ]
INFO: [ view_parse ] --START--
INFO: [ template_filter ] --START--
INFO: Run Behavior\ContentReplaceBehavior [ RunTime:0.000090s ]
INFO: [ template_filter ] --END-- [ RunTime:0.000130s ]
INFO: Run Behavior\ParseTemplateBehavior [ RunTime:0.006770s ]
INFO: [ view_parse ] --END-- [ RunTime:0.006823s ]
INFO: [ view_filter ] --START--
INFO: Run Behavior\WriteHtmlCacheBehavior [ RunTime:0.000502s ]
INFO: [ view_filter ] --END-- [ RunTime:0.000531s ]
INFO: [ app_end ] --START--
INFO: Run Behavior\ShowPageTraceBehavior [ RunTime:0.000658s ]
INFO: [ app_end ] --END-- [ RunTime:0.000712s ]

[ 2021-05-08T21:57:56+08:00 ] 127.0.0.1 /admin.php/Bill/getBillList?page=1&limit=10
INFO: [ app_init ] --START--
INFO: Run Behavior\BuildLiteBehavior [ RunTime:0.000013s ]
INFO: [ app_init ] --END-- [ RunTime:0.000516s ]
INFO: [ app_begin ] --START--
INFO: Run Behavior\ReadHtmlCacheBehavior [ RunTime:0.000606s ]
INFO: [ app_begin ] --END-- [ RunTime:0.000648s ]
SQL: SHOW COLUMNS FROM `bill` [ RunTime:0.0006s ]
SQL: SELECT COUNT(*) AS tp_count FROM bill a join customer b on a.customer_id = b.customer_id join room c on a.room_id = c.room_id join user u on a.manager_id = u.manager_id join garden d on u.garden_id = d.garden_id join building e on u.building_id = e.building_id join lease l on a.lease_id = l.lease_id  WHERE a.is_delete = 0 AND a.manager_id = '1' LIMIT 1   [ RunTime:0.0070s ]
SQL: SELECT a.*,b.customer_name,b.customer_mobile,c.room_sn,d.garden_name,e.building_name,u.manager_name,l.is_exit,l.expire_time FROM bill a join customer b on a.customer_id = b.customer_id join room c on a.room_id = c.room_id join user u on a.manager_id = u.manager_id join garden d on u.garden_id = d.garden_id join building e on u.building_id = e.building_id join lease l on a.lease_id = l.lease_id  WHERE a.is_delete = 0 AND a.manager_id = '1' ORDER BY a.create_time asc LIMIT 0,10   [ RunTime:0.0006s ]
INFO: [ app_end ] --START--
INFO: Run Behavior\ShowPageTraceBehavior [ RunTime:0.000726s ]
INFO: [ app_end ] --END-- [ RunTime:0.000769s ]

[ 2021-05-08T21:57:58+08:00 ] 127.0.0.1 /admin.php/Lease/index.html
INFO: [ app_init ] --START--
INFO: Run Behavior\BuildLiteBehavior [ RunTime:0.000010s ]
INFO: [ app_init ] --END-- [ RunTime:0.000516s ]
INFO: [ app_begin ] --START--
INFO: Run Behavior\ReadHtmlCacheBehavior [ RunTime:0.000579s ]
INFO: [ app_begin ] --END-- [ RunTime:0.000619s ]
INFO: [ view_parse ] --START--
INFO: [ template_filter ] --START--
INFO: Run Behavior\ContentReplaceBehavior [ RunTime:0.000096s ]
INFO: [ template_filter ] --END-- [ RunTime:0.000135s ]
INFO: Run Behavior\ParseTemplateBehavior [ RunTime:0.008447s ]
INFO: [ view_parse ] --END-- [ RunTime:0.008491s ]
INFO: [ view_filter ] --START--
INFO: Run Behavior\WriteHtmlCacheBehavior [ RunTime:0.000436s ]
INFO: [ view_filter ] --END-- [ RunTime:0.000465s ]
INFO: [ app_end ] --START--
INFO: Run Behavior\ShowPageTraceBehavior [ RunTime:0.000597s ]
INFO: [ app_end ] --END-- [ RunTime:0.000626s ]

[ 2021-05-08T21:57:59+08:00 ] 127.0.0.1 /admin.php/Lease/getLeaseList?page=1&limit=10
INFO: [ app_init ] --START--
INFO: Run Behavior\BuildLiteBehavior [ RunTime:0.000035s ]
INFO: [ app_init ] --END-- [ RunTime:0.001684s ]
INFO: [ app_begin ] --START--
INFO: Run Behavior\ReadHtmlCacheBehavior [ RunTime:0.000760s ]
INFO: [ app_begin ] --END-- [ RunTime:0.000807s ]
SQL: SHOW COLUMNS FROM `lease` [ RunTime:0.0014s ]
SQL: SELECT COUNT(*) AS tp_count FROM lease a join customer b on a.customer_id = b.customer_id join room c on a.room_id = c.room_id join user u on a.manager_id = u.manager_id join garden d on u.garden_id = d.garden_id join building e on u.building_id = e.building_id  WHERE a.is_delete = 0 AND a.manager_id = '1' LIMIT 1   [ RunTime:0.0017s ]
SQL: SELECT a.*,b.customer_name,b.customer_mobile,c.room_sn,d.garden_name,e.building_name FROM lease a join customer b on a.customer_id = b.customer_id join room c on a.room_id = c.room_id join user u on a.manager_id = u.manager_id join garden d on u.garden_id = d.garden_id join building e on u.building_id = e.building_id  WHERE a.is_delete = 0 AND a.manager_id = '1' ORDER BY a.create_time asc LIMIT 0,10   [ RunTime:0.0006s ]
INFO: [ app_end ] --START--
INFO: Run Behavior\ShowPageTraceBehavior [ RunTime:0.001355s ]
INFO: [ app_end ] --END-- [ RunTime:0.001412s ]

[ 2021-05-08T21:58:01+08:00 ] 127.0.0.1 /admin.php/Water/index.html
INFO: [ app_init ] --START--
INFO: Run Behavior\BuildLiteBehavior [ RunTime:0.000008s ]
INFO: [ app_init ] --END-- [ RunTime:0.000488s ]
INFO: [ app_begin ] --START--
INFO: Run Behavior\ReadHtmlCacheBehavior [ RunTime:0.000548s ]
INFO: [ app_begin ] --END-- [ RunTime:0.000587s ]
INFO: [ view_parse ] --START--
INFO: [ template_filter ] --START--
INFO: Run Behavior\ContentReplaceBehavior [ RunTime:0.000089s ]
INFO: [ template_filter ] --END-- [ RunTime:0.000133s ]
INFO: Run Behavior\ParseTemplateBehavior [ RunTime:0.008173s ]
INFO: [ view_parse ] --END-- [ RunTime:0.008221s ]
INFO: [ view_filter ] --START--
INFO: Run Behavior\WriteHtmlCacheBehavior [ RunTime:0.000462s ]
INFO: [ view_filter ] --END-- [ RunTime:0.000489s ]
INFO: [ app_end ] --START--
INFO: Run Behavior\ShowPageTraceBehavior [ RunTime:0.000634s ]
INFO: [ app_end ] --END-- [ RunTime:0.000671s ]

[ 2021-05-08T21:58:01+08:00 ] 127.0.0.1 /admin.php/Water/getWaterList?page=1&limit=10
INFO: [ app_init ] --START--
INFO: Run Behavior\BuildLiteBehavior [ RunTime:0.000009s ]
INFO: [ app_init ] --END-- [ RunTime:0.000491s ]
INFO: [ app_begin ] --START--
INFO: Run Behavior\ReadHtmlCacheBehavior [ RunTime:0.000509s ]
INFO: [ app_begin ] --END-- [ RunTime:0.000540s ]
SQL: SHOW COLUMNS FROM `water` [ RunTime:0.0006s ]
SQL: SELECT COUNT(*) AS tp_count FROM water a join room b on a.room_id = b.room_id  WHERE a.is_delete = 0 AND a.manager_id = '1' LIMIT 1   [ RunTime:0.0030s ]
SQL: SELECT a.*,b.room_sn FROM water a join room b on a.room_id = b.room_id  WHERE a.is_delete = 0 AND a.manager_id = '1' ORDER BY a.create_time asc LIMIT 0,10   [ RunTime:0.0009s ]
INFO: [ app_end ] --START--
INFO: Run Behavior\ShowPageTraceBehavior [ RunTime:0.000806s ]
INFO: [ app_end ] --END-- [ RunTime:0.000848s ]

[ 2021-05-08T21:58:17+08:00 ] 127.0.0.1 /admin.php/Water/water_read
INFO: [ app_init ] --START--
INFO: Run Behavior\BuildLiteBehavior [ RunTime:0.000010s ]
INFO: [ app_init ] --END-- [ RunTime:0.000828s ]
INFO: [ app_begin ] --START--
INFO: Run Behavior\ReadHtmlCacheBehavior [ RunTime:0.000667s ]
INFO: [ app_begin ] --END-- [ RunTime:0.000715s ]
INFO: [ view_parse ] --START--
INFO: [ template_filter ] --START--
INFO: Run Behavior\ContentReplaceBehavior [ RunTime:0.000081s ]
INFO: [ template_filter ] --END-- [ RunTime:0.000188s ]
INFO: Run Behavior\ParseTemplateBehavior [ RunTime:0.299601s ]
INFO: [ view_parse ] --END-- [ RunTime:0.299664s ]
INFO: [ view_filter ] --START--
INFO: Run Behavior\WriteHtmlCacheBehavior [ RunTime:0.000660s ]
INFO: [ view_filter ] --END-- [ RunTime:0.000704s ]
INFO: [ app_end ] --START--
INFO: Run Behavior\ShowPageTraceBehavior [ RunTime:0.000896s ]
INFO: [ app_end ] --END-- [ RunTime:0.000969s ]

[ 2021-05-08T21:58:17+08:00 ] 127.0.0.1 /admin.php/Water/getWater?waterId=13
INFO: [ app_init ] --START--
INFO: Run Behavior\BuildLiteBehavior [ RunTime:0.000010s ]
INFO: [ app_init ] --END-- [ RunTime:0.000597s ]
INFO: [ app_begin ] --START--
INFO: Run Behavior\ReadHtmlCacheBehavior [ RunTime:0.000868s ]
INFO: [ app_begin ] --END-- [ RunTime:0.000927s ]
SQL: SHOW COLUMNS FROM `water` [ RunTime:0.0008s ]
SQL: SELECT a.*,b.room_sn FROM water a join room b on a.room_id = b.room_id  WHERE a.water_id = '13' LIMIT 1   [ RunTime:0.0018s ]
INFO: [ app_end ] --START--
INFO: Run Behavior\ShowPageTraceBehavior [ RunTime:0.001625s ]
INFO: [ app_end ] --END-- [ RunTime:0.001681s ]

[ 2021-05-08T21:58:27+08:00 ] 127.0.0.1 /admin.php/Water/readWater
INFO: [ app_init ] --START--
INFO: Run Behavior\BuildLiteBehavior [ RunTime:0.000022s ]
INFO: [ app_init ] --END-- [ RunTime:0.000663s ]
INFO: [ app_begin ] --START--
INFO: Run Behavior\ReadHtmlCacheBehavior [ RunTime:0.000632s ]
INFO: [ app_begin ] --END-- [ RunTime:0.000673s ]
SQL: SHOW COLUMNS FROM `water` [ RunTime:0.0026s ]
SQL: UPDATE `water` SET `water_id`='13',`room_id`='19',`water_sn`='W402',`last_current`='10',`current`='60',`time`='1620403200',`last_time`='1619798400' WHERE `water_id` = 13 [ RunTime:0.0017s ]
SQL: SELECT a.current,a.last_current,a.price,a.last_time,a.time,a.manager_id,a.room_id,b.lease_id,b.customer_id FROM water a join lease b on a.room_id = b.room_id  WHERE a.is_delete = 0 AND b.is_delete = 0 AND b.is_exit = 0 AND a.water_id = '13' LIMIT 1   [ RunTime:0.0008s ]
SQL: SHOW COLUMNS FROM `bill` [ RunTime:0.0007s ]
SQL: INSERT INTO `bill` (`last_time`,`time`,`manager_id`,`room_id`,`lease_id`,`customer_id`,`bill_remark`,`total`,`bill_type`,`create_time`) VALUES ('1619798400','1620403200','1','19','34','3','五月水费','250','2','1620482307') [ RunTime:0.0007s ]
INFO: [ app_end ] --START--
INFO: Run Behavior\ShowPageTraceBehavior [ RunTime:0.002233s ]
INFO: [ app_end ] --END-- [ RunTime:0.002307s ]

[ 2021-05-08T21:58:30+08:00 ] 127.0.0.1 /admin.php/Water/index.html
INFO: [ app_init ] --START--
INFO: Run Behavior\BuildLiteBehavior [ RunTime:0.000018s ]
INFO: [ app_init ] --END-- [ RunTime:0.000619s ]
INFO: [ app_begin ] --START--
INFO: Run Behavior\ReadHtmlCacheBehavior [ RunTime:0.000793s ]
INFO: [ app_begin ] --END-- [ RunTime:0.000861s ]
INFO: [ view_parse ] --START--
INFO: [ template_filter ] --START--
INFO: Run Behavior\ContentReplaceBehavior [ RunTime:0.007537s ]
INFO: [ template_filter ] --END-- [ RunTime:0.007639s ]
INFO: Run Behavior\ParseTemplateBehavior [ RunTime:0.021830s ]
INFO: [ view_parse ] --END-- [ RunTime:0.021903s ]
INFO: [ view_filter ] --START--
INFO: Run Behavior\WriteHtmlCacheBehavior [ RunTime:0.001036s ]
INFO: [ view_filter ] --END-- [ RunTime:0.001077s ]
INFO: [ app_end ] --START--
INFO: Run Behavior\ShowPageTraceBehavior [ RunTime:0.001668s ]
INFO: [ app_end ] --END-- [ RunTime:0.001718s ]

[ 2021-05-08T21:58:30+08:00 ] 127.0.0.1 /admin.php/Water/getWaterList?page=1&limit=10
INFO: [ app_init ] --START--
INFO: Run Behavior\BuildLiteBehavior [ RunTime:0.000014s ]
INFO: [ app_init ] --END-- [ RunTime:0.000780s ]
INFO: [ app_begin ] --START--
INFO: Run Behavior\ReadHtmlCacheBehavior [ RunTime:0.000587s ]
INFO: [ app_begin ] --END-- [ RunTime:0.000626s ]
SQL: SHOW COLUMNS FROM `water` [ RunTime:0.0005s ]
SQL: SELECT COUNT(*) AS tp_count FROM water a join room b on a.room_id = b.room_id  WHERE a.is_delete = 0 AND a.manager_id = '1' LIMIT 1   [ RunTime:0.0007s ]
SQL: SELECT a.*,b.room_sn FROM water a join room b on a.room_id = b.room_id  WHERE a.is_delete = 0 AND a.manager_id = '1' ORDER BY a.create_time asc LIMIT 0,10   [ RunTime:0.0015s ]
INFO: [ app_end ] --START--
INFO: Run Behavior\ShowPageTraceBehavior [ RunTime:0.000981s ]
INFO: [ app_end ] --END-- [ RunTime:0.001063s ]

[ 2021-05-08T21:58:36+08:00 ] 127.0.0.1 /admin.php/Lease/getLeaseList?page=1&limit=10&key1=402&key2=&key3=
INFO: [ app_init ] --START--
INFO: Run Behavior\BuildLiteBehavior [ RunTime:0.000016s ]
INFO: [ app_init ] --END-- [ RunTime:0.000776s ]
INFO: [ app_begin ] --START--
INFO: Run Behavior\ReadHtmlCacheBehavior [ RunTime:0.000732s ]
INFO: [ app_begin ] --END-- [ RunTime:0.000778s ]
SQL: SHOW COLUMNS FROM `lease` [ RunTime:0.0006s ]
SQL: SELECT COUNT(*) AS tp_count FROM lease a join customer b on a.customer_id = b.customer_id join room c on a.room_id = c.room_id join user u on a.manager_id = u.manager_id join garden d on u.garden_id = d.garden_id join building e on u.building_id = e.building_id  WHERE a.is_delete = 0 AND a.manager_id = '1' AND ( b.customer_name LIKE '%402%' OR c.room_sn LIKE '%402%' ) LIMIT 1   [ RunTime:0.0776s ]
SQL: SELECT a.*,b.customer_name,b.customer_mobile,c.room_sn,d.garden_name,e.building_name FROM lease a join customer b on a.customer_id = b.customer_id join room c on a.room_id = c.room_id join user u on a.manager_id = u.manager_id join garden d on u.garden_id = d.garden_id join building e on u.building_id = e.building_id  WHERE a.is_delete = 0 AND a.manager_id = '1' AND ( b.customer_name LIKE '%402%' OR c.room_sn LIKE '%402%' ) ORDER BY a.create_time asc LIMIT 0,10   [ RunTime:0.0139s ]
INFO: [ app_end ] --START--
INFO: Run Behavior\ShowPageTraceBehavior [ RunTime:0.002619s ]
INFO: [ app_end ] --END-- [ RunTime:0.002744s ]

[ 2021-05-08T21:58:44+08:00 ] 127.0.0.1 /admin.php/Lease/getLeaseList?page=1&limit=10&key1=402&key2=4&key3=
INFO: [ app_init ] --START--
INFO: Run Behavior\BuildLiteBehavior [ RunTime:0.000008s ]
INFO: [ app_init ] --END-- [ RunTime:0.000507s ]
INFO: [ app_begin ] --START--
INFO: Run Behavior\ReadHtmlCacheBehavior [ RunTime:0.000599s ]
INFO: [ app_begin ] --END-- [ RunTime:0.000634s ]
SQL: SHOW COLUMNS FROM `lease` [ RunTime:0.0007s ]
SQL: SELECT COUNT(*) AS tp_count FROM lease a join customer b on a.customer_id = b.customer_id join room c on a.room_id = c.room_id join user u on a.manager_id = u.manager_id join garden d on u.garden_id = d.garden_id join building e on u.building_id = e.building_id  WHERE a.is_delete = 0 AND a.manager_id = '1' AND ( b.customer_name LIKE '%402%' OR c.room_sn LIKE '%402%' ) AND a.lease_team = '4' LIMIT 1   [ RunTime:0.0020s ]
SQL: SELECT a.*,b.customer_name,b.customer_mobile,c.room_sn,d.garden_name,e.building_name FROM lease a join customer b on a.customer_id = b.customer_id join room c on a.room_id = c.room_id join user u on a.manager_id = u.manager_id join garden d on u.garden_id = d.garden_id join building e on u.building_id = e.building_id  WHERE a.is_delete = 0 AND a.manager_id = '1' AND ( b.customer_name LIKE '%402%' OR c.room_sn LIKE '%402%' ) AND a.lease_team = '4' ORDER BY a.create_time asc LIMIT 0,10   [ RunTime:0.0057s ]
INFO: [ app_end ] --START--
INFO: Run Behavior\ShowPageTraceBehavior [ RunTime:0.000897s ]
INFO: [ app_end ] --END-- [ RunTime:0.000933s ]

[ 2021-05-08T21:58:45+08:00 ] 127.0.0.1 /admin.php/Lease/getLeaseList?page=1&limit=10&key1=&key2=&key3=
INFO: [ app_init ] --START--
INFO: Run Behavior\BuildLiteBehavior [ RunTime:0.000010s ]
INFO: [ app_init ] --END-- [ RunTime:0.000997s ]
INFO: [ app_begin ] --START--
INFO: Run Behavior\ReadHtmlCacheBehavior [ RunTime:0.000834s ]
INFO: [ app_begin ] --END-- [ RunTime:0.000898s ]
SQL: SHOW COLUMNS FROM `lease` [ RunTime:0.0062s ]
SQL: SELECT COUNT(*) AS tp_count FROM lease a join customer b on a.customer_id = b.customer_id join room c on a.room_id = c.room_id join user u on a.manager_id = u.manager_id join garden d on u.garden_id = d.garden_id join building e on u.building_id = e.building_id  WHERE a.is_delete = 0 AND a.manager_id = '1' LIMIT 1   [ RunTime:0.0007s ]
SQL: SELECT a.*,b.customer_name,b.customer_mobile,c.room_sn,d.garden_name,e.building_name FROM lease a join customer b on a.customer_id = b.customer_id join room c on a.room_id = c.room_id join user u on a.manager_id = u.manager_id join garden d on u.garden_id = d.garden_id join building e on u.building_id = e.building_id  WHERE a.is_delete = 0 AND a.manager_id = '1' ORDER BY a.create_time asc LIMIT 0,10   [ RunTime:0.0007s ]
INFO: [ app_end ] --START--
INFO: Run Behavior\ShowPageTraceBehavior [ RunTime:0.000726s ]
INFO: [ app_end ] --END-- [ RunTime:0.000766s ]

[ 2021-05-08T21:58:48+08:00 ] 127.0.0.1 /admin.php/Bill/getBillList?page=1&limit=10&key1=402&key2=&last_time=&time=
INFO: [ app_init ] --START--
INFO: Run Behavior\BuildLiteBehavior [ RunTime:0.000014s ]
INFO: [ app_init ] --END-- [ RunTime:0.000621s ]
INFO: [ app_begin ] --START--
INFO: Run Behavior\ReadHtmlCacheBehavior [ RunTime:0.001493s ]
INFO: [ app_begin ] --END-- [ RunTime:0.001674s ]
SQL: SHOW COLUMNS FROM `bill` [ RunTime:0.0007s ]
SQL: SELECT COUNT(*) AS tp_count FROM bill a join customer b on a.customer_id = b.customer_id join room c on a.room_id = c.room_id join user u on a.manager_id = u.manager_id join garden d on u.garden_id = d.garden_id join building e on u.building_id = e.building_id join lease l on a.lease_id = l.lease_id  WHERE a.is_delete = 0 AND a.manager_id = '1' AND ( b.customer_name LIKE '%402%' OR c.room_sn LIKE '%402%' OR a.bill_remark LIKE '%402%' ) LIMIT 1   [ RunTime:0.0014s ]
SQL: SELECT a.*,b.customer_name,b.customer_mobile,c.room_sn,d.garden_name,e.building_name,u.manager_name,l.is_exit,l.expire_time FROM bill a join customer b on a.customer_id = b.customer_id join room c on a.room_id = c.room_id join user u on a.manager_id = u.manager_id join garden d on u.garden_id = d.garden_id join building e on u.building_id = e.building_id join lease l on a.lease_id = l.lease_id  WHERE a.is_delete = 0 AND a.manager_id = '1' AND ( b.customer_name LIKE '%402%' OR c.room_sn LIKE '%402%' OR a.bill_remark LIKE '%402%' ) ORDER BY a.create_time asc LIMIT 0,10   [ RunTime:0.0009s ]
INFO: [ app_end ] --START--
INFO: Run Behavior\ShowPageTraceBehavior [ RunTime:0.000816s ]
INFO: [ app_end ] --END-- [ RunTime:0.000853s ]

[ 2021-05-08T21:58:48+08:00 ] 127.0.0.1 /admin.php/Bill/getBillList?page=1&limit=10&key1=402&key2=&last_time=&time=
INFO: [ app_init ] --START--
INFO: Run Behavior\BuildLiteBehavior [ RunTime:0.000010s ]
INFO: [ app_init ] --END-- [ RunTime:0.000553s ]
INFO: [ app_begin ] --START--
INFO: Run Behavior\ReadHtmlCacheBehavior [ RunTime:0.000567s ]
INFO: [ app_begin ] --END-- [ RunTime:0.000602s ]
SQL: SHOW COLUMNS FROM `bill` [ RunTime:0.0007s ]
SQL: SELECT COUNT(*) AS tp_count FROM bill a join customer b on a.customer_id = b.customer_id join room c on a.room_id = c.room_id join user u on a.manager_id = u.manager_id join garden d on u.garden_id = d.garden_id join building e on u.building_id = e.building_id join lease l on a.lease_id = l.lease_id  WHERE a.is_delete = 0 AND a.manager_id = '1' AND ( b.customer_name LIKE '%402%' OR c.room_sn LIKE '%402%' OR a.bill_remark LIKE '%402%' ) LIMIT 1   [ RunTime:0.0019s ]
SQL: SELECT a.*,b.customer_name,b.customer_mobile,c.room_sn,d.garden_name,e.building_name,u.manager_name,l.is_exit,l.expire_time FROM bill a join customer b on a.customer_id = b.customer_id join room c on a.room_id = c.room_id join user u on a.manager_id = u.manager_id join garden d on u.garden_id = d.garden_id join building e on u.building_id = e.building_id join lease l on a.lease_id = l.lease_id  WHERE a.is_delete = 0 AND a.manager_id = '1' AND ( b.customer_name LIKE '%402%' OR c.room_sn LIKE '%402%' OR a.bill_remark LIKE '%402%' ) ORDER BY a.create_time asc LIMIT 0,10   [ RunTime:0.0009s ]
INFO: [ app_end ] --START--
INFO: Run Behavior\ShowPageTraceBehavior [ RunTime:0.000787s ]
INFO: [ app_end ] --END-- [ RunTime:0.000840s ]

[ 2021-05-08T21:59:31+08:00 ] 127.0.0.1 /admin.php/Water/water_read
INFO: [ app_init ] --START--
INFO: Run Behavior\BuildLiteBehavior [ RunTime:0.000012s ]
INFO: [ app_init ] --END-- [ RunTime:0.000582s ]
INFO: [ app_begin ] --START--
INFO: Run Behavior\ReadHtmlCacheBehavior [ RunTime:0.000789s ]
INFO: [ app_begin ] --END-- [ RunTime:0.000832s ]
INFO: [ view_parse ] --START--
INFO: [ template_filter ] --START--
INFO: Run Behavior\ContentReplaceBehavior [ RunTime:0.000200s ]
INFO: [ template_filter ] --END-- [ RunTime:0.000406s ]
INFO: Run Behavior\ParseTemplateBehavior [ RunTime:0.011062s ]
INFO: [ view_parse ] --END-- [ RunTime:0.011129s ]
INFO: [ view_filter ] --START--
INFO: Run Behavior\WriteHtmlCacheBehavior [ RunTime:0.000639s ]
INFO: [ view_filter ] --END-- [ RunTime:0.000671s ]
INFO: [ app_end ] --START--
INFO: Run Behavior\ShowPageTraceBehavior [ RunTime:0.002355s ]
INFO: [ app_end ] --END-- [ RunTime:0.002400s ]

[ 2021-05-08T21:59:32+08:00 ] 127.0.0.1 /admin.php/Water/getWater?waterId=11
INFO: [ app_init ] --START--
INFO: Run Behavior\BuildLiteBehavior [ RunTime:0.000008s ]
INFO: [ app_init ] --END-- [ RunTime:0.000456s ]
INFO: [ app_begin ] --START--
INFO: Run Behavior\ReadHtmlCacheBehavior [ RunTime:0.000544s ]
INFO: [ app_begin ] --END-- [ RunTime:0.000579s ]
SQL: SHOW COLUMNS FROM `water` [ RunTime:0.0031s ]
SQL: SELECT a.*,b.room_sn FROM water a join room b on a.room_id = b.room_id  WHERE a.water_id = '11' LIMIT 1   [ RunTime:0.0060s ]
INFO: [ app_end ] --START--
INFO: Run Behavior\ShowPageTraceBehavior [ RunTime:0.000910s ]
INFO: [ app_end ] --END-- [ RunTime:0.000995s ]

[ 2021-05-08T21:59:39+08:00 ] 127.0.0.1 /admin.php/Water/readWater
INFO: [ app_init ] --START--
INFO: Run Behavior\BuildLiteBehavior [ RunTime:0.000010s ]
INFO: [ app_init ] --END-- [ RunTime:0.000603s ]
INFO: [ app_begin ] --START--
INFO: Run Behavior\ReadHtmlCacheBehavior [ RunTime:0.000745s ]
INFO: [ app_begin ] --END-- [ RunTime:0.000799s ]
SQL: SHOW COLUMNS FROM `water` [ RunTime:0.0005s ]
SQL: UPDATE `water` SET `water_id`='11',`room_id`='10',`water_sn`='W205',`last_current`='10',`current`='60',`time`='1620403200',`last_time`='1619798400' WHERE `water_id` = 11 [ RunTime:0.0011s ]
SQL: SELECT a.current,a.last_current,a.price,a.last_time,a.time,a.manager_id,a.room_id,b.lease_id,b.customer_id FROM water a join lease b on a.room_id = b.room_id  WHERE a.is_delete = 0 AND b.is_delete = 0 AND b.is_exit = 0 AND a.water_id = '11' LIMIT 1   [ RunTime:0.0004s ]
SQL: SHOW COLUMNS FROM `bill` [ RunTime:0.0006s ]
SQL: INSERT INTO `bill` (`last_time`,`time`,`manager_id`,`room_id`,`lease_id`,`customer_id`,`bill_remark`,`total`,`bill_type`,`create_time`) VALUES ('1619798400','1620403200','1','10','32','1','五月水费','250','2','1620482379') [ RunTime:0.0059s ]
INFO: [ app_end ] --START--
INFO: Run Behavior\ShowPageTraceBehavior [ RunTime:0.000666s ]
INFO: [ app_end ] --END-- [ RunTime:0.000714s ]

[ 2021-05-08T21:59:42+08:00 ] 127.0.0.1 /admin.php/Water/index.html
INFO: [ app_init ] --START--
INFO: Run Behavior\BuildLiteBehavior [ RunTime:0.000015s ]
INFO: [ app_init ] --END-- [ RunTime:0.000613s ]
INFO: [ app_begin ] --START--
INFO: Run Behavior\ReadHtmlCacheBehavior [ RunTime:0.000596s ]
INFO: [ app_begin ] --END-- [ RunTime:0.000639s ]
INFO: [ view_parse ] --START--
INFO: [ template_filter ] --START--
INFO: Run Behavior\ContentReplaceBehavior [ RunTime:0.000106s ]
INFO: [ template_filter ] --END-- [ RunTime:0.000164s ]
INFO: Run Behavior\ParseTemplateBehavior [ RunTime:0.010662s ]
INFO: [ view_parse ] --END-- [ RunTime:0.010748s ]
INFO: [ view_filter ] --START--
INFO: Run Behavior\WriteHtmlCacheBehavior [ RunTime:0.000515s ]
INFO: [ view_filter ] --END-- [ RunTime:0.000548s ]
INFO: [ app_end ] --START--
INFO: Run Behavior\ShowPageTraceBehavior [ RunTime:0.000620s ]
INFO: [ app_end ] --END-- [ RunTime:0.000656s ]

[ 2021-05-08T21:59:42+08:00 ] 127.0.0.1 /admin.php/Water/getWaterList?page=1&limit=10
INFO: [ app_init ] --START--
INFO: Run Behavior\BuildLiteBehavior [ RunTime:0.000011s ]
INFO: [ app_init ] --END-- [ RunTime:0.000550s ]
INFO: [ app_begin ] --START--
INFO: Run Behavior\ReadHtmlCacheBehavior [ RunTime:0.000912s ]
INFO: [ app_begin ] --END-- [ RunTime:0.000972s ]
SQL: SHOW COLUMNS FROM `water` [ RunTime:0.0005s ]
SQL: SELECT COUNT(*) AS tp_count FROM water a join room b on a.room_id = b.room_id  WHERE a.is_delete = 0 AND a.manager_id = '1' LIMIT 1   [ RunTime:0.0010s ]
SQL: SELECT a.*,b.room_sn FROM water a join room b on a.room_id = b.room_id  WHERE a.is_delete = 0 AND a.manager_id = '1' ORDER BY a.create_time asc LIMIT 0,10   [ RunTime:0.0008s ]
INFO: [ app_end ] --START--
INFO: Run Behavior\ShowPageTraceBehavior [ RunTime:0.002305s ]
INFO: [ app_end ] --END-- [ RunTime:0.002401s ]

[ 2021-05-08T21:59:48+08:00 ] 127.0.0.1 /admin.php/Bill/getBillList?page=1&limit=10&key1=202&key2=&last_time=&time=
INFO: [ app_init ] --START--
INFO: Run Behavior\BuildLiteBehavior [ RunTime:0.000016s ]
INFO: [ app_init ] --END-- [ RunTime:0.001434s ]
INFO: [ app_begin ] --START--
INFO: Run Behavior\ReadHtmlCacheBehavior [ RunTime:0.001022s ]
INFO: [ app_begin ] --END-- [ RunTime:0.001084s ]
SQL: SHOW COLUMNS FROM `bill` [ RunTime:0.0015s ]
SQL: SELECT COUNT(*) AS tp_count FROM bill a join customer b on a.customer_id = b.customer_id join room c on a.room_id = c.room_id join user u on a.manager_id = u.manager_id join garden d on u.garden_id = d.garden_id join building e on u.building_id = e.building_id join lease l on a.lease_id = l.lease_id  WHERE a.is_delete = 0 AND a.manager_id = '1' AND ( b.customer_name LIKE '%202%' OR c.room_sn LIKE '%202%' OR a.bill_remark LIKE '%202%' ) LIMIT 1   [ RunTime:0.0006s ]
SQL: SELECT a.*,b.customer_name,b.customer_mobile,c.room_sn,d.garden_name,e.building_name,u.manager_name,l.is_exit,l.expire_time FROM bill a join customer b on a.customer_id = b.customer_id join room c on a.room_id = c.room_id join user u on a.manager_id = u.manager_id join garden d on u.garden_id = d.garden_id join building e on u.building_id = e.building_id join lease l on a.lease_id = l.lease_id  WHERE a.is_delete = 0 AND a.manager_id = '1' AND ( b.customer_name LIKE '%202%' OR c.room_sn LIKE '%202%' OR a.bill_remark LIKE '%202%' ) ORDER BY a.create_time asc LIMIT 0,10   [ RunTime:0.0007s ]
INFO: [ app_end ] --START--
INFO: Run Behavior\ShowPageTraceBehavior [ RunTime:0.000855s ]
INFO: [ app_end ] --END-- [ RunTime:0.000883s ]

[ 2021-05-08T21:59:48+08:00 ] 127.0.0.1 /admin.php/Bill/getBillList?page=1&limit=10&key1=202&key2=&last_time=&time=
INFO: [ app_init ] --START--
INFO: Run Behavior\BuildLiteBehavior [ RunTime:0.000010s ]
INFO: [ app_init ] --END-- [ RunTime:0.000535s ]
INFO: [ app_begin ] --START--
INFO: Run Behavior\ReadHtmlCacheBehavior [ RunTime:0.000611s ]
INFO: [ app_begin ] --END-- [ RunTime:0.000648s ]
SQL: SHOW COLUMNS FROM `bill` [ RunTime:0.0006s ]
SQL: SELECT COUNT(*) AS tp_count FROM bill a join customer b on a.customer_id = b.customer_id join room c on a.room_id = c.room_id join user u on a.manager_id = u.manager_id join garden d on u.garden_id = d.garden_id join building e on u.building_id = e.building_id join lease l on a.lease_id = l.lease_id  WHERE a.is_delete = 0 AND a.manager_id = '1' AND ( b.customer_name LIKE '%202%' OR c.room_sn LIKE '%202%' OR a.bill_remark LIKE '%202%' ) LIMIT 1   [ RunTime:0.0008s ]
SQL: SELECT a.*,b.customer_name,b.customer_mobile,c.room_sn,d.garden_name,e.building_name,u.manager_name,l.is_exit,l.expire_time FROM bill a join customer b on a.customer_id = b.customer_id join room c on a.room_id = c.room_id join user u on a.manager_id = u.manager_id join garden d on u.garden_id = d.garden_id join building e on u.building_id = e.building_id join lease l on a.lease_id = l.lease_id  WHERE a.is_delete = 0 AND a.manager_id = '1' AND ( b.customer_name LIKE '%202%' OR c.room_sn LIKE '%202%' OR a.bill_remark LIKE '%202%' ) ORDER BY a.create_time asc LIMIT 0,10   [ RunTime:0.0011s ]
INFO: [ app_end ] --START--
INFO: Run Behavior\ShowPageTraceBehavior [ RunTime:0.001500s ]
INFO: [ app_end ] --END-- [ RunTime:0.001641s ]

[ 2021-05-08T21:59:57+08:00 ] 127.0.0.1 /admin.php/Lease/getLeaseList?page=1&limit=10&key1=202&key2=&key3=
INFO: [ app_init ] --START--
INFO: Run Behavior\BuildLiteBehavior [ RunTime:0.000010s ]
INFO: [ app_init ] --END-- [ RunTime:0.000495s ]
INFO: [ app_begin ] --START--
INFO: Run Behavior\ReadHtmlCacheBehavior [ RunTime:0.000556s ]
INFO: [ app_begin ] --END-- [ RunTime:0.000595s ]
SQL: SHOW COLUMNS FROM `lease` [ RunTime:0.0064s ]
SQL: SELECT COUNT(*) AS tp_count FROM lease a join customer b on a.customer_id = b.customer_id join room c on a.room_id = c.room_id join user u on a.manager_id = u.manager_id join garden d on u.garden_id = d.garden_id join building e on u.building_id = e.building_id  WHERE a.is_delete = 0 AND a.manager_id = '1' AND ( b.customer_name LIKE '%202%' OR c.room_sn LIKE '%202%' ) LIMIT 1   [ RunTime:0.0006s ]
SQL: SELECT a.*,b.customer_name,b.customer_mobile,c.room_sn,d.garden_name,e.building_name FROM lease a join customer b on a.customer_id = b.customer_id join room c on a.room_id = c.room_id join user u on a.manager_id = u.manager_id join garden d on u.garden_id = d.garden_id join building e on u.building_id = e.building_id  WHERE a.is_delete = 0 AND a.manager_id = '1' AND ( b.customer_name LIKE '%202%' OR c.room_sn LIKE '%202%' ) ORDER BY a.create_time asc LIMIT 0,10   [ RunTime:0.0005s ]
INFO: [ app_end ] --START--
INFO: Run Behavior\ShowPageTraceBehavior [ RunTime:0.000744s ]
INFO: [ app_end ] --END-- [ RunTime:0.000774s ]

[ 2021-05-08T22:00:03+08:00 ] 127.0.0.1 /admin.php/Lease/getLeaseList?page=1&limit=10&key1=&key2=&key3=
INFO: [ app_init ] --START--
INFO: Run Behavior\BuildLiteBehavior [ RunTime:0.000011s ]
INFO: [ app_init ] --END-- [ RunTime:0.000478s ]
INFO: [ app_begin ] --START--
INFO: Run Behavior\ReadHtmlCacheBehavior [ RunTime:0.000605s ]
INFO: [ app_begin ] --END-- [ RunTime:0.000641s ]
SQL: SHOW COLUMNS FROM `lease` [ RunTime:0.0005s ]
SQL: SELECT COUNT(*) AS tp_count FROM lease a join customer b on a.customer_id = b.customer_id join room c on a.room_id = c.room_id join user u on a.manager_id = u.manager_id join garden d on u.garden_id = d.garden_id join building e on u.building_id = e.building_id  WHERE a.is_delete = 0 AND a.manager_id = '1' LIMIT 1   [ RunTime:0.0003s ]
SQL: SELECT a.*,b.customer_name,b.customer_mobile,c.room_sn,d.garden_name,e.building_name FROM lease a join customer b on a.customer_id = b.customer_id join room c on a.room_id = c.room_id join user u on a.manager_id = u.manager_id join garden d on u.garden_id = d.garden_id join building e on u.building_id = e.building_id  WHERE a.is_delete = 0 AND a.manager_id = '1' ORDER BY a.create_time asc LIMIT 0,10   [ RunTime:0.0003s ]
INFO: [ app_end ] --START--
INFO: Run Behavior\ShowPageTraceBehavior [ RunTime:0.000548s ]
INFO: [ app_end ] --END-- [ RunTime:0.000578s ]

[ 2021-05-08T22:00:06+08:00 ] 127.0.0.1 /admin.php/Lease/createBill
INFO: [ app_init ] --START--
INFO: Run Behavior\BuildLiteBehavior [ RunTime:0.000010s ]
INFO: [ app_init ] --END-- [ RunTime:0.000464s ]
INFO: [ app_begin ] --START--
INFO: Run Behavior\ReadHtmlCacheBehavior [ RunTime:0.000520s ]
INFO: [ app_begin ] --END-- [ RunTime:0.000554s ]
SQL: SHOW COLUMNS FROM `lease` [ RunTime:0.0007s ]
SQL: SELECT * FROM `lease` WHERE `is_delete` = 0 AND `is_exit` = 0 AND `manager_id` = 1 AND `expire_time` >= 1620482405 AND `sing_time` <= 1620482405  [ RunTime:0.0499s ]
SQL: SHOW COLUMNS FROM `bill` [ RunTime:0.0007s ]
SQL: SELECT * FROM `bill` WHERE `lease_id` = 1 AND `is_delete` = 0 AND `bill_remark` = '03月房租' LIMIT 1   [ RunTime:0.0003s ]
SQL: SELECT * FROM `bill` WHERE `lease_id` = 2 AND `is_delete` = 0 AND `bill_remark` = '03月房租' LIMIT 1   [ RunTime:0.0002s ]
SQL: SELECT * FROM `bill` WHERE `lease_id` = 3 AND `is_delete` = 0 AND `bill_remark` = '03月房租' LIMIT 1   [ RunTime:0.0002s ]
SQL: SELECT * FROM `bill` WHERE `lease_id` = 5 AND `is_delete` = 0 AND `bill_remark` = '03月房租' LIMIT 1   [ RunTime:0.0002s ]
SQL: SELECT * FROM `bill` WHERE `lease_id` = 6 AND `is_delete` = 0 AND `bill_remark` = '03月房租' LIMIT 1   [ RunTime:0.0002s ]
SQL: SELECT * FROM `bill` WHERE `lease_id` = 18 AND `is_delete` = 0 AND `bill_remark` = '04月房租' LIMIT 1   [ RunTime:0.0002s ]
SQL: SELECT * FROM `bill` WHERE `lease_id` = 22 AND `is_delete` = 0 AND `bill_remark` = '04月房租' LIMIT 1   [ RunTime:0.0002s ]
SQL: SELECT * FROM `bill` WHERE `lease_id` = 23 AND `is_delete` = 0 AND `bill_remark` = '04月房租' LIMIT 1   [ RunTime:0.0002s ]
SQL: SELECT * FROM `bill` WHERE `lease_id` = 27 AND `is_delete` = 0 AND `bill_remark` = '03月房租' LIMIT 1   [ RunTime:0.0002s ]
SQL: SELECT * FROM `bill` WHERE `lease_id` = 31 AND `is_delete` = 0 AND `bill_remark` = '04月房租' LIMIT 1   [ RunTime:0.0002s ]
SQL: SELECT * FROM `bill` WHERE `lease_id` = 32 AND `is_delete` = 0 AND `bill_remark` = '05月房租' LIMIT 1   [ RunTime:0.0002s ]
SQL: INSERT INTO `bill` (`lease_id`,`last_time`,`bill_remark`,`bill_type`,`total`,`room_id`,`customer_id`,`manager_id`,`create_time`,`time`) VALUES ('32','1619798400','05月房租','1','1200.00','10','1','1','1620482405','1622476800') [ RunTime:0.0002s ]
SQL: SELECT * FROM `bill` WHERE `lease_id` = 33 AND `is_delete` = 0 AND `bill_remark` = '05月房租' LIMIT 1   [ RunTime:0.0004s ]
SQL: INSERT INTO `bill` (`lease_id`,`last_time`,`bill_remark`,`bill_type`,`total`,`room_id`,`customer_id`,`manager_id`,`create_time`,`time`) VALUES ('33','1619798400','05月房租','1','1200.00','18','2','1','1620482405','1622476800') [ RunTime:0.0002s ]
SQL: SELECT * FROM `bill` WHERE `lease_id` = 34 AND `is_delete` = 0 AND `bill_remark` = '05月房租' LIMIT 1   [ RunTime:0.0004s ]
SQL: INSERT INTO `bill` (`lease_id`,`last_time`,`bill_remark`,`bill_type`,`total`,`room_id`,`customer_id`,`manager_id`,`create_time`,`time`) VALUES ('34','1619798400','05月房租','1','1100.00','19','3','1','1620482406','1622476800') [ RunTime:0.0002s ]
INFO: [ app_end ] --START--
INFO: Run Behavior\ShowPageTraceBehavior [ RunTime:0.000711s ]
INFO: [ app_end ] --END-- [ RunTime:0.000750s ]

[ 2021-05-08T22:00:10+08:00 ] 127.0.0.1 /admin.php/Bill/getBillList?page=1&limit=10&key1=&key2=&last_time=&time=
INFO: [ app_init ] --START--
INFO: Run Behavior\BuildLiteBehavior [ RunTime:0.000010s ]
INFO: [ app_init ] --END-- [ RunTime:0.000615s ]
INFO: [ app_begin ] --START--
INFO: Run Behavior\ReadHtmlCacheBehavior [ RunTime:0.000772s ]
INFO: [ app_begin ] --END-- [ RunTime:0.000813s ]
SQL: SHOW COLUMNS FROM `bill` [ RunTime:0.0008s ]
SQL: SELECT COUNT(*) AS tp_count FROM bill a join customer b on a.customer_id = b.customer_id join room c on a.room_id = c.room_id join user u on a.manager_id = u.manager_id join garden d on u.garden_id = d.garden_id join building e on u.building_id = e.building_id join lease l on a.lease_id = l.lease_id  WHERE a.is_delete = 0 AND a.manager_id = '1' LIMIT 1   [ RunTime:0.0075s ]
SQL: SELECT a.*,b.customer_name,b.customer_mobile,c.room_sn,d.garden_name,e.building_name,u.manager_name,l.is_exit,l.expire_time FROM bill a join customer b on a.customer_id = b.customer_id join room c on a.room_id = c.room_id join user u on a.manager_id = u.manager_id join garden d on u.garden_id = d.garden_id join building e on u.building_id = e.building_id join lease l on a.lease_id = l.lease_id  WHERE a.is_delete = 0 AND a.manager_id = '1' ORDER BY a.create_time asc LIMIT 0,10   [ RunTime:0.0009s ]
INFO: [ app_end ] --START--
INFO: Run Behavior\ShowPageTraceBehavior [ RunTime:0.001051s ]
INFO: [ app_end ] --END-- [ RunTime:0.001101s ]

[ 2021-05-08T22:00:10+08:00 ] 127.0.0.1 /admin.php/Bill/getBillList?page=1&limit=10&key1=&key2=&last_time=&time=
INFO: [ app_init ] --START--
INFO: Run Behavior\BuildLiteBehavior [ RunTime:0.000009s ]
INFO: [ app_init ] --END-- [ RunTime:0.000447s ]
INFO: [ app_begin ] --START--
INFO: Run Behavior\ReadHtmlCacheBehavior [ RunTime:0.000868s ]
INFO: [ app_begin ] --END-- [ RunTime:0.000908s ]
SQL: SHOW COLUMNS FROM `bill` [ RunTime:0.0008s ]
SQL: SELECT COUNT(*) AS tp_count FROM bill a join customer b on a.customer_id = b.customer_id join room c on a.room_id = c.room_id join user u on a.manager_id = u.manager_id join garden d on u.garden_id = d.garden_id join building e on u.building_id = e.building_id join lease l on a.lease_id = l.lease_id  WHERE a.is_delete = 0 AND a.manager_id = '1' LIMIT 1   [ RunTime:0.0008s ]
SQL: SELECT a.*,b.customer_name,b.customer_mobile,c.room_sn,d.garden_name,e.building_name,u.manager_name,l.is_exit,l.expire_time FROM bill a join customer b on a.customer_id = b.customer_id join room c on a.room_id = c.room_id join user u on a.manager_id = u.manager_id join garden d on u.garden_id = d.garden_id join building e on u.building_id = e.building_id join lease l on a.lease_id = l.lease_id  WHERE a.is_delete = 0 AND a.manager_id = '1' ORDER BY a.create_time asc LIMIT 0,10   [ RunTime:0.0006s ]
INFO: [ app_end ] --START--
INFO: Run Behavior\ShowPageTraceBehavior [ RunTime:0.000767s ]
INFO: [ app_end ] --END-- [ RunTime:0.000847s ]

[ 2021-05-08T22:00:11+08:00 ] 127.0.0.1 /admin.php/Bill/getBillList?page=4&limit=10&key1=&key2=&last_time=&time=
INFO: [ app_init ] --START--
INFO: Run Behavior\BuildLiteBehavior [ RunTime:0.000011s ]
INFO: [ app_init ] --END-- [ RunTime:0.000526s ]
INFO: [ app_begin ] --START--
INFO: Run Behavior\ReadHtmlCacheBehavior [ RunTime:0.000781s ]
INFO: [ app_begin ] --END-- [ RunTime:0.000832s ]
SQL: SHOW COLUMNS FROM `bill` [ RunTime:0.0007s ]
SQL: SELECT COUNT(*) AS tp_count FROM bill a join customer b on a.customer_id = b.customer_id join room c on a.room_id = c.room_id join user u on a.manager_id = u.manager_id join garden d on u.garden_id = d.garden_id join building e on u.building_id = e.building_id join lease l on a.lease_id = l.lease_id  WHERE a.is_delete = 0 AND a.manager_id = '1' LIMIT 1   [ RunTime:0.0021s ]
SQL: SELECT a.*,b.customer_name,b.customer_mobile,c.room_sn,d.garden_name,e.building_name,u.manager_name,l.is_exit,l.expire_time FROM bill a join customer b on a.customer_id = b.customer_id join room c on a.room_id = c.room_id join user u on a.manager_id = u.manager_id join garden d on u.garden_id = d.garden_id join building e on u.building_id = e.building_id join lease l on a.lease_id = l.lease_id  WHERE a.is_delete = 0 AND a.manager_id = '1' ORDER BY a.create_time asc LIMIT 30,10   [ RunTime:0.0005s ]
INFO: [ app_end ] --START--
INFO: Run Behavior\ShowPageTraceBehavior [ RunTime:0.000641s ]
INFO: [ app_end ] --END-- [ RunTime:0.000674s ]

