[ 2021-03-12T20:43:39+08:00 ] 127.0.0.1 /admin.php
INFO: [ app_init ] --START--
INFO: Run Behavior\BuildLiteBehavior [ RunTime:0.000010s ]
INFO: [ app_init ] --END-- [ RunTime:0.012965s ]
INFO: [ app_begin ] --START--
INFO: Run Behavior\ReadHtmlCacheBehavior [ RunTime:0.012825s ]
INFO: [ app_begin ] --END-- [ RunTime:0.012868s ]
INFO: [ view_parse ] --START--
INFO: [ template_filter ] --START--
INFO: Run Behavior\ContentReplaceBehavior [ RunTime:0.000078s ]
INFO: [ template_filter ] --END-- [ RunTime:0.000121s ]
INFO: Run Behavior\ParseTemplateBehavior [ RunTime:0.082962s ]
INFO: [ view_parse ] --END-- [ RunTime:0.083024s ]
INFO: [ view_filter ] --START--
INFO: Run Behavior\WriteHtmlCacheBehavior [ RunTime:0.007910s ]
INFO: [ view_filter ] --END-- [ RunTime:0.007951s ]
INFO: [ app_end ] --START--
INFO: Run Behavior\ShowPageTraceBehavior [ RunTime:0.002289s ]
INFO: [ app_end ] --END-- [ RunTime:0.002343s ]

[ 2021-03-12T20:43:41+08:00 ] 127.0.0.1 /admin.php/Login/login.html
INFO: [ app_init ] --START--
INFO: Run Behavior\BuildLiteBehavior [ RunTime:0.000010s ]
INFO: [ app_init ] --END-- [ RunTime:0.000540s ]
INFO: [ app_begin ] --START--
INFO: Run Behavior\ReadHtmlCacheBehavior [ RunTime:0.000724s ]
INFO: [ app_begin ] --END-- [ RunTime:0.000776s ]
INFO: [ view_parse ] --START--
INFO: [ template_filter ] --START--
INFO: Run Behavior\ContentReplaceBehavior [ RunTime:0.000045s ]
INFO: [ template_filter ] --END-- [ RunTime:0.000086s ]
INFO: Run Behavior\ParseTemplateBehavior [ RunTime:0.034566s ]
INFO: [ view_parse ] --END-- [ RunTime:0.034617s ]
INFO: [ view_filter ] --START--
INFO: Run Behavior\WriteHtmlCacheBehavior [ RunTime:0.000518s ]
INFO: [ view_filter ] --END-- [ RunTime:0.000547s ]
INFO: [ app_end ] --START--
INFO: Run Behavior\ShowPageTraceBehavior [ RunTime:0.000683s ]
INFO: [ app_end ] --END-- [ RunTime:0.000724s ]

[ 2021-03-12T20:43:42+08:00 ] 127.0.0.1 /admin.php/Login/login.html
INFO: [ app_init ] --START--
INFO: Run Behavior\BuildLiteBehavior [ RunTime:0.000009s ]
INFO: [ app_init ] --END-- [ RunTime:0.000523s ]
INFO: [ app_begin ] --START--
INFO: Run Behavior\ReadHtmlCacheBehavior [ RunTime:0.000582s ]
INFO: [ app_begin ] --END-- [ RunTime:0.000620s ]
INFO: [ view_parse ] --START--
INFO: [ template_filter ] --START--
INFO: Run Behavior\ContentReplaceBehavior [ RunTime:0.000042s ]
INFO: [ template_filter ] --END-- [ RunTime:0.000077s ]
INFO: Run Behavior\ParseTemplateBehavior [ RunTime:0.007800s ]
INFO: [ view_parse ] --END-- [ RunTime:0.007873s ]
INFO: [ view_filter ] --START--
INFO: Run Behavior\WriteHtmlCacheBehavior [ RunTime:0.000526s ]
INFO: [ view_filter ] --END-- [ RunTime:0.000555s ]
INFO: [ app_end ] --START--
INFO: Run Behavior\ShowPageTraceBehavior [ RunTime:0.000724s ]
INFO: [ app_end ] --END-- [ RunTime:0.000774s ]

[ 2021-03-12T20:43:42+08:00 ] 127.0.0.1 /admin.php/Login/verify/id/a_login_1.html
INFO: [ app_init ] --START--
INFO: Run Behavior\BuildLiteBehavior [ RunTime:0.000011s ]
INFO: [ app_init ] --END-- [ RunTime:0.000730s ]
INFO: [ app_begin ] --START--
INFO: Run Behavior\ReadHtmlCacheBehavior [ RunTime:0.000898s ]
INFO: [ app_begin ] --END-- [ RunTime:0.000949s ]
INFO: [ app_end ] --START--
INFO: Run Behavior\ShowPageTraceBehavior [ RunTime:0.001333s ]
INFO: [ app_end ] --END-- [ RunTime:0.001442s ]

[ 2021-03-12T20:43:50+08:00 ] 127.0.0.1 /admin.php/Login/toLogin
INFO: [ app_init ] --START--
INFO: Run Behavior\BuildLiteBehavior [ RunTime:0.000009s ]
INFO: [ app_init ] --END-- [ RunTime:0.000696s ]
INFO: [ app_begin ] --START--
INFO: Run Behavior\ReadHtmlCacheBehavior [ RunTime:0.000620s ]
INFO: [ app_begin ] --END-- [ RunTime:0.000651s ]
SQL: SHOW COLUMNS FROM `user` [ RunTime:0.0441s ]
SQL: SELECT * FROM `user` WHERE `name` = 'garden' AND `password` = 'e10adc3949ba59abbe56e057f20f883e' AND `is_delete` = 0 LIMIT 1   [ RunTime:0.0281s ]
SQL: SHOW COLUMNS FROM `garden` [ RunTime:0.0012s ]
SQL: SELECT * FROM `garden` WHERE `garden_id` = 1 LIMIT 1   [ RunTime:0.0005s ]

[ 2021-03-12T20:43:53+08:00 ] 127.0.0.1 /admin.php/Index/index.html
INFO: [ app_init ] --START--
INFO: Run Behavior\BuildLiteBehavior [ RunTime:0.000012s ]
INFO: [ app_init ] --END-- [ RunTime:0.000566s ]
INFO: [ app_begin ] --START--
INFO: Run Behavior\ReadHtmlCacheBehavior [ RunTime:0.000621s ]
INFO: [ app_begin ] --END-- [ RunTime:0.000669s ]
SQL: SHOW COLUMNS FROM `garden` [ RunTime:0.0014s ]
SQL: SELECT * FROM `garden` WHERE `garden_id` = 1 AND `is_delete` = 0 LIMIT 1   [ RunTime:0.0004s ]
INFO: [ view_parse ] --START--
INFO: [ template_filter ] --START--
INFO: Run Behavior\ContentReplaceBehavior [ RunTime:0.000102s ]
INFO: [ template_filter ] --END-- [ RunTime:0.000150s ]
INFO: Run Behavior\ParseTemplateBehavior [ RunTime:0.029023s ]
INFO: [ view_parse ] --END-- [ RunTime:0.029159s ]
INFO: [ view_filter ] --START--
INFO: Run Behavior\WriteHtmlCacheBehavior [ RunTime:0.000779s ]
INFO: [ view_filter ] --END-- [ RunTime:0.000816s ]
INFO: [ app_end ] --START--
INFO: Run Behavior\ShowPageTraceBehavior [ RunTime:0.000602s ]
INFO: [ app_end ] --END-- [ RunTime:0.000631s ]

[ 2021-03-12T20:43:54+08:00 ] 127.0.0.1 /admin.php/Index/welcome.html
INFO: [ app_init ] --START--
INFO: Run Behavior\BuildLiteBehavior [ RunTime:0.000011s ]
INFO: [ app_init ] --END-- [ RunTime:0.000618s ]
INFO: [ app_begin ] --START--
INFO: Run Behavior\ReadHtmlCacheBehavior [ RunTime:0.000600s ]
INFO: [ app_begin ] --END-- [ RunTime:0.000648s ]
SQL: SHOW COLUMNS FROM `room` [ RunTime:0.0015s ]
SQL: SELECT COUNT(*) AS tp_count FROM `room` WHERE `is_delete` = 0 AND `manager_id` = 1 LIMIT 1   [ RunTime:0.0358s ]
SQL: SELECT COUNT(*) AS tp_count FROM `room` WHERE `is_delete` = 0 AND `manager_id` = 1 AND `room_status` = 1 LIMIT 1   [ RunTime:0.0004s ]
SQL: SELECT VERSION() as ver; [ RunTime:0.0164s ]
INFO: [ view_parse ] --START--
INFO: [ template_filter ] --START--
INFO: Run Behavior\ContentReplaceBehavior [ RunTime:0.000096s ]
INFO: [ template_filter ] --END-- [ RunTime:0.000146s ]
NOTIC: [8] Undefined variable: data D:\phpstudy_pro\WWW\poms\Application\Runtime\Cache\Manage\1e288adad12e0bfd37a0b3a2cdaf852e.php 第 71 行.
NOTIC: [8] Undefined variable: data D:\phpstudy_pro\WWW\poms\Application\Runtime\Cache\Manage\1e288adad12e0bfd37a0b3a2cdaf852e.php 第 78 行.
NOTIC: [8] Undefined variable: data D:\phpstudy_pro\WWW\poms\Application\Runtime\Cache\Manage\1e288adad12e0bfd37a0b3a2cdaf852e.php 第 85 行.
INFO: Run Behavior\ParseTemplateBehavior [ RunTime:0.023550s ]
INFO: [ view_parse ] --END-- [ RunTime:0.023610s ]
INFO: [ view_filter ] --START--
INFO: Run Behavior\WriteHtmlCacheBehavior [ RunTime:0.000489s ]
INFO: [ view_filter ] --END-- [ RunTime:0.000519s ]
INFO: [ app_end ] --START--
INFO: Run Behavior\ShowPageTraceBehavior [ RunTime:0.000696s ]
INFO: [ app_end ] --END-- [ RunTime:0.000734s ]

[ 2021-03-12T20:43:54+08:00 ] 127.0.0.1 /admin.php/Index/welcomeList
INFO: [ app_init ] --START--
INFO: Run Behavior\BuildLiteBehavior [ RunTime:0.000009s ]
INFO: [ app_init ] --END-- [ RunTime:0.000464s ]
INFO: [ app_begin ] --START--
INFO: Run Behavior\ReadHtmlCacheBehavior [ RunTime:0.000505s ]
INFO: [ app_begin ] --END-- [ RunTime:0.000536s ]
SQL: SHOW COLUMNS FROM `bill` [ RunTime:0.0012s ]
SQL: SELECT * FROM `bill` WHERE `is_delete` = 0 AND `manager_id` = 1 AND `bill_type` = 1  [ RunTime:0.0027s ]
SQL: SELECT * FROM `bill` WHERE `is_delete` = 0 AND `manager_id` = 1 AND `bill_type` = 3  [ RunTime:0.0003s ]
SQL: SELECT * FROM `bill` WHERE `is_delete` = 0 AND `manager_id` = 1 AND `bill_type` = 2  [ RunTime:0.0003s ]
SQL: SELECT * FROM `bill` WHERE `is_delete` = 0 AND `manager_id` = 1 AND `pay_status` = 1 AND `bill_type` = 1  [ RunTime:0.0005s ]
SQL: SELECT * FROM `bill` WHERE `is_delete` = 0 AND `manager_id` = 1 AND `pay_status` = 1 AND `bill_type` = 3  [ RunTime:0.0004s ]
SQL: SELECT * FROM `bill` WHERE `is_delete` = 0 AND `manager_id` = 1 AND `pay_status` = 1 AND `bill_type` = 2  [ RunTime:0.0003s ]
INFO: [ app_end ] --START--
INFO: Run Behavior\ShowPageTraceBehavior [ RunTime:0.001024s ]
INFO: [ app_end ] --END-- [ RunTime:0.001076s ]

[ 2021-03-12T20:44:03+08:00 ] 127.0.0.1 /admin.php/Customer/index.html
INFO: [ app_init ] --START--
INFO: Run Behavior\BuildLiteBehavior [ RunTime:0.000012s ]
INFO: [ app_init ] --END-- [ RunTime:0.000618s ]
INFO: [ app_begin ] --START--
INFO: Run Behavior\ReadHtmlCacheBehavior [ RunTime:0.000901s ]
INFO: [ app_begin ] --END-- [ RunTime:0.000973s ]
INFO: [ view_parse ] --START--
INFO: [ template_filter ] --START--
INFO: Run Behavior\ContentReplaceBehavior [ RunTime:0.000125s ]
INFO: [ template_filter ] --END-- [ RunTime:0.000179s ]
INFO: Run Behavior\ParseTemplateBehavior [ RunTime:0.010837s ]
INFO: [ view_parse ] --END-- [ RunTime:0.010902s ]
INFO: [ view_filter ] --START--
INFO: Run Behavior\WriteHtmlCacheBehavior [ RunTime:0.000515s ]
INFO: [ view_filter ] --END-- [ RunTime:0.000545s ]
INFO: [ app_end ] --START--
INFO: Run Behavior\ShowPageTraceBehavior [ RunTime:0.001029s ]
INFO: [ app_end ] --END-- [ RunTime:0.001065s ]

[ 2021-03-12T20:44:03+08:00 ] 127.0.0.1 /admin.php/Customer/getCustomerList?page=1&limit=10
INFO: [ app_init ] --START--
INFO: Run Behavior\BuildLiteBehavior [ RunTime:0.000011s ]
INFO: [ app_init ] --END-- [ RunTime:0.000561s ]
INFO: [ app_begin ] --START--
INFO: Run Behavior\ReadHtmlCacheBehavior [ RunTime:0.000853s ]
INFO: [ app_begin ] --END-- [ RunTime:0.000937s ]
SQL: SHOW COLUMNS FROM `customer` [ RunTime:0.0008s ]
SQL: SELECT * FROM `customer` WHERE `is_delete` = 0 AND `manager_id` = 1 ORDER BY customer_id LIMIT 0,10   [ RunTime:0.0539s ]
SQL: SELECT * FROM `customer` WHERE `is_delete` = 0 AND `manager_id` = 1  [ RunTime:0.0004s ]
SQL: SHOW COLUMNS FROM `user` [ RunTime:0.0009s ]
SQL: SELECT * FROM `user` WHERE `manager_id` = 1 LIMIT 1   [ RunTime:0.0003s ]
SQL: SELECT * FROM `user` WHERE `manager_id` = 1 LIMIT 1   [ RunTime:0.0002s ]
SQL: SELECT * FROM `user` WHERE `manager_id` = 1 LIMIT 1   [ RunTime:0.0002s ]
SQL: SELECT * FROM `user` WHERE `manager_id` = 1 LIMIT 1   [ RunTime:0.0003s ]
SQL: SELECT * FROM `user` WHERE `manager_id` = 1 LIMIT 1   [ RunTime:0.0002s ]
SQL: SELECT * FROM `user` WHERE `manager_id` = 1 LIMIT 1   [ RunTime:0.0002s ]
SQL: SELECT * FROM `user` WHERE `manager_id` = 1 LIMIT 1   [ RunTime:0.0001s ]
SQL: SELECT * FROM `user` WHERE `manager_id` = 1 LIMIT 1   [ RunTime:0.0001s ]
SQL: SELECT * FROM `user` WHERE `manager_id` = 1 LIMIT 1   [ RunTime:0.0001s ]
SQL: SELECT * FROM `user` WHERE `manager_id` = 1 LIMIT 1   [ RunTime:0.0001s ]

[ 2021-03-12T20:47:05+08:00 ] 127.0.0.1 /admin.php/Customer/getCustomerList?page=2&limit=10
INFO: [ app_init ] --START--
INFO: Run Behavior\BuildLiteBehavior [ RunTime:0.000010s ]
INFO: [ app_init ] --END-- [ RunTime:0.000707s ]
INFO: [ app_begin ] --START--
INFO: Run Behavior\ReadHtmlCacheBehavior [ RunTime:0.000682s ]
INFO: [ app_begin ] --END-- [ RunTime:0.000727s ]
SQL: SHOW COLUMNS FROM `customer` [ RunTime:0.0009s ]
SQL: SELECT * FROM `customer` WHERE `is_delete` = 0 AND `manager_id` = 1 ORDER BY customer_id LIMIT 10,10   [ RunTime:0.0005s ]
SQL: SELECT * FROM `customer` WHERE `is_delete` = 0 AND `manager_id` = 1  [ RunTime:0.0003s ]
SQL: SHOW COLUMNS FROM `user` [ RunTime:0.0008s ]
SQL: SELECT * FROM `user` WHERE `manager_id` = 1 LIMIT 1   [ RunTime:0.0003s ]
SQL: SELECT * FROM `user` WHERE `manager_id` = 1 LIMIT 1   [ RunTime:0.0002s ]

[ 2021-03-12T20:47:06+08:00 ] 127.0.0.1 /admin.php/Customer/getCustomerList?page=1&limit=10
INFO: [ app_init ] --START--
INFO: Run Behavior\BuildLiteBehavior [ RunTime:0.000012s ]
INFO: [ app_init ] --END-- [ RunTime:0.000659s ]
INFO: [ app_begin ] --START--
INFO: Run Behavior\ReadHtmlCacheBehavior [ RunTime:0.000629s ]
INFO: [ app_begin ] --END-- [ RunTime:0.000672s ]
SQL: SHOW COLUMNS FROM `customer` [ RunTime:0.0009s ]
SQL: SELECT * FROM `customer` WHERE `is_delete` = 0 AND `manager_id` = 1 ORDER BY customer_id LIMIT 0,10   [ RunTime:0.0004s ]
SQL: SELECT * FROM `customer` WHERE `is_delete` = 0 AND `manager_id` = 1  [ RunTime:0.0003s ]
SQL: SHOW COLUMNS FROM `user` [ RunTime:0.0006s ]
SQL: SELECT * FROM `user` WHERE `manager_id` = 1 LIMIT 1   [ RunTime:0.0003s ]
SQL: SELECT * FROM `user` WHERE `manager_id` = 1 LIMIT 1   [ RunTime:0.0002s ]
SQL: SELECT * FROM `user` WHERE `manager_id` = 1 LIMIT 1   [ RunTime:0.0002s ]
SQL: SELECT * FROM `user` WHERE `manager_id` = 1 LIMIT 1   [ RunTime:0.0002s ]
SQL: SELECT * FROM `user` WHERE `manager_id` = 1 LIMIT 1   [ RunTime:0.0002s ]
SQL: SELECT * FROM `user` WHERE `manager_id` = 1 LIMIT 1   [ RunTime:0.0002s ]
SQL: SELECT * FROM `user` WHERE `manager_id` = 1 LIMIT 1   [ RunTime:0.0002s ]
SQL: SELECT * FROM `user` WHERE `manager_id` = 1 LIMIT 1   [ RunTime:0.0002s ]
SQL: SELECT * FROM `user` WHERE `manager_id` = 1 LIMIT 1   [ RunTime:0.0002s ]
SQL: SELECT * FROM `user` WHERE `manager_id` = 1 LIMIT 1   [ RunTime:0.0002s ]

[ 2021-03-12T20:55:02+08:00 ] 127.0.0.1 /admin.php/Login/logout.html
INFO: [ app_init ] --START--
INFO: Run Behavior\BuildLiteBehavior [ RunTime:0.000011s ]
INFO: [ app_init ] --END-- [ RunTime:0.000712s ]
INFO: [ app_begin ] --START--
INFO: Run Behavior\ReadHtmlCacheBehavior [ RunTime:0.000800s ]
INFO: [ app_begin ] --END-- [ RunTime:0.000880s ]

[ 2021-03-12T20:55:02+08:00 ] 127.0.0.1 /admin.php/Login/login.html
INFO: [ app_init ] --START--
INFO: Run Behavior\BuildLiteBehavior [ RunTime:0.000010s ]
INFO: [ app_init ] --END-- [ RunTime:0.000513s ]
INFO: [ app_begin ] --START--
INFO: Run Behavior\ReadHtmlCacheBehavior [ RunTime:0.000837s ]
INFO: [ app_begin ] --END-- [ RunTime:0.000892s ]
INFO: [ view_parse ] --START--
INFO: [ template_filter ] --START--
INFO: Run Behavior\ContentReplaceBehavior [ RunTime:0.000051s ]
INFO: [ template_filter ] --END-- [ RunTime:0.000101s ]
INFO: Run Behavior\ParseTemplateBehavior [ RunTime:0.010175s ]
INFO: [ view_parse ] --END-- [ RunTime:0.010232s ]
INFO: [ view_filter ] --START--
INFO: Run Behavior\WriteHtmlCacheBehavior [ RunTime:0.002171s ]
INFO: [ view_filter ] --END-- [ RunTime:0.002221s ]
INFO: [ app_end ] --START--
INFO: Run Behavior\ShowPageTraceBehavior [ RunTime:0.001394s ]
INFO: [ app_end ] --END-- [ RunTime:0.001475s ]

[ 2021-03-12T20:55:02+08:00 ] 127.0.0.1 /admin.php/Login/verify/id/a_login_1.html
INFO: [ app_init ] --START--
INFO: Run Behavior\BuildLiteBehavior [ RunTime:0.000011s ]
INFO: [ app_init ] --END-- [ RunTime:0.000642s ]
INFO: [ app_begin ] --START--
INFO: Run Behavior\ReadHtmlCacheBehavior [ RunTime:0.000625s ]
INFO: [ app_begin ] --END-- [ RunTime:0.000673s ]
INFO: [ app_end ] --START--
INFO: Run Behavior\ShowPageTraceBehavior [ RunTime:0.000943s ]
INFO: [ app_end ] --END-- [ RunTime:0.001011s ]

