[ 2021-03-25T16:04:23+08:00 ] 127.0.0.1 /lessee.php
INFO: [ app_init ] --START--
INFO: Run Behavior\BuildLiteBehavior [ RunTime:0.000012s ]
INFO: [ app_init ] --END-- [ RunTime:0.001289s ]
INFO: [ app_begin ] --START--
INFO: Run Behavior\ReadHtmlCacheBehavior [ RunTime:0.012019s ]
INFO: [ app_begin ] --END-- [ RunTime:0.012071s ]
INFO: [ view_parse ] --START--
INFO: [ template_filter ] --START--
INFO: Run Behavior\ContentReplaceBehavior [ RunTime:0.000180s ]
INFO: [ template_filter ] --END-- [ RunTime:0.000219s ]
INFO: Run Behavior\ParseTemplateBehavior [ RunTime:0.066738s ]
INFO: [ view_parse ] --END-- [ RunTime:0.066784s ]
INFO: [ view_filter ] --START--
INFO: Run Behavior\WriteHtmlCacheBehavior [ RunTime:0.012491s ]
INFO: [ view_filter ] --END-- [ RunTime:0.012527s ]
INFO: [ app_end ] --START--
INFO: Run Behavior\ShowPageTraceBehavior [ RunTime:0.000882s ]
INFO: [ app_end ] --END-- [ RunTime:0.000912s ]

[ 2021-03-25T16:04:24+08:00 ] 127.0.0.1 /lessee.php/Login/login.html
INFO: [ app_init ] --START--
INFO: Run Behavior\BuildLiteBehavior [ RunTime:0.000011s ]
INFO: [ app_init ] --END-- [ RunTime:0.000558s ]
INFO: [ app_begin ] --START--
INFO: Run Behavior\ReadHtmlCacheBehavior [ RunTime:0.000661s ]
INFO: [ app_begin ] --END-- [ RunTime:0.000703s ]
INFO: [ view_parse ] --START--
INFO: [ template_filter ] --START--
INFO: Run Behavior\ContentReplaceBehavior [ RunTime:0.000650s ]
INFO: [ template_filter ] --END-- [ RunTime:0.000794s ]
INFO: Run Behavior\ParseTemplateBehavior [ RunTime:0.058674s ]
INFO: [ view_parse ] --END-- [ RunTime:0.058791s ]
INFO: [ view_filter ] --START--
INFO: Run Behavior\WriteHtmlCacheBehavior [ RunTime:0.001680s ]
INFO: [ view_filter ] --END-- [ RunTime:0.001824s ]
INFO: [ app_end ] --START--
INFO: Run Behavior\ShowPageTraceBehavior [ RunTime:0.002164s ]
INFO: [ app_end ] --END-- [ RunTime:0.002292s ]

[ 2021-03-25T16:04:24+08:00 ] 127.0.0.1 /lessee.php/Login/verify/id/a_login_1.html
INFO: [ app_init ] --START--
INFO: Run Behavior\BuildLiteBehavior [ RunTime:0.000011s ]
INFO: [ app_init ] --END-- [ RunTime:0.000537s ]
INFO: [ app_begin ] --START--
INFO: Run Behavior\ReadHtmlCacheBehavior [ RunTime:0.000763s ]
INFO: [ app_begin ] --END-- [ RunTime:0.000810s ]
INFO: [ app_end ] --START--
INFO: Run Behavior\ShowPageTraceBehavior [ RunTime:0.000751s ]
INFO: [ app_end ] --END-- [ RunTime:0.000805s ]

[ 2021-03-25T16:04:34+08:00 ] 127.0.0.1 /lessee.php/Login/toLogin
INFO: [ app_init ] --START--
INFO: Run Behavior\BuildLiteBehavior [ RunTime:0.000008s ]
INFO: [ app_init ] --END-- [ RunTime:0.000559s ]
INFO: [ app_begin ] --START--
INFO: Run Behavior\ReadHtmlCacheBehavior [ RunTime:0.000815s ]
INFO: [ app_begin ] --END-- [ RunTime:0.000906s ]

[ 2021-03-25T16:04:34+08:00 ] 127.0.0.1 /lessee.php/Login/verify/id/a_login_1.html
INFO: [ app_init ] --START--
INFO: Run Behavior\BuildLiteBehavior [ RunTime:0.000012s ]
INFO: [ app_init ] --END-- [ RunTime:0.000583s ]
INFO: [ app_begin ] --START--
INFO: Run Behavior\ReadHtmlCacheBehavior [ RunTime:0.000686s ]
INFO: [ app_begin ] --END-- [ RunTime:0.000724s ]
INFO: [ app_end ] --START--
INFO: Run Behavior\ShowPageTraceBehavior [ RunTime:0.000748s ]
INFO: [ app_end ] --END-- [ RunTime:0.000794s ]

[ 2021-03-25T16:04:41+08:00 ] 127.0.0.1 /lessee.php/Login/toLogin
INFO: [ app_init ] --START--
INFO: Run Behavior\BuildLiteBehavior [ RunTime:0.000009s ]
INFO: [ app_init ] --END-- [ RunTime:0.000515s ]
INFO: [ app_begin ] --START--
INFO: Run Behavior\ReadHtmlCacheBehavior [ RunTime:0.000636s ]
INFO: [ app_begin ] --END-- [ RunTime:0.000670s ]
SQL: SHOW COLUMNS FROM `customer` [ RunTime:0.0918s ]
SQL: SELECT * FROM `customer` WHERE `customer_mobile` = '13860900767' AND `password` = 'e10adc3949ba59abbe56e057f20f883e' AND `is_delete` = 0 LIMIT 1   [ RunTime:0.0012s ]
SQL: SELECT * FROM customer a INNER JOIN lease b on a.customer_id = b.customer_id  WHERE a.customer_id = '19' AND b.is_delete = 0 AND b.is_exit = 0 AND b.expire_time >= 1616659481  [ RunTime:0.0022s ]

[ 2021-03-25T16:04:44+08:00 ] 127.0.0.1 /lessee.php/Index/index.html
INFO: [ app_init ] --START--
INFO: Run Behavior\BuildLiteBehavior [ RunTime:0.000010s ]
INFO: [ app_init ] --END-- [ RunTime:0.000509s ]
INFO: [ app_begin ] --START--
INFO: Run Behavior\ReadHtmlCacheBehavior [ RunTime:0.000619s ]
INFO: [ app_begin ] --END-- [ RunTime:0.000662s ]
INFO: [ view_parse ] --START--
INFO: [ template_filter ] --START--
INFO: Run Behavior\ContentReplaceBehavior [ RunTime:0.000361s ]
INFO: [ template_filter ] --END-- [ RunTime:0.002966s ]
NOTIC: [8] Undefined variable: roomInfo D:\phpstudy_pro\WWW\poms\Application\Runtime\Cache\Lessee\3346cab090b03bb836119376e2a0e50f.php 第 33 行.
INFO: Run Behavior\ParseTemplateBehavior [ RunTime:0.050106s ]
INFO: [ view_parse ] --END-- [ RunTime:0.050159s ]
INFO: [ view_filter ] --START--
INFO: Run Behavior\WriteHtmlCacheBehavior [ RunTime:0.000612s ]
INFO: [ view_filter ] --END-- [ RunTime:0.000653s ]
INFO: [ app_end ] --START--
INFO: Run Behavior\ShowPageTraceBehavior [ RunTime:0.000925s ]
INFO: [ app_end ] --END-- [ RunTime:0.000969s ]

[ 2021-03-25T16:04:46+08:00 ] 127.0.0.1 /lessee.php/Index/getBillList
INFO: [ app_init ] --START--
INFO: Run Behavior\BuildLiteBehavior [ RunTime:0.000012s ]
INFO: [ app_init ] --END-- [ RunTime:0.000847s ]
INFO: [ app_begin ] --START--
INFO: Run Behavior\ReadHtmlCacheBehavior [ RunTime:0.000699s ]
INFO: [ app_begin ] --END-- [ RunTime:0.000761s ]
SQL: SHOW COLUMNS FROM `bill` [ RunTime:0.0020s ]
SQL: SELECT * FROM bill a join room b on a.room_id = b.room_id  WHERE a.is_delete = 0 AND a.customer_id = '19' ORDER BY a.create_time asc  [ RunTime:0.0169s ]
INFO: [ app_end ] --START--
INFO: Run Behavior\ShowPageTraceBehavior [ RunTime:0.000702s ]
INFO: [ app_end ] --END-- [ RunTime:0.000738s ]

[ 2021-03-25T16:04:46+08:00 ] 127.0.0.1 /lessee.php/Index/per_center
INFO: [ app_init ] --START--
INFO: Run Behavior\BuildLiteBehavior [ RunTime:0.000010s ]
INFO: [ app_init ] --END-- [ RunTime:0.000805s ]
INFO: [ app_begin ] --START--
INFO: Run Behavior\ReadHtmlCacheBehavior [ RunTime:0.000571s ]
INFO: [ app_begin ] --END-- [ RunTime:0.000621s ]
INFO: [ view_parse ] --START--
INFO: [ template_filter ] --START--
INFO: Run Behavior\ContentReplaceBehavior [ RunTime:0.000081s ]
INFO: [ template_filter ] --END-- [ RunTime:0.000156s ]
NOTIC: [8] Undefined variable: customer_name D:\phpstudy_pro\WWW\poms\Application\Runtime\Cache\Lessee\df9c1c077fe82a6728dd8f08e8d3d427.php 第 21 行.
INFO: Run Behavior\ParseTemplateBehavior [ RunTime:0.051429s ]
INFO: [ view_parse ] --END-- [ RunTime:0.051580s ]
INFO: [ view_filter ] --START--
INFO: Run Behavior\WriteHtmlCacheBehavior [ RunTime:0.000522s ]
INFO: [ view_filter ] --END-- [ RunTime:0.000548s ]
INFO: [ app_end ] --START--
INFO: Run Behavior\ShowPageTraceBehavior [ RunTime:0.000575s ]
INFO: [ app_end ] --END-- [ RunTime:0.000605s ]

[ 2021-03-25T16:04:47+08:00 ] 127.0.0.1 /lessee.php/Index/getCustomer
INFO: [ app_init ] --START--
INFO: Run Behavior\BuildLiteBehavior [ RunTime:0.000010s ]
INFO: [ app_init ] --END-- [ RunTime:0.000541s ]
INFO: [ app_begin ] --START--
INFO: Run Behavior\ReadHtmlCacheBehavior [ RunTime:0.000552s ]
INFO: [ app_begin ] --END-- [ RunTime:0.000618s ]
SQL: SHOW COLUMNS FROM `customer` [ RunTime:0.0021s ]
SQL: SELECT * FROM `customer` WHERE `customer_id` = 19 LIMIT 1   [ RunTime:0.0005s ]
INFO: [ app_end ] --START--
INFO: Run Behavior\ShowPageTraceBehavior [ RunTime:0.001205s ]
INFO: [ app_end ] --END-- [ RunTime:0.001256s ]

[ 2021-03-25T16:04:47+08:00 ] 127.0.0.1 /lessee.php/Index/getRoomInfo
INFO: [ app_init ] --START--
INFO: Run Behavior\BuildLiteBehavior [ RunTime:0.000010s ]
INFO: [ app_init ] --END-- [ RunTime:0.000618s ]
INFO: [ app_begin ] --START--
INFO: Run Behavior\ReadHtmlCacheBehavior [ RunTime:0.000653s ]
INFO: [ app_begin ] --END-- [ RunTime:0.000689s ]
SQL: SHOW COLUMNS FROM `customer` [ RunTime:0.0019s ]
SQL: SELECT a.customer_name,e.garden_name,f.building_name,c.room_sn FROM customer a join lease b on a.customer_id = b.customer_id join room c on b.room_id = c.room_id join user d on a.manager_id = d.manager_id join garden e on d.garden_id = e.garden_id join building f on d.building_id = f.building_id  WHERE a.is_delete = 0 AND a.manager_id = '1' AND a.customer_id = '19' AND b.expire_time >= 1616659487  [ RunTime:0.0171s ]
INFO: [ app_end ] --START--
INFO: Run Behavior\ShowPageTraceBehavior [ RunTime:0.000752s ]
INFO: [ app_end ] --END-- [ RunTime:0.000783s ]

[ 2021-03-25T16:04:47+08:00 ] 127.0.0.1 /lessee.php/Index/getAverageCost
INFO: [ app_init ] --START--
INFO: Run Behavior\BuildLiteBehavior [ RunTime:0.000009s ]
INFO: [ app_init ] --END-- [ RunTime:0.000601s ]
INFO: [ app_begin ] --START--
INFO: Run Behavior\ReadHtmlCacheBehavior [ RunTime:0.000704s ]
INFO: [ app_begin ] --END-- [ RunTime:0.000743s ]
SQL: SHOW COLUMNS FROM `bill` [ RunTime:0.0020s ]
SQL: SELECT * FROM `bill` WHERE `customer_id` = 19 AND `is_delete` = 0 AND `bill_type` = 2  [ RunTime:0.0005s ]
SQL: SELECT * FROM `bill` WHERE `customer_id` = 19 AND `is_delete` = 0 AND `bill_type` = 3  [ RunTime:0.0003s ]
INFO: [ app_end ] --START--
INFO: Run Behavior\ShowPageTraceBehavior [ RunTime:0.000846s ]
INFO: [ app_end ] --END-- [ RunTime:0.000877s ]

[ 2021-03-25T16:05:49+08:00 ] 127.0.0.1 /lessee.php/Index/per_center
INFO: [ app_init ] --START--
INFO: Run Behavior\BuildLiteBehavior [ RunTime:0.000010s ]
INFO: [ app_init ] --END-- [ RunTime:0.000613s ]
INFO: [ app_begin ] --START--
INFO: Run Behavior\ReadHtmlCacheBehavior [ RunTime:0.000558s ]
INFO: [ app_begin ] --END-- [ RunTime:0.000592s ]
INFO: [ view_parse ] --START--
INFO: [ template_filter ] --START--
INFO: Run Behavior\ContentReplaceBehavior [ RunTime:0.000077s ]
INFO: [ template_filter ] --END-- [ RunTime:0.000112s ]
NOTIC: [8] Undefined variable: customer_name D:\phpstudy_pro\WWW\poms\Application\Runtime\Cache\Lessee\df9c1c077fe82a6728dd8f08e8d3d427.php 第 21 行.
INFO: Run Behavior\ParseTemplateBehavior [ RunTime:0.017783s ]
INFO: [ view_parse ] --END-- [ RunTime:0.018346s ]
INFO: [ view_filter ] --START--
INFO: Run Behavior\WriteHtmlCacheBehavior [ RunTime:0.000582s ]
INFO: [ view_filter ] --END-- [ RunTime:0.000609s ]
INFO: [ app_end ] --START--
INFO: Run Behavior\ShowPageTraceBehavior [ RunTime:0.000598s ]
INFO: [ app_end ] --END-- [ RunTime:0.000625s ]

[ 2021-03-25T16:05:49+08:00 ] 127.0.0.1 /lessee.php/Index/getCustomer
INFO: [ app_init ] --START--
INFO: Run Behavior\BuildLiteBehavior [ RunTime:0.000011s ]
INFO: [ app_init ] --END-- [ RunTime:0.000517s ]
INFO: [ app_begin ] --START--
INFO: Run Behavior\ReadHtmlCacheBehavior [ RunTime:0.000594s ]
INFO: [ app_begin ] --END-- [ RunTime:0.000632s ]
SQL: SHOW COLUMNS FROM `customer` [ RunTime:0.0021s ]
SQL: SELECT * FROM `customer` WHERE `customer_id` = 19 LIMIT 1   [ RunTime:0.0004s ]
INFO: [ app_end ] --START--
INFO: Run Behavior\ShowPageTraceBehavior [ RunTime:0.000717s ]
INFO: [ app_end ] --END-- [ RunTime:0.000781s ]

